[2024-05-21T14:29:46.235+0000] {local_task_job_runner.py:120} INFO - ::group::Pre task execution logs
[2024-05-21T14:29:46.256+0000] {taskinstance.py:2076} INFO - Dependencies all met for dep_context=non-requeueable deps ti=<TaskInstance: our_dag_with_python_operator_v07.greet scheduled__2021-10-23T00:00:00+00:00 [queued]>
[2024-05-21T14:29:46.267+0000] {taskinstance.py:2076} INFO - Dependencies all met for dep_context=requeueable deps ti=<TaskInstance: our_dag_with_python_operator_v07.greet scheduled__2021-10-23T00:00:00+00:00 [queued]>
[2024-05-21T14:29:46.268+0000] {taskinstance.py:2306} INFO - Starting attempt 1 of 6
[2024-05-21T14:29:46.289+0000] {taskinstance.py:2330} INFO - Executing <Task(PythonOperator): greet> on 2021-10-23 00:00:00+00:00
[2024-05-21T14:29:46.295+0000] {warnings.py:110} WARNING - /home/***/.local/lib/python3.12/site-packages/***/task/task_runner/standard_task_runner.py:61: DeprecationWarning: This process (pid=2653) is multi-threaded, use of fork() may lead to deadlocks in the child.
  pid = os.fork()

[2024-05-21T14:29:46.296+0000] {standard_task_runner.py:63} INFO - Started process 2659 to run task
[2024-05-21T14:29:46.296+0000] {standard_task_runner.py:90} INFO - Running: ['***', 'tasks', 'run', 'our_dag_with_python_operator_v07', 'greet', 'scheduled__2021-10-23T00:00:00+00:00', '--job-id', '72', '--raw', '--subdir', 'DAGS_FOLDER/second_dag.py', '--cfg-path', '/tmp/tmpxlk3595j']
[2024-05-21T14:29:46.297+0000] {standard_task_runner.py:91} INFO - Job 72: Subtask greet
[2024-05-21T14:29:46.337+0000] {task_command.py:426} INFO - Running <TaskInstance: our_dag_with_python_operator_v07.greet scheduled__2021-10-23T00:00:00+00:00 [running]> on host c420abfdc210
[2024-05-21T14:29:46.416+0000] {taskinstance.py:2648} INFO - Exporting env vars: AIRFLOW_CTX_DAG_OWNER='test' AIRFLOW_CTX_DAG_ID='our_dag_with_python_operator_v07' AIRFLOW_CTX_TASK_ID='greet' AIRFLOW_CTX_EXECUTION_DATE='2021-10-23T00:00:00+00:00' AIRFLOW_CTX_TRY_NUMBER='1' AIRFLOW_CTX_DAG_RUN_ID='scheduled__2021-10-23T00:00:00+00:00'
[2024-05-21T14:29:46.416+0000] {taskinstance.py:430} INFO - ::endgroup::
[2024-05-21T14:29:46.425+0000] {logging_mixin.py:188} INFO - some dict:  {'a': 1, 'b': 2}
[2024-05-21T14:29:46.445+0000] {logging_mixin.py:188} INFO - Hello World! My name is Jerry Fridman, and I am 19 years old!
[2024-05-21T14:29:46.446+0000] {python.py:237} INFO - Done. Returned value was: None
[2024-05-21T14:29:46.447+0000] {taskinstance.py:441} INFO - ::group::Post task execution logs
[2024-05-21T14:29:46.454+0000] {taskinstance.py:1206} INFO - Marking task as SUCCESS. dag_id=our_dag_with_python_operator_v07, task_id=greet, run_id=scheduled__2021-10-23T00:00:00+00:00, execution_date=20211023T000000, start_date=20240521T142946, end_date=20240521T142946
[2024-05-21T14:29:46.470+0000] {local_task_job_runner.py:240} INFO - Task exited with return code 0
[2024-05-21T14:29:46.484+0000] {taskinstance.py:3498} INFO - 0 downstream tasks scheduled from follow-on schedule check
[2024-05-21T14:29:46.487+0000] {local_task_job_runner.py:222} INFO - ::endgroup::
