[2024-05-27T16:26:50.371+0000] {local_task_job_runner.py:120} INFO - ::group::Pre task execution logs
[2024-05-27T16:26:50.389+0000] {taskinstance.py:2076} INFO - Dependencies all met for dep_context=non-requeueable deps ti=<TaskInstance: get_data_from_pss.fetch_and_store_data manual__2024-05-27T16:26:49.754886+00:00 [queued]>
[2024-05-27T16:26:50.396+0000] {taskinstance.py:2076} INFO - Dependencies all met for dep_context=requeueable deps ti=<TaskInstance: get_data_from_pss.fetch_and_store_data manual__2024-05-27T16:26:49.754886+00:00 [queued]>
[2024-05-27T16:26:50.397+0000] {taskinstance.py:2306} INFO - Starting attempt 1 of 6
[2024-05-27T16:26:50.408+0000] {taskinstance.py:2330} INFO - Executing <Task(PythonOperator): fetch_and_store_data> on 2024-05-27 16:26:49.754886+00:00
[2024-05-27T16:26:50.413+0000] {warnings.py:110} WARNING - /home/***/.local/lib/python3.12/site-packages/***/task/task_runner/standard_task_runner.py:61: DeprecationWarning: This process (pid=188) is multi-threaded, use of fork() may lead to deadlocks in the child.
  pid = os.fork()

[2024-05-27T16:26:50.415+0000] {standard_task_runner.py:63} INFO - Started process 189 to run task
[2024-05-27T16:26:50.414+0000] {standard_task_runner.py:90} INFO - Running: ['***', 'tasks', 'run', 'get_data_from_pss', 'fetch_and_store_data', 'manual__2024-05-27T16:26:49.754886+00:00', '--job-id', '162', '--raw', '--subdir', 'DAGS_FOLDER/extract_datafrom_pss.py', '--cfg-path', '/tmp/tmpwc5r2t_2']
[2024-05-27T16:26:50.417+0000] {standard_task_runner.py:91} INFO - Job 162: Subtask fetch_and_store_data
[2024-05-27T16:26:50.454+0000] {task_command.py:426} INFO - Running <TaskInstance: get_data_from_pss.fetch_and_store_data manual__2024-05-27T16:26:49.754886+00:00 [running]> on host a2673611c42c
[2024-05-27T16:26:50.516+0000] {taskinstance.py:2648} INFO - Exporting env vars: AIRFLOW_CTX_DAG_OWNER='***' AIRFLOW_CTX_DAG_ID='get_data_from_pss' AIRFLOW_CTX_TASK_ID='fetch_and_store_data' AIRFLOW_CTX_EXECUTION_DATE='2024-05-27T16:26:49.754886+00:00' AIRFLOW_CTX_TRY_NUMBER='1' AIRFLOW_CTX_DAG_RUN_ID='manual__2024-05-27T16:26:49.754886+00:00'
[2024-05-27T16:26:50.518+0000] {taskinstance.py:430} INFO - ::endgroup::
[2024-05-27T16:26:50.528+0000] {taskinstance.py:441} INFO - ::group::Post task execution logs
[2024-05-27T16:26:50.529+0000] {taskinstance.py:2905} ERROR - Task failed with exception
Traceback (most recent call last):
  File "/home/airflow/.local/lib/python3.12/site-packages/airflow/models/taskinstance.py", line 465, in _execute_task
    result = _execute_callable(context=context, **execute_callable_kwargs)
             ^^^^^^^^^^^^^^^^^^^^^^^^^^^^^^^^^^^^^^^^^^^^^^^^^^^^^^^^^^^^^
  File "/home/airflow/.local/lib/python3.12/site-packages/airflow/models/taskinstance.py", line 432, in _execute_callable
    return execute_callable(context=context, **execute_callable_kwargs)
           ^^^^^^^^^^^^^^^^^^^^^^^^^^^^^^^^^^^^^^^^^^^^^^^^^^^^^^^^^^^^
  File "/home/airflow/.local/lib/python3.12/site-packages/airflow/models/baseoperator.py", line 400, in wrapper
    return func(self, *args, **kwargs)
           ^^^^^^^^^^^^^^^^^^^^^^^^^^^
  File "/home/airflow/.local/lib/python3.12/site-packages/airflow/operators/python.py", line 235, in execute
    return_value = self.execute_callable()
                   ^^^^^^^^^^^^^^^^^^^^^^^
  File "/home/airflow/.local/lib/python3.12/site-packages/airflow/operators/python.py", line 252, in execute_callable
    return self.python_callable(*self.op_args, **self.op_kwargs)
           ^^^^^^^^^^^^^^^^^^^^^^^^^^^^^^^^^^^^^^^^^^^^^^^^^^^^^
  File "/opt/airflow/dags/extract_datafrom_pss.py", line 15, in get_data_from_pss
    response=request.get(url)
             ^^^^^^^
NameError: name 'request' is not defined. Did you mean: 'requests'?
[2024-05-27T16:26:50.540+0000] {taskinstance.py:1206} INFO - Marking task as UP_FOR_RETRY. dag_id=get_data_from_pss, task_id=fetch_and_store_data, run_id=manual__2024-05-27T16:26:49.754886+00:00, execution_date=20240527T162649, start_date=20240527T162650, end_date=20240527T162650
[2024-05-27T16:26:50.551+0000] {standard_task_runner.py:110} ERROR - Failed to execute job 162 for task fetch_and_store_data (name 'request' is not defined; 189)
[2024-05-27T16:26:50.590+0000] {local_task_job_runner.py:240} INFO - Task exited with return code 1
[2024-05-27T16:26:50.602+0000] {taskinstance.py:3498} INFO - 0 downstream tasks scheduled from follow-on schedule check
[2024-05-27T16:26:50.605+0000] {local_task_job_runner.py:222} INFO - ::endgroup::
