[2024-05-21T14:34:42.939+0000] {local_task_job_runner.py:120} INFO - ::group::Pre task execution logs
[2024-05-21T14:34:42.962+0000] {taskinstance.py:2076} INFO - Dependencies all met for dep_context=non-requeueable deps ti=<TaskInstance: our_dag_with_python_operator_v07.greet scheduled__2023-01-13T00:00:00+00:00 [queued]>
[2024-05-21T14:34:42.972+0000] {taskinstance.py:2076} INFO - Dependencies all met for dep_context=requeueable deps ti=<TaskInstance: our_dag_with_python_operator_v07.greet scheduled__2023-01-13T00:00:00+00:00 [queued]>
[2024-05-21T14:34:42.973+0000] {taskinstance.py:2306} INFO - Starting attempt 1 of 6
[2024-05-21T14:34:42.989+0000] {taskinstance.py:2330} INFO - Executing <Task(PythonOperator): greet> on 2023-01-13 00:00:00+00:00
[2024-05-21T14:34:42.996+0000] {warnings.py:110} WARNING - /home/***/.local/lib/python3.12/site-packages/***/task/task_runner/standard_task_runner.py:61: DeprecationWarning: This process (pid=5399) is multi-threaded, use of fork() may lead to deadlocks in the child.
  pid = os.fork()

[2024-05-21T14:34:42.997+0000] {standard_task_runner.py:63} INFO - Started process 5404 to run task
[2024-05-21T14:34:42.997+0000] {standard_task_runner.py:90} INFO - Running: ['***', 'tasks', 'run', 'our_dag_with_python_operator_v07', 'greet', 'scheduled__2023-01-13T00:00:00+00:00', '--job-id', '1413', '--raw', '--subdir', 'DAGS_FOLDER/second_dag.py', '--cfg-path', '/tmp/tmp8j1obckt']
[2024-05-21T14:34:42.998+0000] {standard_task_runner.py:91} INFO - Job 1413: Subtask greet
[2024-05-21T14:34:43.043+0000] {task_command.py:426} INFO - Running <TaskInstance: our_dag_with_python_operator_v07.greet scheduled__2023-01-13T00:00:00+00:00 [running]> on host c420abfdc210
[2024-05-21T14:34:43.162+0000] {taskinstance.py:2648} INFO - Exporting env vars: AIRFLOW_CTX_DAG_OWNER='test' AIRFLOW_CTX_DAG_ID='our_dag_with_python_operator_v07' AIRFLOW_CTX_TASK_ID='greet' AIRFLOW_CTX_EXECUTION_DATE='2023-01-13T00:00:00+00:00' AIRFLOW_CTX_TRY_NUMBER='1' AIRFLOW_CTX_DAG_RUN_ID='scheduled__2023-01-13T00:00:00+00:00'
[2024-05-21T14:34:43.163+0000] {taskinstance.py:430} INFO - ::endgroup::
[2024-05-21T14:34:43.173+0000] {logging_mixin.py:188} INFO - some dict:  {'a': 1, 'b': 2}
[2024-05-21T14:34:43.194+0000] {logging_mixin.py:188} INFO - Hello World! My name is Jerry Fridman, and I am 19 years old!
[2024-05-21T14:34:43.195+0000] {python.py:237} INFO - Done. Returned value was: None
[2024-05-21T14:34:43.195+0000] {taskinstance.py:441} INFO - ::group::Post task execution logs
[2024-05-21T14:34:43.203+0000] {taskinstance.py:1206} INFO - Marking task as SUCCESS. dag_id=our_dag_with_python_operator_v07, task_id=greet, run_id=scheduled__2023-01-13T00:00:00+00:00, execution_date=20230113T000000, start_date=20240521T143442, end_date=20240521T143443
[2024-05-21T14:34:43.252+0000] {local_task_job_runner.py:240} INFO - Task exited with return code 0
[2024-05-21T14:34:43.265+0000] {taskinstance.py:3498} INFO - 0 downstream tasks scheduled from follow-on schedule check
[2024-05-21T14:34:43.271+0000] {local_task_job_runner.py:222} INFO - ::endgroup::
