[2024-05-27T13:54:34.929+0000] {local_task_job_runner.py:120} INFO - ::group::Pre task execution logs
[2024-05-27T13:54:34.949+0000] {taskinstance.py:2076} INFO - Dependencies all met for dep_context=non-requeueable deps ti=<TaskInstance: dag_with_postgres_operator_v03.create_postgres_table manual__2024-05-27T13:30:06.121504+00:00 [queued]>
[2024-05-27T13:54:34.956+0000] {taskinstance.py:2076} INFO - Dependencies all met for dep_context=requeueable deps ti=<TaskInstance: dag_with_postgres_operator_v03.create_postgres_table manual__2024-05-27T13:30:06.121504+00:00 [queued]>
[2024-05-27T13:54:34.957+0000] {taskinstance.py:2306} INFO - Starting attempt 5 of 10
[2024-05-27T13:54:34.969+0000] {taskinstance.py:2330} INFO - Executing <Task(PostgresOperator): create_postgres_table> on 2024-05-27 13:30:06.121504+00:00
[2024-05-27T13:54:34.974+0000] {warnings.py:110} WARNING - /home/***/.local/lib/python3.12/site-packages/***/task/task_runner/standard_task_runner.py:61: DeprecationWarning: This process (pid=185) is multi-threaded, use of fork() may lead to deadlocks in the child.
  pid = os.fork()

[2024-05-27T13:54:34.974+0000] {standard_task_runner.py:90} INFO - Running: ['***', 'tasks', 'run', 'dag_with_postgres_operator_v03', 'create_postgres_table', 'manual__2024-05-27T13:30:06.121504+00:00', '--job-id', '130', '--raw', '--subdir', 'DAGS_FOLDER/dag_with_postgres_operator.py', '--cfg-path', '/tmp/tmplwznl6r4']
[2024-05-27T13:54:34.975+0000] {standard_task_runner.py:63} INFO - Started process 186 to run task
[2024-05-27T13:54:34.975+0000] {standard_task_runner.py:91} INFO - Job 130: Subtask create_postgres_table
[2024-05-27T13:54:35.011+0000] {task_command.py:426} INFO - Running <TaskInstance: dag_with_postgres_operator_v03.create_postgres_table manual__2024-05-27T13:30:06.121504+00:00 [running]> on host d44ae21ae39e
[2024-05-27T13:54:35.069+0000] {taskinstance.py:2648} INFO - Exporting env vars: AIRFLOW_CTX_DAG_OWNER='test' AIRFLOW_CTX_DAG_ID='dag_with_postgres_operator_v03' AIRFLOW_CTX_TASK_ID='create_postgres_table' AIRFLOW_CTX_EXECUTION_DATE='2024-05-27T13:30:06.121504+00:00' AIRFLOW_CTX_TRY_NUMBER='5' AIRFLOW_CTX_DAG_RUN_ID='manual__2024-05-27T13:30:06.121504+00:00'
[2024-05-27T13:54:35.072+0000] {taskinstance.py:430} INFO - ::endgroup::
[2024-05-27T13:54:35.081+0000] {sql.py:276} INFO - Executing: 
            create table if not exists dag_runs (
                dt date,
                dag_id character varying,
                primary key (dt, dag_id)
            )
        
[2024-05-27T13:54:35.088+0000] {base.py:84} INFO - Using connection ID 'local_host_postgres' for task execution.
[2024-05-27T13:54:35.095+0000] {base.py:84} INFO - Using connection ID 'local_host_postgres' for task execution.
[2024-05-27T13:54:35.099+0000] {taskinstance.py:441} INFO - ::group::Post task execution logs
[2024-05-27T13:54:35.099+0000] {taskinstance.py:2905} ERROR - Task failed with exception
Traceback (most recent call last):
  File "/home/airflow/.local/lib/python3.12/site-packages/airflow/models/taskinstance.py", line 465, in _execute_task
    result = _execute_callable(context=context, **execute_callable_kwargs)
             ^^^^^^^^^^^^^^^^^^^^^^^^^^^^^^^^^^^^^^^^^^^^^^^^^^^^^^^^^^^^^
  File "/home/airflow/.local/lib/python3.12/site-packages/airflow/models/taskinstance.py", line 432, in _execute_callable
    return execute_callable(context=context, **execute_callable_kwargs)
           ^^^^^^^^^^^^^^^^^^^^^^^^^^^^^^^^^^^^^^^^^^^^^^^^^^^^^^^^^^^^
  File "/home/airflow/.local/lib/python3.12/site-packages/airflow/models/baseoperator.py", line 400, in wrapper
    return func(self, *args, **kwargs)
           ^^^^^^^^^^^^^^^^^^^^^^^^^^^
  File "/home/airflow/.local/lib/python3.12/site-packages/airflow/providers/common/sql/operators/sql.py", line 282, in execute
    output = hook.run(
             ^^^^^^^^^
  File "/home/airflow/.local/lib/python3.12/site-packages/airflow/providers/common/sql/hooks/sql.py", line 411, in run
    with closing(self.get_conn()) as conn:
                 ^^^^^^^^^^^^^^^
  File "/home/airflow/.local/lib/python3.12/site-packages/airflow/providers/postgres/hooks/postgres.py", line 161, in get_conn
    self.conn = psycopg2.connect(**conn_args)
                ^^^^^^^^^^^^^^^^^^^^^^^^^^^^^
  File "/home/airflow/.local/lib/python3.12/site-packages/psycopg2/__init__.py", line 122, in connect
    conn = _connect(dsn, connection_factory=connection_factory, **kwasync)
           ^^^^^^^^^^^^^^^^^^^^^^^^^^^^^^^^^^^^^^^^^^^^^^^^^^^^^^^^^^^^^^^
psycopg2.OperationalError: could not translate host name "local.docker.internal" to address: No address associated with hostname

[2024-05-27T13:54:35.108+0000] {taskinstance.py:1206} INFO - Marking task as UP_FOR_RETRY. dag_id=dag_with_postgres_operator_v03, task_id=create_postgres_table, run_id=manual__2024-05-27T13:30:06.121504+00:00, execution_date=20240527T133006, start_date=20240527T135434, end_date=20240527T135435
[2024-05-27T13:54:35.120+0000] {standard_task_runner.py:110} ERROR - Failed to execute job 130 for task create_postgres_table (could not translate host name "local.docker.internal" to address: No address associated with hostname
; 186)
[2024-05-27T13:54:35.150+0000] {local_task_job_runner.py:240} INFO - Task exited with return code 1
[2024-05-27T13:54:35.164+0000] {taskinstance.py:3498} INFO - 0 downstream tasks scheduled from follow-on schedule check
[2024-05-27T13:54:35.167+0000] {local_task_job_runner.py:222} INFO - ::endgroup::
