[2024-05-21T14:32:23.227+0000] {local_task_job_runner.py:120} INFO - ::group::Pre task execution logs
[2024-05-21T14:32:23.258+0000] {taskinstance.py:2076} INFO - Dependencies all met for dep_context=non-requeueable deps ti=<TaskInstance: our_dag_with_python_operator_v07.greet scheduled__2022-06-06T00:00:00+00:00 [queued]>
[2024-05-21T14:32:23.268+0000] {taskinstance.py:2076} INFO - Dependencies all met for dep_context=requeueable deps ti=<TaskInstance: our_dag_with_python_operator_v07.greet scheduled__2022-06-06T00:00:00+00:00 [queued]>
[2024-05-21T14:32:23.270+0000] {taskinstance.py:2306} INFO - Starting attempt 1 of 6
[2024-05-21T14:32:23.288+0000] {taskinstance.py:2330} INFO - Executing <Task(PythonOperator): greet> on 2022-06-06 00:00:00+00:00
[2024-05-21T14:32:23.297+0000] {warnings.py:110} WARNING - /home/***/.local/lib/python3.12/site-packages/***/task/task_runner/standard_task_runner.py:61: DeprecationWarning: This process (pid=4046) is multi-threaded, use of fork() may lead to deadlocks in the child.
  pid = os.fork()

[2024-05-21T14:32:23.299+0000] {standard_task_runner.py:63} INFO - Started process 4055 to run task
[2024-05-21T14:32:23.299+0000] {standard_task_runner.py:90} INFO - Running: ['***', 'tasks', 'run', 'our_dag_with_python_operator_v07', 'greet', 'scheduled__2022-06-06T00:00:00+00:00', '--job-id', '751', '--raw', '--subdir', 'DAGS_FOLDER/second_dag.py', '--cfg-path', '/tmp/tmpbe6__43h']
[2024-05-21T14:32:23.300+0000] {standard_task_runner.py:91} INFO - Job 751: Subtask greet
[2024-05-21T14:32:23.359+0000] {task_command.py:426} INFO - Running <TaskInstance: our_dag_with_python_operator_v07.greet scheduled__2022-06-06T00:00:00+00:00 [running]> on host c420abfdc210
[2024-05-21T14:32:23.492+0000] {taskinstance.py:2648} INFO - Exporting env vars: AIRFLOW_CTX_DAG_OWNER='test' AIRFLOW_CTX_DAG_ID='our_dag_with_python_operator_v07' AIRFLOW_CTX_TASK_ID='greet' AIRFLOW_CTX_EXECUTION_DATE='2022-06-06T00:00:00+00:00' AIRFLOW_CTX_TRY_NUMBER='1' AIRFLOW_CTX_DAG_RUN_ID='scheduled__2022-06-06T00:00:00+00:00'
[2024-05-21T14:32:23.493+0000] {taskinstance.py:430} INFO - ::endgroup::
[2024-05-21T14:32:23.512+0000] {logging_mixin.py:188} INFO - some dict:  {'a': 1, 'b': 2}
[2024-05-21T14:32:23.547+0000] {logging_mixin.py:188} INFO - Hello World! My name is Jerry Fridman, and I am 19 years old!
[2024-05-21T14:32:23.549+0000] {python.py:237} INFO - Done. Returned value was: None
[2024-05-21T14:32:23.550+0000] {taskinstance.py:441} INFO - ::group::Post task execution logs
[2024-05-21T14:32:23.564+0000] {taskinstance.py:1206} INFO - Marking task as SUCCESS. dag_id=our_dag_with_python_operator_v07, task_id=greet, run_id=scheduled__2022-06-06T00:00:00+00:00, execution_date=20220606T000000, start_date=20240521T143223, end_date=20240521T143223
[2024-05-21T14:32:23.594+0000] {local_task_job_runner.py:240} INFO - Task exited with return code 0
[2024-05-21T14:32:23.606+0000] {local_task_job_runner.py:222} INFO - ::endgroup::
