[2024-05-27T14:44:35.648+0000] {local_task_job_runner.py:120} INFO - ::group::Pre task execution logs
[2024-05-27T14:44:35.665+0000] {taskinstance.py:2076} INFO - Dependencies all met for dep_context=non-requeueable deps ti=<TaskInstance: dag_with_postgres_operator_v03.insert_into_table manual__2024-05-27T14:24:28.694131+00:00 [queued]>
[2024-05-27T14:44:35.672+0000] {taskinstance.py:2076} INFO - Dependencies all met for dep_context=requeueable deps ti=<TaskInstance: dag_with_postgres_operator_v03.insert_into_table manual__2024-05-27T14:24:28.694131+00:00 [queued]>
[2024-05-27T14:44:35.674+0000] {taskinstance.py:2306} INFO - Starting attempt 5 of 6
[2024-05-27T14:44:35.686+0000] {taskinstance.py:2330} INFO - Executing <Task(PostgresOperator): insert_into_table> on 2024-05-27 14:24:28.694131+00:00
[2024-05-27T14:44:35.691+0000] {warnings.py:110} WARNING - /home/***/.local/lib/python3.12/site-packages/***/task/task_runner/standard_task_runner.py:61: DeprecationWarning: This process (pid=897) is multi-threaded, use of fork() may lead to deadlocks in the child.
  pid = os.fork()

[2024-05-27T14:44:35.692+0000] {standard_task_runner.py:63} INFO - Started process 898 to run task
[2024-05-27T14:44:35.692+0000] {standard_task_runner.py:90} INFO - Running: ['***', 'tasks', 'run', 'dag_with_postgres_operator_v03', 'insert_into_table', 'manual__2024-05-27T14:24:28.694131+00:00', '--job-id', '156', '--raw', '--subdir', 'DAGS_FOLDER/dag_with_postgres_operator.py', '--cfg-path', '/tmp/tmpqg62qmbx']
[2024-05-27T14:44:35.693+0000] {standard_task_runner.py:91} INFO - Job 156: Subtask insert_into_table
[2024-05-27T14:44:35.731+0000] {task_command.py:426} INFO - Running <TaskInstance: dag_with_postgres_operator_v03.insert_into_table manual__2024-05-27T14:24:28.694131+00:00 [running]> on host d44ae21ae39e
[2024-05-27T14:44:35.800+0000] {taskinstance.py:2648} INFO - Exporting env vars: AIRFLOW_CTX_DAG_OWNER='test' AIRFLOW_CTX_DAG_ID='dag_with_postgres_operator_v03' AIRFLOW_CTX_TASK_ID='insert_into_table' AIRFLOW_CTX_EXECUTION_DATE='2024-05-27T14:24:28.694131+00:00' AIRFLOW_CTX_TRY_NUMBER='5' AIRFLOW_CTX_DAG_RUN_ID='manual__2024-05-27T14:24:28.694131+00:00'
[2024-05-27T14:44:35.801+0000] {taskinstance.py:430} INFO - ::endgroup::
[2024-05-27T14:44:35.811+0000] {sql.py:276} INFO - Executing: 
            insert into dag_runs (dt, dag_id) values ('2024-05-27', 'test')
        
[2024-05-27T14:44:35.820+0000] {base.py:84} INFO - Using connection ID 'postgres_localhost' for task execution.
[2024-05-27T14:44:35.827+0000] {base.py:84} INFO - Using connection ID 'postgres_localhost' for task execution.
[2024-05-27T14:44:35.839+0000] {sql.py:470} INFO - Running statement: 
            insert into dag_runs (dt, dag_id) values ('2024-05-27', 'test')
        , parameters: None
[2024-05-27T14:44:35.842+0000] {taskinstance.py:441} INFO - ::group::Post task execution logs
[2024-05-27T14:44:35.842+0000] {taskinstance.py:2905} ERROR - Task failed with exception
Traceback (most recent call last):
  File "/home/airflow/.local/lib/python3.12/site-packages/airflow/models/taskinstance.py", line 465, in _execute_task
    result = _execute_callable(context=context, **execute_callable_kwargs)
             ^^^^^^^^^^^^^^^^^^^^^^^^^^^^^^^^^^^^^^^^^^^^^^^^^^^^^^^^^^^^^
  File "/home/airflow/.local/lib/python3.12/site-packages/airflow/models/taskinstance.py", line 432, in _execute_callable
    return execute_callable(context=context, **execute_callable_kwargs)
           ^^^^^^^^^^^^^^^^^^^^^^^^^^^^^^^^^^^^^^^^^^^^^^^^^^^^^^^^^^^^
  File "/home/airflow/.local/lib/python3.12/site-packages/airflow/models/baseoperator.py", line 400, in wrapper
    return func(self, *args, **kwargs)
           ^^^^^^^^^^^^^^^^^^^^^^^^^^^
  File "/home/airflow/.local/lib/python3.12/site-packages/airflow/providers/common/sql/operators/sql.py", line 282, in execute
    output = hook.run(
             ^^^^^^^^^
  File "/home/airflow/.local/lib/python3.12/site-packages/airflow/providers/common/sql/hooks/sql.py", line 418, in run
    self._run_command(cur, sql_statement, parameters)
  File "/home/airflow/.local/lib/python3.12/site-packages/airflow/providers/common/sql/hooks/sql.py", line 475, in _run_command
    cur.execute(sql_statement)
psycopg2.errors.UniqueViolation: duplicate key value violates unique constraint "dag_runs_pkey"
DETAIL:  Key (dt, dag_id)=(2024-05-27, test) already exists.

[2024-05-27T14:44:35.849+0000] {taskinstance.py:1206} INFO - Marking task as UP_FOR_RETRY. dag_id=dag_with_postgres_operator_v03, task_id=insert_into_table, run_id=manual__2024-05-27T14:24:28.694131+00:00, execution_date=20240527T142428, start_date=20240527T144435, end_date=20240527T144435
[2024-05-27T14:44:35.860+0000] {standard_task_runner.py:110} ERROR - Failed to execute job 156 for task insert_into_table (duplicate key value violates unique constraint "dag_runs_pkey"
DETAIL:  Key (dt, dag_id)=(2024-05-27, test) already exists.
; 898)
[2024-05-27T14:44:35.906+0000] {local_task_job_runner.py:240} INFO - Task exited with return code 1
[2024-05-27T14:44:35.919+0000] {taskinstance.py:3498} INFO - 0 downstream tasks scheduled from follow-on schedule check
[2024-05-27T14:44:35.922+0000] {local_task_job_runner.py:222} INFO - ::endgroup::
