[2024-05-27T14:17:48.932+0000] {local_task_job_runner.py:120} INFO - ::group::Pre task execution logs
[2024-05-27T14:17:48.948+0000] {taskinstance.py:2076} INFO - Dependencies all met for dep_context=non-requeueable deps ti=<TaskInstance: dag_with_postgres_operator_v03.create_postgres_table manual__2024-05-27T14:17:48.142869+00:00 [queued]>
[2024-05-27T14:17:48.955+0000] {taskinstance.py:2076} INFO - Dependencies all met for dep_context=requeueable deps ti=<TaskInstance: dag_with_postgres_operator_v03.create_postgres_table manual__2024-05-27T14:17:48.142869+00:00 [queued]>
[2024-05-27T14:17:48.956+0000] {taskinstance.py:2306} INFO - Starting attempt 1 of 6
[2024-05-27T14:17:48.968+0000] {taskinstance.py:2330} INFO - Executing <Task(PostgresOperator): create_postgres_table> on 2024-05-27 14:17:48.142869+00:00
[2024-05-27T14:17:48.973+0000] {warnings.py:110} WARNING - /home/***/.local/lib/python3.12/site-packages/***/task/task_runner/standard_task_runner.py:61: DeprecationWarning: This process (pid=501) is multi-threaded, use of fork() may lead to deadlocks in the child.
  pid = os.fork()

[2024-05-27T14:17:48.974+0000] {standard_task_runner.py:63} INFO - Started process 502 to run task
[2024-05-27T14:17:48.974+0000] {standard_task_runner.py:90} INFO - Running: ['***', 'tasks', 'run', 'dag_with_postgres_operator_v03', 'create_postgres_table', 'manual__2024-05-27T14:17:48.142869+00:00', '--job-id', '136', '--raw', '--subdir', 'DAGS_FOLDER/dag_with_postgres_operator.py', '--cfg-path', '/tmp/tmpml8_1mnm']
[2024-05-27T14:17:48.975+0000] {standard_task_runner.py:91} INFO - Job 136: Subtask create_postgres_table
[2024-05-27T14:17:49.011+0000] {task_command.py:426} INFO - Running <TaskInstance: dag_with_postgres_operator_v03.create_postgres_table manual__2024-05-27T14:17:48.142869+00:00 [running]> on host d44ae21ae39e
[2024-05-27T14:17:49.081+0000] {taskinstance.py:2648} INFO - Exporting env vars: AIRFLOW_CTX_DAG_OWNER='test' AIRFLOW_CTX_DAG_ID='dag_with_postgres_operator_v03' AIRFLOW_CTX_TASK_ID='create_postgres_table' AIRFLOW_CTX_EXECUTION_DATE='2024-05-27T14:17:48.142869+00:00' AIRFLOW_CTX_TRY_NUMBER='1' AIRFLOW_CTX_DAG_RUN_ID='manual__2024-05-27T14:17:48.142869+00:00'
[2024-05-27T14:17:49.082+0000] {taskinstance.py:430} INFO - ::endgroup::
[2024-05-27T14:17:49.091+0000] {sql.py:276} INFO - Executing: 
            create table if not exists dag_runs (
                dt date,
                dag_id character varying,
                primary key (dt, dag_id)
            )
        
[2024-05-27T14:17:49.098+0000] {base.py:84} INFO - Using connection ID 'postgres_localhost' for task execution.
[2024-05-27T14:17:49.105+0000] {base.py:84} INFO - Using connection ID 'postgres_localhost' for task execution.
[2024-05-27T14:17:49.113+0000] {sql.py:470} INFO - Running statement: 
            create table if not exists dag_runs (
                dt date,
                dag_id character varying,
                primary key (dt, dag_id)
            )
        , parameters: None
[2024-05-27T14:17:49.117+0000] {taskinstance.py:441} INFO - ::group::Post task execution logs
[2024-05-27T14:17:49.124+0000] {taskinstance.py:1206} INFO - Marking task as SUCCESS. dag_id=dag_with_postgres_operator_v03, task_id=create_postgres_table, run_id=manual__2024-05-27T14:17:48.142869+00:00, execution_date=20240527T141748, start_date=20240527T141748, end_date=20240527T141749
[2024-05-27T14:17:49.149+0000] {local_task_job_runner.py:240} INFO - Task exited with return code 0
[2024-05-27T14:17:49.157+0000] {warnings.py:110} WARNING - /home/***/.local/lib/python3.12/site-packages/***/models/baseoperator.py:1296: AirflowProviderDeprecationWarning: Call to deprecated class PostgresOperator. (Please use `***.providers.common.sql.operators.sql.SQLExecuteQueryOperator`.Also, you can provide `hook_params={'schema': <database>}`.)
  result = cls.__new__(cls)

[2024-05-27T14:17:49.165+0000] {taskinstance.py:3498} INFO - 1 downstream tasks scheduled from follow-on schedule check
[2024-05-27T14:17:49.169+0000] {local_task_job_runner.py:222} INFO - ::endgroup::
