[2024-05-21T14:34:16.486+0000] {local_task_job_runner.py:120} INFO - ::group::Pre task execution logs
[2024-05-21T14:34:16.513+0000] {taskinstance.py:2076} INFO - Dependencies all met for dep_context=non-requeueable deps ti=<TaskInstance: our_dag_with_python_operator_v07.greet scheduled__2022-11-27T00:00:00+00:00 [queued]>
[2024-05-21T14:34:16.524+0000] {taskinstance.py:2076} INFO - Dependencies all met for dep_context=requeueable deps ti=<TaskInstance: our_dag_with_python_operator_v07.greet scheduled__2022-11-27T00:00:00+00:00 [queued]>
[2024-05-21T14:34:16.525+0000] {taskinstance.py:2306} INFO - Starting attempt 1 of 6
[2024-05-21T14:34:16.547+0000] {taskinstance.py:2330} INFO - Executing <Task(PythonOperator): greet> on 2022-11-27 00:00:00+00:00
[2024-05-21T14:34:16.557+0000] {warnings.py:110} WARNING - /home/***/.local/lib/python3.12/site-packages/***/task/task_runner/standard_task_runner.py:61: DeprecationWarning: This process (pid=5121) is multi-threaded, use of fork() may lead to deadlocks in the child.
  pid = os.fork()

[2024-05-21T14:34:16.559+0000] {standard_task_runner.py:63} INFO - Started process 5132 to run task
[2024-05-21T14:34:16.558+0000] {standard_task_runner.py:90} INFO - Running: ['***', 'tasks', 'run', 'our_dag_with_python_operator_v07', 'greet', 'scheduled__2022-11-27T00:00:00+00:00', '--job-id', '1276', '--raw', '--subdir', 'DAGS_FOLDER/second_dag.py', '--cfg-path', '/tmp/tmp52xn6v5o']
[2024-05-21T14:34:16.561+0000] {standard_task_runner.py:91} INFO - Job 1276: Subtask greet
[2024-05-21T14:34:16.634+0000] {task_command.py:426} INFO - Running <TaskInstance: our_dag_with_python_operator_v07.greet scheduled__2022-11-27T00:00:00+00:00 [running]> on host c420abfdc210
[2024-05-21T14:34:16.826+0000] {taskinstance.py:2648} INFO - Exporting env vars: AIRFLOW_CTX_DAG_OWNER='test' AIRFLOW_CTX_DAG_ID='our_dag_with_python_operator_v07' AIRFLOW_CTX_TASK_ID='greet' AIRFLOW_CTX_EXECUTION_DATE='2022-11-27T00:00:00+00:00' AIRFLOW_CTX_TRY_NUMBER='1' AIRFLOW_CTX_DAG_RUN_ID='scheduled__2022-11-27T00:00:00+00:00'
[2024-05-21T14:34:16.828+0000] {taskinstance.py:430} INFO - ::endgroup::
[2024-05-21T14:34:16.862+0000] {logging_mixin.py:188} INFO - some dict:  {'a': 1, 'b': 2}
[2024-05-21T14:34:16.899+0000] {logging_mixin.py:188} INFO - Hello World! My name is Jerry Fridman, and I am 19 years old!
[2024-05-21T14:34:16.900+0000] {python.py:237} INFO - Done. Returned value was: None
[2024-05-21T14:34:16.901+0000] {taskinstance.py:441} INFO - ::group::Post task execution logs
[2024-05-21T14:34:16.912+0000] {taskinstance.py:1206} INFO - Marking task as SUCCESS. dag_id=our_dag_with_python_operator_v07, task_id=greet, run_id=scheduled__2022-11-27T00:00:00+00:00, execution_date=20221127T000000, start_date=20240521T143416, end_date=20240521T143416
[2024-05-21T14:34:16.934+0000] {local_task_job_runner.py:240} INFO - Task exited with return code 0
[2024-05-21T14:34:16.956+0000] {taskinstance.py:3498} INFO - 0 downstream tasks scheduled from follow-on schedule check
[2024-05-21T14:34:16.963+0000] {local_task_job_runner.py:222} INFO - ::endgroup::
