[2024-05-21T14:30:47.744+0000] {local_task_job_runner.py:120} INFO - ::group::Pre task execution logs
[2024-05-21T14:30:47.767+0000] {taskinstance.py:2076} INFO - Dependencies all met for dep_context=non-requeueable deps ti=<TaskInstance: our_dag_with_python_operator_v07.greet scheduled__2022-01-16T00:00:00+00:00 [queued]>
[2024-05-21T14:30:47.775+0000] {taskinstance.py:2076} INFO - Dependencies all met for dep_context=requeueable deps ti=<TaskInstance: our_dag_with_python_operator_v07.greet scheduled__2022-01-16T00:00:00+00:00 [queued]>
[2024-05-21T14:30:47.776+0000] {taskinstance.py:2306} INFO - Starting attempt 1 of 6
[2024-05-21T14:30:47.793+0000] {taskinstance.py:2330} INFO - Executing <Task(PythonOperator): greet> on 2022-01-16 00:00:00+00:00
[2024-05-21T14:30:47.799+0000] {warnings.py:110} WARNING - /home/***/.local/lib/python3.12/site-packages/***/task/task_runner/standard_task_runner.py:61: DeprecationWarning: This process (pid=3169) is multi-threaded, use of fork() may lead to deadlocks in the child.
  pid = os.fork()

[2024-05-21T14:30:47.801+0000] {standard_task_runner.py:63} INFO - Started process 3174 to run task
[2024-05-21T14:30:47.801+0000] {standard_task_runner.py:90} INFO - Running: ['***', 'tasks', 'run', 'our_dag_with_python_operator_v07', 'greet', 'scheduled__2022-01-16T00:00:00+00:00', '--job-id', '321', '--raw', '--subdir', 'DAGS_FOLDER/second_dag.py', '--cfg-path', '/tmp/tmp30_7kd_t']
[2024-05-21T14:30:47.802+0000] {standard_task_runner.py:91} INFO - Job 321: Subtask greet
[2024-05-21T14:30:47.851+0000] {task_command.py:426} INFO - Running <TaskInstance: our_dag_with_python_operator_v07.greet scheduled__2022-01-16T00:00:00+00:00 [running]> on host c420abfdc210
[2024-05-21T14:30:47.951+0000] {taskinstance.py:2648} INFO - Exporting env vars: AIRFLOW_CTX_DAG_OWNER='test' AIRFLOW_CTX_DAG_ID='our_dag_with_python_operator_v07' AIRFLOW_CTX_TASK_ID='greet' AIRFLOW_CTX_EXECUTION_DATE='2022-01-16T00:00:00+00:00' AIRFLOW_CTX_TRY_NUMBER='1' AIRFLOW_CTX_DAG_RUN_ID='scheduled__2022-01-16T00:00:00+00:00'
[2024-05-21T14:30:47.952+0000] {taskinstance.py:430} INFO - ::endgroup::
[2024-05-21T14:30:47.969+0000] {logging_mixin.py:188} INFO - some dict:  {'a': 1, 'b': 2}
[2024-05-21T14:30:47.997+0000] {logging_mixin.py:188} INFO - Hello World! My name is Jerry Fridman, and I am 19 years old!
[2024-05-21T14:30:47.998+0000] {python.py:237} INFO - Done. Returned value was: None
[2024-05-21T14:30:47.998+0000] {taskinstance.py:441} INFO - ::group::Post task execution logs
[2024-05-21T14:30:48.010+0000] {taskinstance.py:1206} INFO - Marking task as SUCCESS. dag_id=our_dag_with_python_operator_v07, task_id=greet, run_id=scheduled__2022-01-16T00:00:00+00:00, execution_date=20220116T000000, start_date=20240521T143047, end_date=20240521T143048
[2024-05-21T14:30:48.056+0000] {local_task_job_runner.py:240} INFO - Task exited with return code 0
[2024-05-21T14:30:48.079+0000] {taskinstance.py:3498} INFO - 0 downstream tasks scheduled from follow-on schedule check
[2024-05-21T14:30:48.083+0000] {local_task_job_runner.py:222} INFO - ::endgroup::
