[2024-05-21T14:30:54.046+0000] {local_task_job_runner.py:120} INFO - ::group::Pre task execution logs
[2024-05-21T14:30:54.075+0000] {taskinstance.py:2076} INFO - Dependencies all met for dep_context=non-requeueable deps ti=<TaskInstance: our_dag_with_python_operator_v07.greet scheduled__2022-01-22T00:00:00+00:00 [queued]>
[2024-05-21T14:30:54.087+0000] {taskinstance.py:2076} INFO - Dependencies all met for dep_context=requeueable deps ti=<TaskInstance: our_dag_with_python_operator_v07.greet scheduled__2022-01-22T00:00:00+00:00 [queued]>
[2024-05-21T14:30:54.088+0000] {taskinstance.py:2306} INFO - Starting attempt 1 of 6
[2024-05-21T14:30:54.111+0000] {taskinstance.py:2330} INFO - Executing <Task(PythonOperator): greet> on 2022-01-22 00:00:00+00:00
[2024-05-21T14:30:54.120+0000] {warnings.py:110} WARNING - /home/***/.local/lib/python3.12/site-packages/***/task/task_runner/standard_task_runner.py:61: DeprecationWarning: This process (pid=3226) is multi-threaded, use of fork() may lead to deadlocks in the child.
  pid = os.fork()

[2024-05-21T14:30:54.122+0000] {standard_task_runner.py:63} INFO - Started process 3238 to run task
[2024-05-21T14:30:54.122+0000] {standard_task_runner.py:90} INFO - Running: ['***', 'tasks', 'run', 'our_dag_with_python_operator_v07', 'greet', 'scheduled__2022-01-22T00:00:00+00:00', '--job-id', '350', '--raw', '--subdir', 'DAGS_FOLDER/second_dag.py', '--cfg-path', '/tmp/tmp5rqm2w3t']
[2024-05-21T14:30:54.124+0000] {standard_task_runner.py:91} INFO - Job 350: Subtask greet
[2024-05-21T14:30:54.193+0000] {task_command.py:426} INFO - Running <TaskInstance: our_dag_with_python_operator_v07.greet scheduled__2022-01-22T00:00:00+00:00 [running]> on host c420abfdc210
[2024-05-21T14:30:54.330+0000] {taskinstance.py:2648} INFO - Exporting env vars: AIRFLOW_CTX_DAG_OWNER='test' AIRFLOW_CTX_DAG_ID='our_dag_with_python_operator_v07' AIRFLOW_CTX_TASK_ID='greet' AIRFLOW_CTX_EXECUTION_DATE='2022-01-22T00:00:00+00:00' AIRFLOW_CTX_TRY_NUMBER='1' AIRFLOW_CTX_DAG_RUN_ID='scheduled__2022-01-22T00:00:00+00:00'
[2024-05-21T14:30:54.332+0000] {taskinstance.py:430} INFO - ::endgroup::
[2024-05-21T14:30:54.349+0000] {logging_mixin.py:188} INFO - some dict:  {'a': 1, 'b': 2}
[2024-05-21T14:30:54.385+0000] {logging_mixin.py:188} INFO - Hello World! My name is Jerry Fridman, and I am 19 years old!
[2024-05-21T14:30:54.386+0000] {python.py:237} INFO - Done. Returned value was: None
[2024-05-21T14:30:54.386+0000] {taskinstance.py:441} INFO - ::group::Post task execution logs
[2024-05-21T14:30:54.398+0000] {taskinstance.py:1206} INFO - Marking task as SUCCESS. dag_id=our_dag_with_python_operator_v07, task_id=greet, run_id=scheduled__2022-01-22T00:00:00+00:00, execution_date=20220122T000000, start_date=20240521T143054, end_date=20240521T143054
[2024-05-21T14:30:54.458+0000] {local_task_job_runner.py:240} INFO - Task exited with return code 0
[2024-05-21T14:30:54.481+0000] {taskinstance.py:3498} INFO - 0 downstream tasks scheduled from follow-on schedule check
[2024-05-21T14:30:54.488+0000] {local_task_job_runner.py:222} INFO - ::endgroup::
