[2024-05-27T11:52:12.204+0000] {local_task_job_runner.py:120} INFO - ::group::Pre task execution logs
[2024-05-27T11:52:12.231+0000] {taskinstance.py:2076} INFO - Dependencies all met for dep_context=non-requeueable deps ti=<TaskInstance: our_first_dag_v5.second_task scheduled__2024-05-25T00:00:00+00:00 [queued]>
[2024-05-27T11:52:12.242+0000] {taskinstance.py:2076} INFO - Dependencies all met for dep_context=requeueable deps ti=<TaskInstance: our_first_dag_v5.second_task scheduled__2024-05-25T00:00:00+00:00 [queued]>
[2024-05-27T11:52:12.243+0000] {taskinstance.py:2306} INFO - Starting attempt 1 of 6
[2024-05-27T11:52:12.263+0000] {taskinstance.py:2330} INFO - Executing <Task(BashOperator): second_task> on 2024-05-25 00:00:00+00:00
[2024-05-27T11:52:12.271+0000] {warnings.py:110} WARNING - /home/***/.local/lib/python3.12/site-packages/***/task/task_runner/standard_task_runner.py:61: DeprecationWarning: This process (pid=1276) is multi-threaded, use of fork() may lead to deadlocks in the child.
  pid = os.fork()

[2024-05-27T11:52:12.273+0000] {standard_task_runner.py:63} INFO - Started process 1285 to run task
[2024-05-27T11:52:12.276+0000] {standard_task_runner.py:90} INFO - Running: ['***', 'tasks', 'run', 'our_first_dag_v5', 'second_task', 'scheduled__2024-05-25T00:00:00+00:00', '--job-id', '18', '--raw', '--subdir', 'DAGS_FOLDER/first_dag.py', '--cfg-path', '/tmp/tmpmfhw3gcg']
[2024-05-27T11:52:12.277+0000] {standard_task_runner.py:91} INFO - Job 18: Subtask second_task
[2024-05-27T11:52:12.334+0000] {task_command.py:426} INFO - Running <TaskInstance: our_first_dag_v5.second_task scheduled__2024-05-25T00:00:00+00:00 [running]> on host a264f606ca81
[2024-05-27T11:52:12.493+0000] {taskinstance.py:2648} INFO - Exporting env vars: AIRFLOW_CTX_DAG_OWNER='Meier' AIRFLOW_CTX_DAG_ID='our_first_dag_v5' AIRFLOW_CTX_TASK_ID='second_task' AIRFLOW_CTX_EXECUTION_DATE='2024-05-25T00:00:00+00:00' AIRFLOW_CTX_TRY_NUMBER='1' AIRFLOW_CTX_DAG_RUN_ID='scheduled__2024-05-25T00:00:00+00:00'
[2024-05-27T11:52:12.495+0000] {taskinstance.py:430} INFO - ::endgroup::
[2024-05-27T11:52:12.525+0000] {subprocess.py:63} INFO - Tmp dir root location: /tmp
[2024-05-27T11:52:12.526+0000] {subprocess.py:75} INFO - Running command: ['/usr/bin/bash', '-c', 'echo hey, I am task2 and will be running after task1!']
[2024-05-27T11:52:12.540+0000] {subprocess.py:86} INFO - Output:
[2024-05-27T11:52:12.541+0000] {subprocess.py:93} INFO - hey, I am task2 and will be running after task1!
[2024-05-27T11:52:12.541+0000] {subprocess.py:97} INFO - Command exited with return code 0
[2024-05-27T11:52:12.542+0000] {taskinstance.py:441} INFO - ::group::Post task execution logs
[2024-05-27T11:52:12.582+0000] {taskinstance.py:1206} INFO - Marking task as SUCCESS. dag_id=our_first_dag_v5, task_id=second_task, run_id=scheduled__2024-05-25T00:00:00+00:00, execution_date=20240525T000000, start_date=20240527T115212, end_date=20240527T115212
[2024-05-27T11:52:12.608+0000] {local_task_job_runner.py:240} INFO - Task exited with return code 0
[2024-05-27T11:52:12.618+0000] {local_task_job_runner.py:222} INFO - ::endgroup::
