[2024-05-21T14:28:43.795+0000] {processor.py:161} INFO - Started process (PID=2661) to work on /opt/airflow/dags/second_dag.py
[2024-05-21T14:28:43.796+0000] {processor.py:830} INFO - Processing file /opt/airflow/dags/second_dag.py for tasks to queue
[2024-05-21T14:28:43.798+0000] {logging_mixin.py:188} INFO - [2024-05-21T14:28:43.797+0000] {dagbag.py:545} INFO - Filling up the DagBag from /opt/airflow/dags/second_dag.py
[2024-05-21T14:28:43.828+0000] {processor.py:840} INFO - DAG(s) 'our_dag_with_python_operator_v07' retrieved from /opt/airflow/dags/second_dag.py
[2024-05-21T14:28:44.152+0000] {logging_mixin.py:188} INFO - [2024-05-21T14:28:44.151+0000] {override.py:1829} INFO - Created Permission View: can edit on DAG:our_dag_with_python_operator_v07
[2024-05-21T14:28:44.163+0000] {logging_mixin.py:188} INFO - [2024-05-21T14:28:44.162+0000] {override.py:1829} INFO - Created Permission View: can read on DAG:our_dag_with_python_operator_v07
[2024-05-21T14:28:44.170+0000] {logging_mixin.py:188} INFO - [2024-05-21T14:28:44.170+0000] {override.py:1829} INFO - Created Permission View: can delete on DAG:our_dag_with_python_operator_v07
[2024-05-21T14:28:44.171+0000] {logging_mixin.py:188} INFO - [2024-05-21T14:28:44.171+0000] {dag.py:3096} INFO - Sync 1 DAGs
[2024-05-21T14:28:44.189+0000] {logging_mixin.py:188} INFO - [2024-05-21T14:28:44.188+0000] {dag.py:3118} INFO - Creating ORM DAG for our_dag_with_python_operator_v07
[2024-05-21T14:28:44.200+0000] {logging_mixin.py:188} INFO - [2024-05-21T14:28:44.200+0000] {dag.py:3954} INFO - Setting next_dagrun for our_dag_with_python_operator_v07 to 2021-10-06 00:00:00+00:00, run_after=2021-10-07 00:00:00+00:00
[2024-05-21T14:28:44.219+0000] {processor.py:183} INFO - Processing /opt/airflow/dags/second_dag.py took 0.428 seconds
[2024-05-21T14:29:15.013+0000] {processor.py:161} INFO - Started process (PID=2675) to work on /opt/airflow/dags/second_dag.py
[2024-05-21T14:29:15.014+0000] {processor.py:830} INFO - Processing file /opt/airflow/dags/second_dag.py for tasks to queue
[2024-05-21T14:29:15.017+0000] {logging_mixin.py:188} INFO - [2024-05-21T14:29:15.016+0000] {dagbag.py:545} INFO - Filling up the DagBag from /opt/airflow/dags/second_dag.py
[2024-05-21T14:29:15.053+0000] {processor.py:840} INFO - DAG(s) 'our_dag_with_python_operator_v07' retrieved from /opt/airflow/dags/second_dag.py
[2024-05-21T14:29:15.084+0000] {logging_mixin.py:188} INFO - [2024-05-21T14:29:15.084+0000] {dag.py:3096} INFO - Sync 1 DAGs
[2024-05-21T14:29:15.110+0000] {logging_mixin.py:188} INFO - [2024-05-21T14:29:15.109+0000] {dag.py:3954} INFO - Setting next_dagrun for our_dag_with_python_operator_v07 to 2021-10-06 00:00:00+00:00, run_after=2021-10-07 00:00:00+00:00
[2024-05-21T14:29:15.135+0000] {processor.py:183} INFO - Processing /opt/airflow/dags/second_dag.py took 0.129 seconds
[2024-05-21T14:29:21.214+0000] {processor.py:161} INFO - Started process (PID=2677) to work on /opt/airflow/dags/second_dag.py
[2024-05-21T14:29:21.214+0000] {processor.py:830} INFO - Processing file /opt/airflow/dags/second_dag.py for tasks to queue
[2024-05-21T14:29:21.216+0000] {logging_mixin.py:188} INFO - [2024-05-21T14:29:21.216+0000] {dagbag.py:545} INFO - Filling up the DagBag from /opt/airflow/dags/second_dag.py
[2024-05-21T14:29:21.248+0000] {processor.py:840} INFO - DAG(s) 'our_dag_with_python_operator_v07' retrieved from /opt/airflow/dags/second_dag.py
[2024-05-21T14:29:21.331+0000] {logging_mixin.py:188} INFO - [2024-05-21T14:29:21.331+0000] {dag.py:3096} INFO - Sync 1 DAGs
[2024-05-21T14:29:21.346+0000] {logging_mixin.py:188} INFO - [2024-05-21T14:29:21.345+0000] {dag.py:3954} INFO - Setting next_dagrun for our_dag_with_python_operator_v07 to 2021-10-06 00:00:00+00:00, run_after=2021-10-07 00:00:00+00:00
[2024-05-21T14:29:21.371+0000] {processor.py:183} INFO - Processing /opt/airflow/dags/second_dag.py took 0.162 seconds
[2024-05-21T14:29:51.733+0000] {processor.py:161} INFO - Started process (PID=2826) to work on /opt/airflow/dags/second_dag.py
[2024-05-21T14:29:51.735+0000] {processor.py:830} INFO - Processing file /opt/airflow/dags/second_dag.py for tasks to queue
[2024-05-21T14:29:51.737+0000] {logging_mixin.py:188} INFO - [2024-05-21T14:29:51.737+0000] {dagbag.py:545} INFO - Filling up the DagBag from /opt/airflow/dags/second_dag.py
[2024-05-21T14:29:51.767+0000] {processor.py:840} INFO - DAG(s) 'our_dag_with_python_operator_v07' retrieved from /opt/airflow/dags/second_dag.py
[2024-05-21T14:29:51.797+0000] {logging_mixin.py:188} INFO - [2024-05-21T14:29:51.797+0000] {dag.py:3096} INFO - Sync 1 DAGs
[2024-05-21T14:29:51.828+0000] {logging_mixin.py:188} INFO - [2024-05-21T14:29:51.828+0000] {dag.py:3954} INFO - Setting next_dagrun for our_dag_with_python_operator_v07 to 2021-11-04 00:00:00+00:00, run_after=2021-11-05 00:00:00+00:00
[2024-05-21T14:29:51.858+0000] {processor.py:183} INFO - Processing /opt/airflow/dags/second_dag.py took 0.132 seconds
[2024-05-21T14:30:22.136+0000] {processor.py:161} INFO - Started process (PID=3047) to work on /opt/airflow/dags/second_dag.py
[2024-05-21T14:30:22.137+0000] {processor.py:830} INFO - Processing file /opt/airflow/dags/second_dag.py for tasks to queue
[2024-05-21T14:30:22.140+0000] {logging_mixin.py:188} INFO - [2024-05-21T14:30:22.139+0000] {dagbag.py:545} INFO - Filling up the DagBag from /opt/airflow/dags/second_dag.py
[2024-05-21T14:30:22.167+0000] {processor.py:840} INFO - DAG(s) 'our_dag_with_python_operator_v07' retrieved from /opt/airflow/dags/second_dag.py
[2024-05-21T14:30:22.203+0000] {logging_mixin.py:188} INFO - [2024-05-21T14:30:22.203+0000] {dag.py:3096} INFO - Sync 1 DAGs
[2024-05-21T14:30:22.238+0000] {logging_mixin.py:188} INFO - [2024-05-21T14:30:22.238+0000] {dag.py:3954} INFO - Setting next_dagrun for our_dag_with_python_operator_v07 to 2021-12-17 00:00:00+00:00, run_after=2021-12-18 00:00:00+00:00
[2024-05-21T14:30:22.265+0000] {processor.py:183} INFO - Processing /opt/airflow/dags/second_dag.py took 0.136 seconds
[2024-05-21T14:30:52.500+0000] {processor.py:161} INFO - Started process (PID=3245) to work on /opt/airflow/dags/second_dag.py
[2024-05-21T14:30:52.501+0000] {processor.py:830} INFO - Processing file /opt/airflow/dags/second_dag.py for tasks to queue
[2024-05-21T14:30:52.503+0000] {logging_mixin.py:188} INFO - [2024-05-21T14:30:52.503+0000] {dagbag.py:545} INFO - Filling up the DagBag from /opt/airflow/dags/second_dag.py
[2024-05-21T14:30:52.526+0000] {processor.py:840} INFO - DAG(s) 'our_dag_with_python_operator_v07' retrieved from /opt/airflow/dags/second_dag.py
[2024-05-21T14:30:52.549+0000] {logging_mixin.py:188} INFO - [2024-05-21T14:30:52.549+0000] {dag.py:3096} INFO - Sync 1 DAGs
[2024-05-21T14:30:52.570+0000] {logging_mixin.py:188} INFO - [2024-05-21T14:30:52.570+0000] {dag.py:3954} INFO - Setting next_dagrun for our_dag_with_python_operator_v07 to 2022-01-24 00:00:00+00:00, run_after=2022-01-25 00:00:00+00:00
[2024-05-21T14:30:52.592+0000] {processor.py:183} INFO - Processing /opt/airflow/dags/second_dag.py took 0.096 seconds
[2024-05-21T14:31:22.833+0000] {processor.py:161} INFO - Started process (PID=3481) to work on /opt/airflow/dags/second_dag.py
[2024-05-21T14:31:22.834+0000] {processor.py:830} INFO - Processing file /opt/airflow/dags/second_dag.py for tasks to queue
[2024-05-21T14:31:22.835+0000] {logging_mixin.py:188} INFO - [2024-05-21T14:31:22.835+0000] {dagbag.py:545} INFO - Filling up the DagBag from /opt/airflow/dags/second_dag.py
[2024-05-21T14:31:22.856+0000] {processor.py:840} INFO - DAG(s) 'our_dag_with_python_operator_v07' retrieved from /opt/airflow/dags/second_dag.py
[2024-05-21T14:31:22.876+0000] {logging_mixin.py:188} INFO - [2024-05-21T14:31:22.876+0000] {dag.py:3096} INFO - Sync 1 DAGs
[2024-05-21T14:31:22.895+0000] {logging_mixin.py:188} INFO - [2024-05-21T14:31:22.894+0000] {dag.py:3954} INFO - Setting next_dagrun for our_dag_with_python_operator_v07 to 2022-03-10 00:00:00+00:00, run_after=2022-03-11 00:00:00+00:00
[2024-05-21T14:31:22.915+0000] {processor.py:183} INFO - Processing /opt/airflow/dags/second_dag.py took 0.087 seconds
[2024-05-21T14:31:53.157+0000] {processor.py:161} INFO - Started process (PID=3725) to work on /opt/airflow/dags/second_dag.py
[2024-05-21T14:31:53.159+0000] {processor.py:830} INFO - Processing file /opt/airflow/dags/second_dag.py for tasks to queue
[2024-05-21T14:31:53.162+0000] {logging_mixin.py:188} INFO - [2024-05-21T14:31:53.162+0000] {dagbag.py:545} INFO - Filling up the DagBag from /opt/airflow/dags/second_dag.py
[2024-05-21T14:31:53.208+0000] {processor.py:840} INFO - DAG(s) 'our_dag_with_python_operator_v07' retrieved from /opt/airflow/dags/second_dag.py
[2024-05-21T14:31:53.248+0000] {logging_mixin.py:188} INFO - [2024-05-21T14:31:53.247+0000] {dag.py:3096} INFO - Sync 1 DAGs
[2024-05-21T14:31:53.293+0000] {logging_mixin.py:188} INFO - [2024-05-21T14:31:53.293+0000] {dag.py:3954} INFO - Setting next_dagrun for our_dag_with_python_operator_v07 to 2022-04-29 00:00:00+00:00, run_after=2022-04-30 00:00:00+00:00
[2024-05-21T14:31:53.322+0000] {processor.py:183} INFO - Processing /opt/airflow/dags/second_dag.py took 0.173 seconds
[2024-05-21T14:32:23.561+0000] {processor.py:161} INFO - Started process (PID=3967) to work on /opt/airflow/dags/second_dag.py
[2024-05-21T14:32:23.562+0000] {processor.py:830} INFO - Processing file /opt/airflow/dags/second_dag.py for tasks to queue
[2024-05-21T14:32:23.565+0000] {logging_mixin.py:188} INFO - [2024-05-21T14:32:23.565+0000] {dagbag.py:545} INFO - Filling up the DagBag from /opt/airflow/dags/second_dag.py
[2024-05-21T14:32:23.600+0000] {processor.py:840} INFO - DAG(s) 'our_dag_with_python_operator_v07' retrieved from /opt/airflow/dags/second_dag.py
[2024-05-21T14:32:23.636+0000] {logging_mixin.py:188} INFO - [2024-05-21T14:32:23.636+0000] {dag.py:3096} INFO - Sync 1 DAGs
[2024-05-21T14:32:23.667+0000] {logging_mixin.py:188} INFO - [2024-05-21T14:32:23.667+0000] {dag.py:3954} INFO - Setting next_dagrun for our_dag_with_python_operator_v07 to 2022-06-14 00:00:00+00:00, run_after=2022-06-15 00:00:00+00:00
[2024-05-21T14:32:23.697+0000] {processor.py:183} INFO - Processing /opt/airflow/dags/second_dag.py took 0.143 seconds
[2024-05-21T14:32:53.789+0000] {processor.py:161} INFO - Started process (PID=4222) to work on /opt/airflow/dags/second_dag.py
[2024-05-21T14:32:53.791+0000] {processor.py:830} INFO - Processing file /opt/airflow/dags/second_dag.py for tasks to queue
[2024-05-21T14:32:53.792+0000] {logging_mixin.py:188} INFO - [2024-05-21T14:32:53.792+0000] {dagbag.py:545} INFO - Filling up the DagBag from /opt/airflow/dags/second_dag.py
[2024-05-21T14:32:53.816+0000] {processor.py:840} INFO - DAG(s) 'our_dag_with_python_operator_v07' retrieved from /opt/airflow/dags/second_dag.py
[2024-05-21T14:32:53.835+0000] {logging_mixin.py:188} INFO - [2024-05-21T14:32:53.835+0000] {dag.py:3096} INFO - Sync 1 DAGs
[2024-05-21T14:32:53.853+0000] {logging_mixin.py:188} INFO - [2024-05-21T14:32:53.853+0000] {dag.py:3954} INFO - Setting next_dagrun for our_dag_with_python_operator_v07 to 2022-07-30 00:00:00+00:00, run_after=2022-07-31 00:00:00+00:00
[2024-05-21T14:32:53.873+0000] {processor.py:183} INFO - Processing /opt/airflow/dags/second_dag.py took 0.089 seconds
[2024-05-21T14:33:24.173+0000] {processor.py:161} INFO - Started process (PID=4440) to work on /opt/airflow/dags/second_dag.py
[2024-05-21T14:33:24.174+0000] {processor.py:830} INFO - Processing file /opt/airflow/dags/second_dag.py for tasks to queue
[2024-05-21T14:33:24.176+0000] {logging_mixin.py:188} INFO - [2024-05-21T14:33:24.175+0000] {dagbag.py:545} INFO - Filling up the DagBag from /opt/airflow/dags/second_dag.py
[2024-05-21T14:33:24.199+0000] {processor.py:840} INFO - DAG(s) 'our_dag_with_python_operator_v07' retrieved from /opt/airflow/dags/second_dag.py
[2024-05-21T14:33:24.230+0000] {logging_mixin.py:188} INFO - [2024-05-21T14:33:24.230+0000] {dag.py:3096} INFO - Sync 1 DAGs
[2024-05-21T14:33:24.257+0000] {logging_mixin.py:188} INFO - [2024-05-21T14:33:24.257+0000] {dag.py:3954} INFO - Setting next_dagrun for our_dag_with_python_operator_v07 to 2022-09-13 00:00:00+00:00, run_after=2022-09-14 00:00:00+00:00
[2024-05-21T14:33:24.284+0000] {processor.py:183} INFO - Processing /opt/airflow/dags/second_dag.py took 0.116 seconds
[2024-05-21T14:33:54.507+0000] {processor.py:161} INFO - Started process (PID=4659) to work on /opt/airflow/dags/second_dag.py
[2024-05-21T14:33:54.508+0000] {processor.py:830} INFO - Processing file /opt/airflow/dags/second_dag.py for tasks to queue
[2024-05-21T14:33:54.510+0000] {logging_mixin.py:188} INFO - [2024-05-21T14:33:54.510+0000] {dagbag.py:545} INFO - Filling up the DagBag from /opt/airflow/dags/second_dag.py
[2024-05-21T14:33:54.532+0000] {processor.py:840} INFO - DAG(s) 'our_dag_with_python_operator_v07' retrieved from /opt/airflow/dags/second_dag.py
[2024-05-21T14:33:54.560+0000] {logging_mixin.py:188} INFO - [2024-05-21T14:33:54.560+0000] {dag.py:3096} INFO - Sync 1 DAGs
[2024-05-21T14:33:54.585+0000] {logging_mixin.py:188} INFO - [2024-05-21T14:33:54.585+0000] {dag.py:3954} INFO - Setting next_dagrun for our_dag_with_python_operator_v07 to 2022-10-24 00:00:00+00:00, run_after=2022-10-25 00:00:00+00:00
[2024-05-21T14:33:54.607+0000] {processor.py:183} INFO - Processing /opt/airflow/dags/second_dag.py took 0.104 seconds
[2024-05-21T14:34:24.822+0000] {processor.py:161} INFO - Started process (PID=4941) to work on /opt/airflow/dags/second_dag.py
[2024-05-21T14:34:24.824+0000] {processor.py:830} INFO - Processing file /opt/airflow/dags/second_dag.py for tasks to queue
[2024-05-21T14:34:24.825+0000] {logging_mixin.py:188} INFO - [2024-05-21T14:34:24.825+0000] {dagbag.py:545} INFO - Filling up the DagBag from /opt/airflow/dags/second_dag.py
[2024-05-21T14:34:24.847+0000] {processor.py:840} INFO - DAG(s) 'our_dag_with_python_operator_v07' retrieved from /opt/airflow/dags/second_dag.py
[2024-05-21T14:34:24.869+0000] {logging_mixin.py:188} INFO - [2024-05-21T14:34:24.869+0000] {dag.py:3096} INFO - Sync 1 DAGs
[2024-05-21T14:34:24.889+0000] {logging_mixin.py:188} INFO - [2024-05-21T14:34:24.889+0000] {dag.py:3954} INFO - Setting next_dagrun for our_dag_with_python_operator_v07 to 2022-12-16 00:00:00+00:00, run_after=2022-12-17 00:00:00+00:00
[2024-05-21T14:34:24.909+0000] {processor.py:183} INFO - Processing /opt/airflow/dags/second_dag.py took 0.091 seconds
[2024-05-21T14:34:55.160+0000] {processor.py:161} INFO - Started process (PID=5214) to work on /opt/airflow/dags/second_dag.py
[2024-05-21T14:34:55.162+0000] {processor.py:830} INFO - Processing file /opt/airflow/dags/second_dag.py for tasks to queue
[2024-05-21T14:34:55.165+0000] {logging_mixin.py:188} INFO - [2024-05-21T14:34:55.164+0000] {dagbag.py:545} INFO - Filling up the DagBag from /opt/airflow/dags/second_dag.py
[2024-05-21T14:34:55.195+0000] {processor.py:840} INFO - DAG(s) 'our_dag_with_python_operator_v07' retrieved from /opt/airflow/dags/second_dag.py
[2024-05-21T14:34:55.226+0000] {logging_mixin.py:188} INFO - [2024-05-21T14:34:55.225+0000] {dag.py:3096} INFO - Sync 1 DAGs
[2024-05-21T14:34:55.252+0000] {logging_mixin.py:188} INFO - [2024-05-21T14:34:55.252+0000] {dag.py:3954} INFO - Setting next_dagrun for our_dag_with_python_operator_v07 to 2023-02-05 00:00:00+00:00, run_after=2023-02-06 00:00:00+00:00
[2024-05-21T14:34:55.278+0000] {processor.py:183} INFO - Processing /opt/airflow/dags/second_dag.py took 0.125 seconds
[2024-05-21T14:35:02.219+0000] {processor.py:161} INFO - Started process (PID=5267) to work on /opt/airflow/dags/second_dag.py
[2024-05-21T14:35:02.220+0000] {processor.py:830} INFO - Processing file /opt/airflow/dags/second_dag.py for tasks to queue
[2024-05-21T14:35:02.222+0000] {logging_mixin.py:188} INFO - [2024-05-21T14:35:02.221+0000] {dagbag.py:545} INFO - Filling up the DagBag from /opt/airflow/dags/second_dag.py
[2024-05-21T14:35:02.282+0000] {processor.py:840} INFO - DAG(s) 'statistical_calculations_dag' retrieved from /opt/airflow/dags/second_dag.py
[2024-05-21T14:35:02.473+0000] {logging_mixin.py:188} INFO - [2024-05-21T14:35:02.473+0000] {override.py:1829} INFO - Created Permission View: can edit on DAG:statistical_calculations_dag
[2024-05-21T14:35:02.485+0000] {logging_mixin.py:188} INFO - [2024-05-21T14:35:02.485+0000] {override.py:1829} INFO - Created Permission View: can read on DAG:statistical_calculations_dag
[2024-05-21T14:35:02.494+0000] {logging_mixin.py:188} INFO - [2024-05-21T14:35:02.494+0000] {override.py:1829} INFO - Created Permission View: can delete on DAG:statistical_calculations_dag
[2024-05-21T14:35:02.495+0000] {logging_mixin.py:188} INFO - [2024-05-21T14:35:02.494+0000] {dag.py:3096} INFO - Sync 1 DAGs
[2024-05-21T14:35:02.503+0000] {logging_mixin.py:188} INFO - [2024-05-21T14:35:02.503+0000] {dag.py:3118} INFO - Creating ORM DAG for statistical_calculations_dag
[2024-05-21T14:35:02.513+0000] {logging_mixin.py:188} INFO - [2024-05-21T14:35:02.513+0000] {dag.py:3954} INFO - Setting next_dagrun for statistical_calculations_dag to 2021-10-06 00:00:00+00:00, run_after=2021-10-07 00:00:00+00:00
[2024-05-21T14:35:02.533+0000] {processor.py:183} INFO - Processing /opt/airflow/dags/second_dag.py took 0.319 seconds
[2024-05-21T14:35:32.701+0000] {processor.py:161} INFO - Started process (PID=5431) to work on /opt/airflow/dags/second_dag.py
[2024-05-21T14:35:32.702+0000] {processor.py:830} INFO - Processing file /opt/airflow/dags/second_dag.py for tasks to queue
[2024-05-21T14:35:32.705+0000] {logging_mixin.py:188} INFO - [2024-05-21T14:35:32.704+0000] {dagbag.py:545} INFO - Filling up the DagBag from /opt/airflow/dags/second_dag.py
[2024-05-21T14:35:32.744+0000] {processor.py:840} INFO - DAG(s) 'statistical_calculations_dag' retrieved from /opt/airflow/dags/second_dag.py
[2024-05-21T14:35:32.772+0000] {logging_mixin.py:188} INFO - [2024-05-21T14:35:32.772+0000] {dag.py:3096} INFO - Sync 1 DAGs
[2024-05-21T14:35:32.797+0000] {logging_mixin.py:188} INFO - [2024-05-21T14:35:32.797+0000] {dag.py:3954} INFO - Setting next_dagrun for statistical_calculations_dag to 2021-10-28 00:00:00+00:00, run_after=2021-10-29 00:00:00+00:00
[2024-05-21T14:35:32.819+0000] {processor.py:183} INFO - Processing /opt/airflow/dags/second_dag.py took 0.126 seconds
[2024-05-21T14:36:02.910+0000] {processor.py:161} INFO - Started process (PID=5580) to work on /opt/airflow/dags/second_dag.py
[2024-05-21T14:36:02.911+0000] {processor.py:830} INFO - Processing file /opt/airflow/dags/second_dag.py for tasks to queue
[2024-05-21T14:36:02.913+0000] {logging_mixin.py:188} INFO - [2024-05-21T14:36:02.913+0000] {dagbag.py:545} INFO - Filling up the DagBag from /opt/airflow/dags/second_dag.py
[2024-05-21T14:36:02.947+0000] {processor.py:840} INFO - DAG(s) 'statistical_calculations_dag' retrieved from /opt/airflow/dags/second_dag.py
[2024-05-21T14:36:02.973+0000] {logging_mixin.py:188} INFO - [2024-05-21T14:36:02.973+0000] {dag.py:3096} INFO - Sync 1 DAGs
[2024-05-21T14:36:02.997+0000] {logging_mixin.py:188} INFO - [2024-05-21T14:36:02.996+0000] {dag.py:3954} INFO - Setting next_dagrun for statistical_calculations_dag to 2021-12-04 00:00:00+00:00, run_after=2021-12-05 00:00:00+00:00
[2024-05-21T14:36:03.021+0000] {processor.py:183} INFO - Processing /opt/airflow/dags/second_dag.py took 0.116 seconds
[2024-05-21T14:36:33.235+0000] {processor.py:161} INFO - Started process (PID=5789) to work on /opt/airflow/dags/second_dag.py
[2024-05-21T14:36:33.236+0000] {processor.py:830} INFO - Processing file /opt/airflow/dags/second_dag.py for tasks to queue
[2024-05-21T14:36:33.237+0000] {logging_mixin.py:188} INFO - [2024-05-21T14:36:33.237+0000] {dagbag.py:545} INFO - Filling up the DagBag from /opt/airflow/dags/second_dag.py
[2024-05-21T14:36:33.261+0000] {processor.py:840} INFO - DAG(s) 'statistical_calculations_dag' retrieved from /opt/airflow/dags/second_dag.py
[2024-05-21T14:36:33.281+0000] {logging_mixin.py:188} INFO - [2024-05-21T14:36:33.280+0000] {dag.py:3096} INFO - Sync 1 DAGs
[2024-05-21T14:36:33.297+0000] {logging_mixin.py:188} INFO - [2024-05-21T14:36:33.296+0000] {dag.py:3954} INFO - Setting next_dagrun for statistical_calculations_dag to 2022-01-14 00:00:00+00:00, run_after=2022-01-15 00:00:00+00:00
[2024-05-21T14:36:33.318+0000] {processor.py:183} INFO - Processing /opt/airflow/dags/second_dag.py took 0.087 seconds
[2024-05-21T14:37:03.557+0000] {processor.py:161} INFO - Started process (PID=5997) to work on /opt/airflow/dags/second_dag.py
[2024-05-21T14:37:03.559+0000] {processor.py:830} INFO - Processing file /opt/airflow/dags/second_dag.py for tasks to queue
[2024-05-21T14:37:03.560+0000] {logging_mixin.py:188} INFO - [2024-05-21T14:37:03.560+0000] {dagbag.py:545} INFO - Filling up the DagBag from /opt/airflow/dags/second_dag.py
[2024-05-21T14:37:03.604+0000] {processor.py:840} INFO - DAG(s) 'statistical_calculations_dag' retrieved from /opt/airflow/dags/second_dag.py
[2024-05-21T14:37:03.626+0000] {logging_mixin.py:188} INFO - [2024-05-21T14:37:03.626+0000] {dag.py:3096} INFO - Sync 1 DAGs
[2024-05-21T14:37:03.646+0000] {logging_mixin.py:188} INFO - [2024-05-21T14:37:03.645+0000] {dag.py:3954} INFO - Setting next_dagrun for statistical_calculations_dag to 2022-03-07 00:00:00+00:00, run_after=2022-03-08 00:00:00+00:00
[2024-05-21T14:37:03.665+0000] {processor.py:183} INFO - Processing /opt/airflow/dags/second_dag.py took 0.112 seconds
[2024-05-21T14:37:33.884+0000] {processor.py:161} INFO - Started process (PID=6158) to work on /opt/airflow/dags/second_dag.py
[2024-05-21T14:37:33.885+0000] {processor.py:830} INFO - Processing file /opt/airflow/dags/second_dag.py for tasks to queue
[2024-05-21T14:37:33.886+0000] {logging_mixin.py:188} INFO - [2024-05-21T14:37:33.886+0000] {dagbag.py:545} INFO - Filling up the DagBag from /opt/airflow/dags/second_dag.py
[2024-05-21T14:37:33.916+0000] {processor.py:840} INFO - DAG(s) 'statistical_calculations_dag' retrieved from /opt/airflow/dags/second_dag.py
[2024-05-21T14:37:33.936+0000] {logging_mixin.py:188} INFO - [2024-05-21T14:37:33.936+0000] {dag.py:3096} INFO - Sync 1 DAGs
[2024-05-21T14:37:33.953+0000] {logging_mixin.py:188} INFO - [2024-05-21T14:37:33.953+0000] {dag.py:3954} INFO - Setting next_dagrun for statistical_calculations_dag to 2022-04-23 00:00:00+00:00, run_after=2022-04-24 00:00:00+00:00
[2024-05-21T14:37:33.971+0000] {processor.py:183} INFO - Processing /opt/airflow/dags/second_dag.py took 0.091 seconds
[2024-05-21T14:38:04.171+0000] {processor.py:161} INFO - Started process (PID=6363) to work on /opt/airflow/dags/second_dag.py
[2024-05-21T14:38:04.172+0000] {processor.py:830} INFO - Processing file /opt/airflow/dags/second_dag.py for tasks to queue
[2024-05-21T14:38:04.173+0000] {logging_mixin.py:188} INFO - [2024-05-21T14:38:04.172+0000] {dagbag.py:545} INFO - Filling up the DagBag from /opt/airflow/dags/second_dag.py
[2024-05-21T14:38:04.197+0000] {processor.py:840} INFO - DAG(s) 'statistical_calculations_dag' retrieved from /opt/airflow/dags/second_dag.py
[2024-05-21T14:38:04.223+0000] {logging_mixin.py:188} INFO - [2024-05-21T14:38:04.223+0000] {dag.py:3096} INFO - Sync 1 DAGs
[2024-05-21T14:38:04.240+0000] {logging_mixin.py:188} INFO - [2024-05-21T14:38:04.240+0000] {dag.py:3954} INFO - Setting next_dagrun for statistical_calculations_dag to 2022-06-12 00:00:00+00:00, run_after=2022-06-13 00:00:00+00:00
[2024-05-21T14:38:04.260+0000] {processor.py:183} INFO - Processing /opt/airflow/dags/second_dag.py took 0.093 seconds
[2024-05-21T14:38:34.494+0000] {processor.py:161} INFO - Started process (PID=6555) to work on /opt/airflow/dags/second_dag.py
[2024-05-21T14:38:34.495+0000] {processor.py:830} INFO - Processing file /opt/airflow/dags/second_dag.py for tasks to queue
[2024-05-21T14:38:34.496+0000] {logging_mixin.py:188} INFO - [2024-05-21T14:38:34.496+0000] {dagbag.py:545} INFO - Filling up the DagBag from /opt/airflow/dags/second_dag.py
[2024-05-21T14:38:34.531+0000] {processor.py:840} INFO - DAG(s) 'statistical_calculations_dag' retrieved from /opt/airflow/dags/second_dag.py
[2024-05-21T14:38:34.555+0000] {logging_mixin.py:188} INFO - [2024-05-21T14:38:34.554+0000] {dag.py:3096} INFO - Sync 1 DAGs
[2024-05-21T14:38:34.577+0000] {logging_mixin.py:188} INFO - [2024-05-21T14:38:34.577+0000] {dag.py:3954} INFO - Setting next_dagrun for statistical_calculations_dag to 2022-07-30 00:00:00+00:00, run_after=2022-07-31 00:00:00+00:00
[2024-05-21T14:38:34.599+0000] {processor.py:183} INFO - Processing /opt/airflow/dags/second_dag.py took 0.111 seconds
[2024-05-21T14:39:04.830+0000] {processor.py:161} INFO - Started process (PID=6767) to work on /opt/airflow/dags/second_dag.py
[2024-05-21T14:39:04.831+0000] {processor.py:830} INFO - Processing file /opt/airflow/dags/second_dag.py for tasks to queue
[2024-05-21T14:39:04.832+0000] {logging_mixin.py:188} INFO - [2024-05-21T14:39:04.831+0000] {dagbag.py:545} INFO - Filling up the DagBag from /opt/airflow/dags/second_dag.py
[2024-05-21T14:39:04.860+0000] {processor.py:840} INFO - DAG(s) 'statistical_calculations_dag' retrieved from /opt/airflow/dags/second_dag.py
[2024-05-21T14:39:04.881+0000] {logging_mixin.py:188} INFO - [2024-05-21T14:39:04.881+0000] {dag.py:3096} INFO - Sync 1 DAGs
[2024-05-21T14:39:04.899+0000] {logging_mixin.py:188} INFO - [2024-05-21T14:39:04.898+0000] {dag.py:3954} INFO - Setting next_dagrun for statistical_calculations_dag to 2022-09-19 00:00:00+00:00, run_after=2022-09-20 00:00:00+00:00
[2024-05-21T14:39:04.915+0000] {processor.py:183} INFO - Processing /opt/airflow/dags/second_dag.py took 0.090 seconds
[2024-05-21T14:39:35.164+0000] {processor.py:161} INFO - Started process (PID=6964) to work on /opt/airflow/dags/second_dag.py
[2024-05-21T14:39:35.165+0000] {processor.py:830} INFO - Processing file /opt/airflow/dags/second_dag.py for tasks to queue
[2024-05-21T14:39:35.167+0000] {logging_mixin.py:188} INFO - [2024-05-21T14:39:35.166+0000] {dagbag.py:545} INFO - Filling up the DagBag from /opt/airflow/dags/second_dag.py
[2024-05-21T14:39:35.198+0000] {processor.py:840} INFO - DAG(s) 'statistical_calculations_dag' retrieved from /opt/airflow/dags/second_dag.py
[2024-05-21T14:39:35.219+0000] {logging_mixin.py:188} INFO - [2024-05-21T14:39:35.218+0000] {dag.py:3096} INFO - Sync 1 DAGs
[2024-05-21T14:39:35.237+0000] {logging_mixin.py:188} INFO - [2024-05-21T14:39:35.237+0000] {dag.py:3954} INFO - Setting next_dagrun for statistical_calculations_dag to 2022-11-05 00:00:00+00:00, run_after=2022-11-06 00:00:00+00:00
[2024-05-21T14:39:35.256+0000] {processor.py:183} INFO - Processing /opt/airflow/dags/second_dag.py took 0.097 seconds
[2024-05-21T14:40:05.499+0000] {processor.py:161} INFO - Started process (PID=7147) to work on /opt/airflow/dags/second_dag.py
[2024-05-21T14:40:05.501+0000] {processor.py:830} INFO - Processing file /opt/airflow/dags/second_dag.py for tasks to queue
[2024-05-21T14:40:05.502+0000] {logging_mixin.py:188} INFO - [2024-05-21T14:40:05.501+0000] {dagbag.py:545} INFO - Filling up the DagBag from /opt/airflow/dags/second_dag.py
[2024-05-21T14:40:05.553+0000] {processor.py:840} INFO - DAG(s) 'statistical_calculations_dag' retrieved from /opt/airflow/dags/second_dag.py
[2024-05-21T14:40:05.590+0000] {logging_mixin.py:188} INFO - [2024-05-21T14:40:05.590+0000] {dag.py:3096} INFO - Sync 1 DAGs
[2024-05-21T14:40:05.626+0000] {logging_mixin.py:188} INFO - [2024-05-21T14:40:05.626+0000] {dag.py:3954} INFO - Setting next_dagrun for statistical_calculations_dag to 2022-12-26 00:00:00+00:00, run_after=2022-12-27 00:00:00+00:00
[2024-05-21T14:40:05.661+0000] {processor.py:183} INFO - Processing /opt/airflow/dags/second_dag.py took 0.168 seconds
[2024-05-21T14:40:35.917+0000] {processor.py:161} INFO - Started process (PID=7379) to work on /opt/airflow/dags/second_dag.py
[2024-05-21T14:40:35.919+0000] {processor.py:830} INFO - Processing file /opt/airflow/dags/second_dag.py for tasks to queue
[2024-05-21T14:40:35.920+0000] {logging_mixin.py:188} INFO - [2024-05-21T14:40:35.919+0000] {dagbag.py:545} INFO - Filling up the DagBag from /opt/airflow/dags/second_dag.py
[2024-05-21T14:40:35.965+0000] {processor.py:840} INFO - DAG(s) 'statistical_calculations_dag' retrieved from /opt/airflow/dags/second_dag.py
[2024-05-21T14:40:35.997+0000] {logging_mixin.py:188} INFO - [2024-05-21T14:40:35.997+0000] {dag.py:3096} INFO - Sync 1 DAGs
[2024-05-21T14:40:36.035+0000] {logging_mixin.py:188} INFO - [2024-05-21T14:40:36.035+0000] {dag.py:3954} INFO - Setting next_dagrun for statistical_calculations_dag to 2023-02-18 00:00:00+00:00, run_after=2023-02-19 00:00:00+00:00
[2024-05-21T14:40:36.065+0000] {processor.py:183} INFO - Processing /opt/airflow/dags/second_dag.py took 0.156 seconds
[2024-05-21T14:41:06.155+0000] {processor.py:161} INFO - Started process (PID=7607) to work on /opt/airflow/dags/second_dag.py
[2024-05-21T14:41:06.157+0000] {processor.py:830} INFO - Processing file /opt/airflow/dags/second_dag.py for tasks to queue
[2024-05-21T14:41:06.159+0000] {logging_mixin.py:188} INFO - [2024-05-21T14:41:06.158+0000] {dagbag.py:545} INFO - Filling up the DagBag from /opt/airflow/dags/second_dag.py
[2024-05-21T14:41:06.217+0000] {processor.py:840} INFO - DAG(s) 'statistical_calculations_dag' retrieved from /opt/airflow/dags/second_dag.py
[2024-05-21T14:41:06.254+0000] {logging_mixin.py:188} INFO - [2024-05-21T14:41:06.254+0000] {dag.py:3096} INFO - Sync 1 DAGs
[2024-05-21T14:41:06.289+0000] {logging_mixin.py:188} INFO - [2024-05-21T14:41:06.289+0000] {dag.py:3954} INFO - Setting next_dagrun for statistical_calculations_dag to 2023-04-10 00:00:00+00:00, run_after=2023-04-11 00:00:00+00:00
[2024-05-21T14:41:06.323+0000] {processor.py:183} INFO - Processing /opt/airflow/dags/second_dag.py took 0.175 seconds
[2024-05-21T14:41:36.544+0000] {processor.py:161} INFO - Started process (PID=7787) to work on /opt/airflow/dags/second_dag.py
[2024-05-21T14:41:36.545+0000] {processor.py:830} INFO - Processing file /opt/airflow/dags/second_dag.py for tasks to queue
[2024-05-21T14:41:36.546+0000] {logging_mixin.py:188} INFO - [2024-05-21T14:41:36.546+0000] {dagbag.py:545} INFO - Filling up the DagBag from /opt/airflow/dags/second_dag.py
[2024-05-21T14:41:36.579+0000] {processor.py:840} INFO - DAG(s) 'statistical_calculations_dag' retrieved from /opt/airflow/dags/second_dag.py
[2024-05-21T14:41:36.606+0000] {logging_mixin.py:188} INFO - [2024-05-21T14:41:36.606+0000] {dag.py:3096} INFO - Sync 1 DAGs
[2024-05-21T14:41:36.630+0000] {logging_mixin.py:188} INFO - [2024-05-21T14:41:36.629+0000] {dag.py:3954} INFO - Setting next_dagrun for statistical_calculations_dag to 2023-05-28 00:00:00+00:00, run_after=2023-05-29 00:00:00+00:00
[2024-05-21T14:41:36.660+0000] {processor.py:183} INFO - Processing /opt/airflow/dags/second_dag.py took 0.122 seconds
[2024-05-21T14:42:06.903+0000] {processor.py:161} INFO - Started process (PID=7990) to work on /opt/airflow/dags/second_dag.py
[2024-05-21T14:42:06.904+0000] {processor.py:830} INFO - Processing file /opt/airflow/dags/second_dag.py for tasks to queue
[2024-05-21T14:42:06.905+0000] {logging_mixin.py:188} INFO - [2024-05-21T14:42:06.905+0000] {dagbag.py:545} INFO - Filling up the DagBag from /opt/airflow/dags/second_dag.py
[2024-05-21T14:42:06.945+0000] {processor.py:840} INFO - DAG(s) 'statistical_calculations_dag' retrieved from /opt/airflow/dags/second_dag.py
[2024-05-21T14:42:06.967+0000] {logging_mixin.py:188} INFO - [2024-05-21T14:42:06.967+0000] {dag.py:3096} INFO - Sync 1 DAGs
[2024-05-21T14:42:06.988+0000] {logging_mixin.py:188} INFO - [2024-05-21T14:42:06.987+0000] {dag.py:3954} INFO - Setting next_dagrun for statistical_calculations_dag to 2023-07-11 00:00:00+00:00, run_after=2023-07-12 00:00:00+00:00
[2024-05-21T14:42:07.008+0000] {processor.py:183} INFO - Processing /opt/airflow/dags/second_dag.py took 0.113 seconds
[2024-05-21T14:42:37.126+0000] {processor.py:161} INFO - Started process (PID=8198) to work on /opt/airflow/dags/second_dag.py
[2024-05-21T14:42:37.127+0000] {processor.py:830} INFO - Processing file /opt/airflow/dags/second_dag.py for tasks to queue
[2024-05-21T14:42:37.128+0000] {logging_mixin.py:188} INFO - [2024-05-21T14:42:37.127+0000] {dagbag.py:545} INFO - Filling up the DagBag from /opt/airflow/dags/second_dag.py
[2024-05-21T14:42:37.159+0000] {processor.py:840} INFO - DAG(s) 'statistical_calculations_dag' retrieved from /opt/airflow/dags/second_dag.py
[2024-05-21T14:42:37.186+0000] {logging_mixin.py:188} INFO - [2024-05-21T14:42:37.185+0000] {dag.py:3096} INFO - Sync 1 DAGs
[2024-05-21T14:42:37.210+0000] {logging_mixin.py:188} INFO - [2024-05-21T14:42:37.209+0000] {dag.py:3954} INFO - Setting next_dagrun for statistical_calculations_dag to 2023-08-29 00:00:00+00:00, run_after=2023-08-30 00:00:00+00:00
[2024-05-21T14:42:37.231+0000] {processor.py:183} INFO - Processing /opt/airflow/dags/second_dag.py took 0.111 seconds
[2024-05-21T14:43:07.501+0000] {processor.py:161} INFO - Started process (PID=8398) to work on /opt/airflow/dags/second_dag.py
[2024-05-21T14:43:07.502+0000] {processor.py:830} INFO - Processing file /opt/airflow/dags/second_dag.py for tasks to queue
[2024-05-21T14:43:07.505+0000] {logging_mixin.py:188} INFO - [2024-05-21T14:43:07.504+0000] {dagbag.py:545} INFO - Filling up the DagBag from /opt/airflow/dags/second_dag.py
[2024-05-21T14:43:07.580+0000] {processor.py:840} INFO - DAG(s) 'statistical_calculations_dag' retrieved from /opt/airflow/dags/second_dag.py
[2024-05-21T14:43:07.614+0000] {logging_mixin.py:188} INFO - [2024-05-21T14:43:07.613+0000] {dag.py:3096} INFO - Sync 1 DAGs
[2024-05-21T14:43:07.648+0000] {logging_mixin.py:188} INFO - [2024-05-21T14:43:07.648+0000] {dag.py:3954} INFO - Setting next_dagrun for statistical_calculations_dag to 2023-10-20 00:00:00+00:00, run_after=2023-10-21 00:00:00+00:00
[2024-05-21T14:43:07.681+0000] {processor.py:183} INFO - Processing /opt/airflow/dags/second_dag.py took 0.192 seconds
[2024-05-21T14:43:37.928+0000] {processor.py:161} INFO - Started process (PID=8594) to work on /opt/airflow/dags/second_dag.py
[2024-05-21T14:43:37.929+0000] {processor.py:830} INFO - Processing file /opt/airflow/dags/second_dag.py for tasks to queue
[2024-05-21T14:43:37.930+0000] {logging_mixin.py:188} INFO - [2024-05-21T14:43:37.930+0000] {dagbag.py:545} INFO - Filling up the DagBag from /opt/airflow/dags/second_dag.py
[2024-05-21T14:43:37.971+0000] {processor.py:840} INFO - DAG(s) 'statistical_calculations_dag' retrieved from /opt/airflow/dags/second_dag.py
[2024-05-21T14:43:38.001+0000] {logging_mixin.py:188} INFO - [2024-05-21T14:43:38.001+0000] {dag.py:3096} INFO - Sync 1 DAGs
[2024-05-21T14:43:38.034+0000] {logging_mixin.py:188} INFO - [2024-05-21T14:43:38.034+0000] {dag.py:3954} INFO - Setting next_dagrun for statistical_calculations_dag to 2023-12-07 00:00:00+00:00, run_after=2023-12-08 00:00:00+00:00
[2024-05-21T14:43:38.060+0000] {processor.py:183} INFO - Processing /opt/airflow/dags/second_dag.py took 0.140 seconds
[2024-05-21T14:44:08.349+0000] {processor.py:161} INFO - Started process (PID=8810) to work on /opt/airflow/dags/second_dag.py
[2024-05-21T14:44:08.350+0000] {processor.py:830} INFO - Processing file /opt/airflow/dags/second_dag.py for tasks to queue
[2024-05-21T14:44:08.352+0000] {logging_mixin.py:188} INFO - [2024-05-21T14:44:08.351+0000] {dagbag.py:545} INFO - Filling up the DagBag from /opt/airflow/dags/second_dag.py
[2024-05-21T14:44:08.395+0000] {processor.py:840} INFO - DAG(s) 'statistical_calculations_dag' retrieved from /opt/airflow/dags/second_dag.py
[2024-05-21T14:44:08.431+0000] {logging_mixin.py:188} INFO - [2024-05-21T14:44:08.430+0000] {dag.py:3096} INFO - Sync 1 DAGs
[2024-05-21T14:44:08.462+0000] {logging_mixin.py:188} INFO - [2024-05-21T14:44:08.462+0000] {dag.py:3954} INFO - Setting next_dagrun for statistical_calculations_dag to 2024-01-27 00:00:00+00:00, run_after=2024-01-28 00:00:00+00:00
[2024-05-21T14:44:08.490+0000] {processor.py:183} INFO - Processing /opt/airflow/dags/second_dag.py took 0.150 seconds
[2024-05-21T14:44:38.713+0000] {processor.py:161} INFO - Started process (PID=8988) to work on /opt/airflow/dags/second_dag.py
[2024-05-21T14:44:38.714+0000] {processor.py:830} INFO - Processing file /opt/airflow/dags/second_dag.py for tasks to queue
[2024-05-21T14:44:38.715+0000] {logging_mixin.py:188} INFO - [2024-05-21T14:44:38.715+0000] {dagbag.py:545} INFO - Filling up the DagBag from /opt/airflow/dags/second_dag.py
[2024-05-21T14:44:38.749+0000] {processor.py:840} INFO - DAG(s) 'statistical_calculations_dag' retrieved from /opt/airflow/dags/second_dag.py
[2024-05-21T14:44:38.774+0000] {logging_mixin.py:188} INFO - [2024-05-21T14:44:38.774+0000] {dag.py:3096} INFO - Sync 1 DAGs
[2024-05-21T14:44:38.795+0000] {logging_mixin.py:188} INFO - [2024-05-21T14:44:38.795+0000] {dag.py:3954} INFO - Setting next_dagrun for statistical_calculations_dag to 2024-03-09 00:00:00+00:00, run_after=2024-03-10 00:00:00+00:00
[2024-05-21T14:44:38.824+0000] {processor.py:183} INFO - Processing /opt/airflow/dags/second_dag.py took 0.115 seconds
[2024-05-21T14:45:09.113+0000] {processor.py:161} INFO - Started process (PID=9187) to work on /opt/airflow/dags/second_dag.py
[2024-05-21T14:45:09.116+0000] {processor.py:830} INFO - Processing file /opt/airflow/dags/second_dag.py for tasks to queue
[2024-05-21T14:45:09.118+0000] {logging_mixin.py:188} INFO - [2024-05-21T14:45:09.117+0000] {dagbag.py:545} INFO - Filling up the DagBag from /opt/airflow/dags/second_dag.py
[2024-05-21T14:45:09.181+0000] {processor.py:840} INFO - DAG(s) 'statistical_calculations_dag' retrieved from /opt/airflow/dags/second_dag.py
[2024-05-21T14:45:09.236+0000] {logging_mixin.py:188} INFO - [2024-05-21T14:45:09.235+0000] {dag.py:3096} INFO - Sync 1 DAGs
[2024-05-21T14:45:09.280+0000] {logging_mixin.py:188} INFO - [2024-05-21T14:45:09.280+0000] {dag.py:3954} INFO - Setting next_dagrun for statistical_calculations_dag to 2024-04-26 00:00:00+00:00, run_after=2024-04-27 00:00:00+00:00
[2024-05-21T14:45:09.323+0000] {processor.py:183} INFO - Processing /opt/airflow/dags/second_dag.py took 0.219 seconds
[2024-05-21T14:45:39.456+0000] {processor.py:161} INFO - Started process (PID=9315) to work on /opt/airflow/dags/second_dag.py
[2024-05-21T14:45:39.457+0000] {processor.py:830} INFO - Processing file /opt/airflow/dags/second_dag.py for tasks to queue
[2024-05-21T14:45:39.458+0000] {logging_mixin.py:188} INFO - [2024-05-21T14:45:39.458+0000] {dagbag.py:545} INFO - Filling up the DagBag from /opt/airflow/dags/second_dag.py
[2024-05-21T14:45:39.491+0000] {processor.py:840} INFO - DAG(s) 'statistical_calculations_dag' retrieved from /opt/airflow/dags/second_dag.py
[2024-05-21T14:45:39.534+0000] {logging_mixin.py:188} INFO - [2024-05-21T14:45:39.534+0000] {dag.py:3096} INFO - Sync 1 DAGs
[2024-05-21T14:45:39.555+0000] {logging_mixin.py:188} INFO - [2024-05-21T14:45:39.554+0000] {dag.py:3954} INFO - Setting next_dagrun for statistical_calculations_dag to 2024-05-21 00:00:00+00:00, run_after=2024-05-22 00:00:00+00:00
[2024-05-21T14:45:39.576+0000] {processor.py:183} INFO - Processing /opt/airflow/dags/second_dag.py took 0.125 seconds
[2024-05-21T14:46:09.666+0000] {processor.py:161} INFO - Started process (PID=9323) to work on /opt/airflow/dags/second_dag.py
[2024-05-21T14:46:09.667+0000] {processor.py:830} INFO - Processing file /opt/airflow/dags/second_dag.py for tasks to queue
[2024-05-21T14:46:09.668+0000] {logging_mixin.py:188} INFO - [2024-05-21T14:46:09.668+0000] {dagbag.py:545} INFO - Filling up the DagBag from /opt/airflow/dags/second_dag.py
[2024-05-21T14:46:09.702+0000] {processor.py:840} INFO - DAG(s) 'statistical_calculations_dag' retrieved from /opt/airflow/dags/second_dag.py
[2024-05-21T14:46:09.725+0000] {logging_mixin.py:188} INFO - [2024-05-21T14:46:09.725+0000] {dag.py:3096} INFO - Sync 1 DAGs
[2024-05-21T14:46:09.742+0000] {logging_mixin.py:188} INFO - [2024-05-21T14:46:09.742+0000] {dag.py:3954} INFO - Setting next_dagrun for statistical_calculations_dag to 2024-05-21 00:00:00+00:00, run_after=2024-05-22 00:00:00+00:00
[2024-05-21T14:46:09.763+0000] {processor.py:183} INFO - Processing /opt/airflow/dags/second_dag.py took 0.102 seconds
[2024-05-21T14:46:40.007+0000] {processor.py:161} INFO - Started process (PID=9331) to work on /opt/airflow/dags/second_dag.py
[2024-05-21T14:46:40.008+0000] {processor.py:830} INFO - Processing file /opt/airflow/dags/second_dag.py for tasks to queue
[2024-05-21T14:46:40.009+0000] {logging_mixin.py:188} INFO - [2024-05-21T14:46:40.008+0000] {dagbag.py:545} INFO - Filling up the DagBag from /opt/airflow/dags/second_dag.py
[2024-05-21T14:46:40.041+0000] {processor.py:840} INFO - DAG(s) 'statistical_calculations_dag' retrieved from /opt/airflow/dags/second_dag.py
[2024-05-21T14:46:40.061+0000] {logging_mixin.py:188} INFO - [2024-05-21T14:46:40.061+0000] {dag.py:3096} INFO - Sync 1 DAGs
[2024-05-21T14:46:40.079+0000] {logging_mixin.py:188} INFO - [2024-05-21T14:46:40.079+0000] {dag.py:3954} INFO - Setting next_dagrun for statistical_calculations_dag to 2024-05-21 00:00:00+00:00, run_after=2024-05-22 00:00:00+00:00
[2024-05-21T14:46:40.098+0000] {processor.py:183} INFO - Processing /opt/airflow/dags/second_dag.py took 0.096 seconds
[2024-05-21T14:47:10.368+0000] {processor.py:161} INFO - Started process (PID=9339) to work on /opt/airflow/dags/second_dag.py
[2024-05-21T14:47:10.369+0000] {processor.py:830} INFO - Processing file /opt/airflow/dags/second_dag.py for tasks to queue
[2024-05-21T14:47:10.370+0000] {logging_mixin.py:188} INFO - [2024-05-21T14:47:10.370+0000] {dagbag.py:545} INFO - Filling up the DagBag from /opt/airflow/dags/second_dag.py
[2024-05-21T14:47:10.399+0000] {processor.py:840} INFO - DAG(s) 'statistical_calculations_dag' retrieved from /opt/airflow/dags/second_dag.py
[2024-05-21T14:47:10.423+0000] {logging_mixin.py:188} INFO - [2024-05-21T14:47:10.423+0000] {dag.py:3096} INFO - Sync 1 DAGs
[2024-05-21T14:47:10.441+0000] {logging_mixin.py:188} INFO - [2024-05-21T14:47:10.441+0000] {dag.py:3954} INFO - Setting next_dagrun for statistical_calculations_dag to 2024-05-21 00:00:00+00:00, run_after=2024-05-22 00:00:00+00:00
[2024-05-21T14:47:10.458+0000] {processor.py:183} INFO - Processing /opt/airflow/dags/second_dag.py took 0.094 seconds
[2024-05-21T14:47:40.716+0000] {processor.py:161} INFO - Started process (PID=9347) to work on /opt/airflow/dags/second_dag.py
[2024-05-21T14:47:40.717+0000] {processor.py:830} INFO - Processing file /opt/airflow/dags/second_dag.py for tasks to queue
[2024-05-21T14:47:40.718+0000] {logging_mixin.py:188} INFO - [2024-05-21T14:47:40.718+0000] {dagbag.py:545} INFO - Filling up the DagBag from /opt/airflow/dags/second_dag.py
[2024-05-21T14:47:40.747+0000] {processor.py:840} INFO - DAG(s) 'statistical_calculations_dag' retrieved from /opt/airflow/dags/second_dag.py
[2024-05-21T14:47:40.769+0000] {logging_mixin.py:188} INFO - [2024-05-21T14:47:40.769+0000] {dag.py:3096} INFO - Sync 1 DAGs
[2024-05-21T14:47:40.788+0000] {logging_mixin.py:188} INFO - [2024-05-21T14:47:40.788+0000] {dag.py:3954} INFO - Setting next_dagrun for statistical_calculations_dag to 2024-05-21 00:00:00+00:00, run_after=2024-05-22 00:00:00+00:00
[2024-05-21T14:47:40.807+0000] {processor.py:183} INFO - Processing /opt/airflow/dags/second_dag.py took 0.096 seconds
[2024-05-21T14:48:11.070+0000] {processor.py:161} INFO - Started process (PID=9355) to work on /opt/airflow/dags/second_dag.py
[2024-05-21T14:48:11.071+0000] {processor.py:830} INFO - Processing file /opt/airflow/dags/second_dag.py for tasks to queue
[2024-05-21T14:48:11.073+0000] {logging_mixin.py:188} INFO - [2024-05-21T14:48:11.073+0000] {dagbag.py:545} INFO - Filling up the DagBag from /opt/airflow/dags/second_dag.py
[2024-05-21T14:48:11.098+0000] {processor.py:840} INFO - DAG(s) 'statistical_calculations_dag' retrieved from /opt/airflow/dags/second_dag.py
[2024-05-21T14:48:11.119+0000] {logging_mixin.py:188} INFO - [2024-05-21T14:48:11.119+0000] {dag.py:3096} INFO - Sync 1 DAGs
[2024-05-21T14:48:11.135+0000] {logging_mixin.py:188} INFO - [2024-05-21T14:48:11.135+0000] {dag.py:3954} INFO - Setting next_dagrun for statistical_calculations_dag to 2024-05-21 00:00:00+00:00, run_after=2024-05-22 00:00:00+00:00
[2024-05-21T14:48:11.154+0000] {processor.py:183} INFO - Processing /opt/airflow/dags/second_dag.py took 0.089 seconds
[2024-05-21T14:48:41.428+0000] {processor.py:161} INFO - Started process (PID=9364) to work on /opt/airflow/dags/second_dag.py
[2024-05-21T14:48:41.429+0000] {processor.py:830} INFO - Processing file /opt/airflow/dags/second_dag.py for tasks to queue
[2024-05-21T14:48:41.430+0000] {logging_mixin.py:188} INFO - [2024-05-21T14:48:41.430+0000] {dagbag.py:545} INFO - Filling up the DagBag from /opt/airflow/dags/second_dag.py
[2024-05-21T14:48:41.469+0000] {processor.py:840} INFO - DAG(s) 'statistical_calculations_dag' retrieved from /opt/airflow/dags/second_dag.py
[2024-05-21T14:48:41.489+0000] {logging_mixin.py:188} INFO - [2024-05-21T14:48:41.489+0000] {dag.py:3096} INFO - Sync 1 DAGs
[2024-05-21T14:48:41.507+0000] {logging_mixin.py:188} INFO - [2024-05-21T14:48:41.506+0000] {dag.py:3954} INFO - Setting next_dagrun for statistical_calculations_dag to 2024-05-21 00:00:00+00:00, run_after=2024-05-22 00:00:00+00:00
[2024-05-21T14:48:41.529+0000] {processor.py:183} INFO - Processing /opt/airflow/dags/second_dag.py took 0.105 seconds
[2024-05-21T14:49:11.772+0000] {processor.py:161} INFO - Started process (PID=9372) to work on /opt/airflow/dags/second_dag.py
[2024-05-21T14:49:11.773+0000] {processor.py:830} INFO - Processing file /opt/airflow/dags/second_dag.py for tasks to queue
[2024-05-21T14:49:11.775+0000] {logging_mixin.py:188} INFO - [2024-05-21T14:49:11.774+0000] {dagbag.py:545} INFO - Filling up the DagBag from /opt/airflow/dags/second_dag.py
[2024-05-21T14:49:11.803+0000] {processor.py:840} INFO - DAG(s) 'statistical_calculations_dag' retrieved from /opt/airflow/dags/second_dag.py
[2024-05-21T14:49:11.823+0000] {logging_mixin.py:188} INFO - [2024-05-21T14:49:11.823+0000] {dag.py:3096} INFO - Sync 1 DAGs
[2024-05-21T14:49:11.841+0000] {logging_mixin.py:188} INFO - [2024-05-21T14:49:11.841+0000] {dag.py:3954} INFO - Setting next_dagrun for statistical_calculations_dag to 2024-05-21 00:00:00+00:00, run_after=2024-05-22 00:00:00+00:00
[2024-05-21T14:49:11.860+0000] {processor.py:183} INFO - Processing /opt/airflow/dags/second_dag.py took 0.092 seconds
[2024-05-21T14:49:42.076+0000] {processor.py:161} INFO - Started process (PID=9380) to work on /opt/airflow/dags/second_dag.py
[2024-05-21T14:49:42.077+0000] {processor.py:830} INFO - Processing file /opt/airflow/dags/second_dag.py for tasks to queue
[2024-05-21T14:49:42.078+0000] {logging_mixin.py:188} INFO - [2024-05-21T14:49:42.078+0000] {dagbag.py:545} INFO - Filling up the DagBag from /opt/airflow/dags/second_dag.py
[2024-05-21T14:49:42.106+0000] {processor.py:840} INFO - DAG(s) 'statistical_calculations_dag' retrieved from /opt/airflow/dags/second_dag.py
[2024-05-21T14:49:42.131+0000] {logging_mixin.py:188} INFO - [2024-05-21T14:49:42.131+0000] {dag.py:3096} INFO - Sync 1 DAGs
[2024-05-21T14:49:42.153+0000] {logging_mixin.py:188} INFO - [2024-05-21T14:49:42.153+0000] {dag.py:3954} INFO - Setting next_dagrun for statistical_calculations_dag to 2024-05-21 00:00:00+00:00, run_after=2024-05-22 00:00:00+00:00
[2024-05-21T14:49:42.176+0000] {processor.py:183} INFO - Processing /opt/airflow/dags/second_dag.py took 0.104 seconds
[2024-05-21T14:50:12.398+0000] {processor.py:161} INFO - Started process (PID=9388) to work on /opt/airflow/dags/second_dag.py
[2024-05-21T14:50:12.399+0000] {processor.py:830} INFO - Processing file /opt/airflow/dags/second_dag.py for tasks to queue
[2024-05-21T14:50:12.400+0000] {logging_mixin.py:188} INFO - [2024-05-21T14:50:12.400+0000] {dagbag.py:545} INFO - Filling up the DagBag from /opt/airflow/dags/second_dag.py
[2024-05-21T14:50:12.426+0000] {processor.py:840} INFO - DAG(s) 'statistical_calculations_dag' retrieved from /opt/airflow/dags/second_dag.py
[2024-05-21T14:50:12.446+0000] {logging_mixin.py:188} INFO - [2024-05-21T14:50:12.446+0000] {dag.py:3096} INFO - Sync 1 DAGs
[2024-05-21T14:50:12.461+0000] {logging_mixin.py:188} INFO - [2024-05-21T14:50:12.461+0000] {dag.py:3954} INFO - Setting next_dagrun for statistical_calculations_dag to 2024-05-21 00:00:00+00:00, run_after=2024-05-22 00:00:00+00:00
[2024-05-21T14:50:12.482+0000] {processor.py:183} INFO - Processing /opt/airflow/dags/second_dag.py took 0.088 seconds
[2024-05-21T14:50:42.704+0000] {processor.py:161} INFO - Started process (PID=9396) to work on /opt/airflow/dags/second_dag.py
[2024-05-21T14:50:42.705+0000] {processor.py:830} INFO - Processing file /opt/airflow/dags/second_dag.py for tasks to queue
[2024-05-21T14:50:42.707+0000] {logging_mixin.py:188} INFO - [2024-05-21T14:50:42.706+0000] {dagbag.py:545} INFO - Filling up the DagBag from /opt/airflow/dags/second_dag.py
[2024-05-21T14:50:42.739+0000] {processor.py:840} INFO - DAG(s) 'statistical_calculations_dag' retrieved from /opt/airflow/dags/second_dag.py
[2024-05-21T14:50:42.757+0000] {logging_mixin.py:188} INFO - [2024-05-21T14:50:42.757+0000] {dag.py:3096} INFO - Sync 1 DAGs
[2024-05-21T14:50:42.774+0000] {logging_mixin.py:188} INFO - [2024-05-21T14:50:42.774+0000] {dag.py:3954} INFO - Setting next_dagrun for statistical_calculations_dag to 2024-05-21 00:00:00+00:00, run_after=2024-05-22 00:00:00+00:00
[2024-05-21T14:50:42.792+0000] {processor.py:183} INFO - Processing /opt/airflow/dags/second_dag.py took 0.093 seconds
[2024-05-21T14:51:13.028+0000] {processor.py:161} INFO - Started process (PID=9404) to work on /opt/airflow/dags/second_dag.py
[2024-05-21T14:51:13.030+0000] {processor.py:830} INFO - Processing file /opt/airflow/dags/second_dag.py for tasks to queue
[2024-05-21T14:51:13.031+0000] {logging_mixin.py:188} INFO - [2024-05-21T14:51:13.031+0000] {dagbag.py:545} INFO - Filling up the DagBag from /opt/airflow/dags/second_dag.py
[2024-05-21T14:51:13.069+0000] {processor.py:840} INFO - DAG(s) 'statistical_calculations_dag' retrieved from /opt/airflow/dags/second_dag.py
[2024-05-21T14:51:13.087+0000] {logging_mixin.py:188} INFO - [2024-05-21T14:51:13.087+0000] {dag.py:3096} INFO - Sync 1 DAGs
[2024-05-21T14:51:13.103+0000] {logging_mixin.py:188} INFO - [2024-05-21T14:51:13.103+0000] {dag.py:3954} INFO - Setting next_dagrun for statistical_calculations_dag to 2024-05-21 00:00:00+00:00, run_after=2024-05-22 00:00:00+00:00
[2024-05-21T14:51:13.120+0000] {processor.py:183} INFO - Processing /opt/airflow/dags/second_dag.py took 0.095 seconds
[2024-05-21T14:51:43.322+0000] {processor.py:161} INFO - Started process (PID=9412) to work on /opt/airflow/dags/second_dag.py
[2024-05-21T14:51:43.323+0000] {processor.py:830} INFO - Processing file /opt/airflow/dags/second_dag.py for tasks to queue
[2024-05-21T14:51:43.325+0000] {logging_mixin.py:188} INFO - [2024-05-21T14:51:43.324+0000] {dagbag.py:545} INFO - Filling up the DagBag from /opt/airflow/dags/second_dag.py
[2024-05-21T14:51:43.357+0000] {processor.py:840} INFO - DAG(s) 'statistical_calculations_dag' retrieved from /opt/airflow/dags/second_dag.py
[2024-05-21T14:51:43.376+0000] {logging_mixin.py:188} INFO - [2024-05-21T14:51:43.376+0000] {dag.py:3096} INFO - Sync 1 DAGs
[2024-05-21T14:51:43.394+0000] {logging_mixin.py:188} INFO - [2024-05-21T14:51:43.394+0000] {dag.py:3954} INFO - Setting next_dagrun for statistical_calculations_dag to 2024-05-21 00:00:00+00:00, run_after=2024-05-22 00:00:00+00:00
[2024-05-21T14:51:43.416+0000] {processor.py:183} INFO - Processing /opt/airflow/dags/second_dag.py took 0.098 seconds
[2024-05-21T14:52:13.623+0000] {processor.py:161} INFO - Started process (PID=9420) to work on /opt/airflow/dags/second_dag.py
[2024-05-21T14:52:13.624+0000] {processor.py:830} INFO - Processing file /opt/airflow/dags/second_dag.py for tasks to queue
[2024-05-21T14:52:13.625+0000] {logging_mixin.py:188} INFO - [2024-05-21T14:52:13.625+0000] {dagbag.py:545} INFO - Filling up the DagBag from /opt/airflow/dags/second_dag.py
[2024-05-21T14:52:13.656+0000] {processor.py:840} INFO - DAG(s) 'statistical_calculations_dag' retrieved from /opt/airflow/dags/second_dag.py
[2024-05-21T14:52:13.675+0000] {logging_mixin.py:188} INFO - [2024-05-21T14:52:13.675+0000] {dag.py:3096} INFO - Sync 1 DAGs
[2024-05-21T14:52:13.693+0000] {logging_mixin.py:188} INFO - [2024-05-21T14:52:13.693+0000] {dag.py:3954} INFO - Setting next_dagrun for statistical_calculations_dag to 2024-05-21 00:00:00+00:00, run_after=2024-05-22 00:00:00+00:00
[2024-05-21T14:52:13.711+0000] {processor.py:183} INFO - Processing /opt/airflow/dags/second_dag.py took 0.093 seconds
[2024-05-21T14:52:43.908+0000] {processor.py:161} INFO - Started process (PID=9428) to work on /opt/airflow/dags/second_dag.py
[2024-05-21T14:52:43.909+0000] {processor.py:830} INFO - Processing file /opt/airflow/dags/second_dag.py for tasks to queue
[2024-05-21T14:52:43.910+0000] {logging_mixin.py:188} INFO - [2024-05-21T14:52:43.910+0000] {dagbag.py:545} INFO - Filling up the DagBag from /opt/airflow/dags/second_dag.py
[2024-05-21T14:52:43.937+0000] {processor.py:840} INFO - DAG(s) 'statistical_calculations_dag' retrieved from /opt/airflow/dags/second_dag.py
[2024-05-21T14:52:43.956+0000] {logging_mixin.py:188} INFO - [2024-05-21T14:52:43.956+0000] {dag.py:3096} INFO - Sync 1 DAGs
[2024-05-21T14:52:43.973+0000] {logging_mixin.py:188} INFO - [2024-05-21T14:52:43.973+0000] {dag.py:3954} INFO - Setting next_dagrun for statistical_calculations_dag to 2024-05-21 00:00:00+00:00, run_after=2024-05-22 00:00:00+00:00
[2024-05-21T14:52:43.991+0000] {processor.py:183} INFO - Processing /opt/airflow/dags/second_dag.py took 0.087 seconds
[2024-05-21T14:53:14.219+0000] {processor.py:161} INFO - Started process (PID=9436) to work on /opt/airflow/dags/second_dag.py
[2024-05-21T14:53:14.220+0000] {processor.py:830} INFO - Processing file /opt/airflow/dags/second_dag.py for tasks to queue
[2024-05-21T14:53:14.221+0000] {logging_mixin.py:188} INFO - [2024-05-21T14:53:14.221+0000] {dagbag.py:545} INFO - Filling up the DagBag from /opt/airflow/dags/second_dag.py
[2024-05-21T14:53:14.249+0000] {processor.py:840} INFO - DAG(s) 'statistical_calculations_dag' retrieved from /opt/airflow/dags/second_dag.py
[2024-05-21T14:53:14.270+0000] {logging_mixin.py:188} INFO - [2024-05-21T14:53:14.270+0000] {dag.py:3096} INFO - Sync 1 DAGs
[2024-05-21T14:53:14.286+0000] {logging_mixin.py:188} INFO - [2024-05-21T14:53:14.286+0000] {dag.py:3954} INFO - Setting next_dagrun for statistical_calculations_dag to 2024-05-21 00:00:00+00:00, run_after=2024-05-22 00:00:00+00:00
[2024-05-21T14:53:14.306+0000] {processor.py:183} INFO - Processing /opt/airflow/dags/second_dag.py took 0.091 seconds
[2024-05-21T14:53:44.543+0000] {processor.py:161} INFO - Started process (PID=9444) to work on /opt/airflow/dags/second_dag.py
[2024-05-21T14:53:44.545+0000] {processor.py:830} INFO - Processing file /opt/airflow/dags/second_dag.py for tasks to queue
[2024-05-21T14:53:44.545+0000] {logging_mixin.py:188} INFO - [2024-05-21T14:53:44.545+0000] {dagbag.py:545} INFO - Filling up the DagBag from /opt/airflow/dags/second_dag.py
[2024-05-21T14:53:44.572+0000] {processor.py:840} INFO - DAG(s) 'statistical_calculations_dag' retrieved from /opt/airflow/dags/second_dag.py
[2024-05-21T14:53:44.592+0000] {logging_mixin.py:188} INFO - [2024-05-21T14:53:44.592+0000] {dag.py:3096} INFO - Sync 1 DAGs
[2024-05-21T14:53:44.608+0000] {logging_mixin.py:188} INFO - [2024-05-21T14:53:44.608+0000] {dag.py:3954} INFO - Setting next_dagrun for statistical_calculations_dag to 2024-05-21 00:00:00+00:00, run_after=2024-05-22 00:00:00+00:00
[2024-05-21T14:53:44.627+0000] {processor.py:183} INFO - Processing /opt/airflow/dags/second_dag.py took 0.088 seconds
[2024-05-21T14:54:14.870+0000] {processor.py:161} INFO - Started process (PID=9452) to work on /opt/airflow/dags/second_dag.py
[2024-05-21T14:54:14.871+0000] {processor.py:830} INFO - Processing file /opt/airflow/dags/second_dag.py for tasks to queue
[2024-05-21T14:54:14.872+0000] {logging_mixin.py:188} INFO - [2024-05-21T14:54:14.872+0000] {dagbag.py:545} INFO - Filling up the DagBag from /opt/airflow/dags/second_dag.py
[2024-05-21T14:54:14.902+0000] {processor.py:840} INFO - DAG(s) 'statistical_calculations_dag' retrieved from /opt/airflow/dags/second_dag.py
[2024-05-21T14:54:14.923+0000] {logging_mixin.py:188} INFO - [2024-05-21T14:54:14.923+0000] {dag.py:3096} INFO - Sync 1 DAGs
[2024-05-21T14:54:14.940+0000] {logging_mixin.py:188} INFO - [2024-05-21T14:54:14.940+0000] {dag.py:3954} INFO - Setting next_dagrun for statistical_calculations_dag to 2024-05-21 00:00:00+00:00, run_after=2024-05-22 00:00:00+00:00
[2024-05-21T14:54:14.957+0000] {processor.py:183} INFO - Processing /opt/airflow/dags/second_dag.py took 0.092 seconds
[2024-05-21T14:54:45.214+0000] {processor.py:161} INFO - Started process (PID=9460) to work on /opt/airflow/dags/second_dag.py
[2024-05-21T14:54:45.215+0000] {processor.py:830} INFO - Processing file /opt/airflow/dags/second_dag.py for tasks to queue
[2024-05-21T14:54:45.215+0000] {logging_mixin.py:188} INFO - [2024-05-21T14:54:45.215+0000] {dagbag.py:545} INFO - Filling up the DagBag from /opt/airflow/dags/second_dag.py
[2024-05-21T14:54:45.243+0000] {processor.py:840} INFO - DAG(s) 'statistical_calculations_dag' retrieved from /opt/airflow/dags/second_dag.py
[2024-05-21T14:54:45.265+0000] {logging_mixin.py:188} INFO - [2024-05-21T14:54:45.265+0000] {dag.py:3096} INFO - Sync 1 DAGs
[2024-05-21T14:54:45.287+0000] {logging_mixin.py:188} INFO - [2024-05-21T14:54:45.287+0000] {dag.py:3954} INFO - Setting next_dagrun for statistical_calculations_dag to 2024-05-21 00:00:00+00:00, run_after=2024-05-22 00:00:00+00:00
[2024-05-21T14:54:45.312+0000] {processor.py:183} INFO - Processing /opt/airflow/dags/second_dag.py took 0.104 seconds
[2024-05-21T14:55:15.535+0000] {processor.py:161} INFO - Started process (PID=9468) to work on /opt/airflow/dags/second_dag.py
[2024-05-21T14:55:15.536+0000] {processor.py:830} INFO - Processing file /opt/airflow/dags/second_dag.py for tasks to queue
[2024-05-21T14:55:15.537+0000] {logging_mixin.py:188} INFO - [2024-05-21T14:55:15.537+0000] {dagbag.py:545} INFO - Filling up the DagBag from /opt/airflow/dags/second_dag.py
[2024-05-21T14:55:15.568+0000] {processor.py:840} INFO - DAG(s) 'statistical_calculations_dag' retrieved from /opt/airflow/dags/second_dag.py
[2024-05-21T14:55:15.590+0000] {logging_mixin.py:188} INFO - [2024-05-21T14:55:15.590+0000] {dag.py:3096} INFO - Sync 1 DAGs
[2024-05-21T14:55:15.610+0000] {logging_mixin.py:188} INFO - [2024-05-21T14:55:15.610+0000] {dag.py:3954} INFO - Setting next_dagrun for statistical_calculations_dag to 2024-05-21 00:00:00+00:00, run_after=2024-05-22 00:00:00+00:00
[2024-05-21T14:55:15.633+0000] {processor.py:183} INFO - Processing /opt/airflow/dags/second_dag.py took 0.104 seconds
[2024-05-21T14:55:45.871+0000] {processor.py:161} INFO - Started process (PID=9476) to work on /opt/airflow/dags/second_dag.py
[2024-05-21T14:55:45.872+0000] {processor.py:830} INFO - Processing file /opt/airflow/dags/second_dag.py for tasks to queue
[2024-05-21T14:55:45.873+0000] {logging_mixin.py:188} INFO - [2024-05-21T14:55:45.873+0000] {dagbag.py:545} INFO - Filling up the DagBag from /opt/airflow/dags/second_dag.py
[2024-05-21T14:55:45.905+0000] {processor.py:840} INFO - DAG(s) 'statistical_calculations_dag' retrieved from /opt/airflow/dags/second_dag.py
[2024-05-21T14:55:45.925+0000] {logging_mixin.py:188} INFO - [2024-05-21T14:55:45.925+0000] {dag.py:3096} INFO - Sync 1 DAGs
[2024-05-21T14:55:45.944+0000] {logging_mixin.py:188} INFO - [2024-05-21T14:55:45.944+0000] {dag.py:3954} INFO - Setting next_dagrun for statistical_calculations_dag to 2024-05-21 00:00:00+00:00, run_after=2024-05-22 00:00:00+00:00
[2024-05-21T14:55:45.967+0000] {processor.py:183} INFO - Processing /opt/airflow/dags/second_dag.py took 0.101 seconds
[2024-05-21T14:56:16.190+0000] {processor.py:161} INFO - Started process (PID=9484) to work on /opt/airflow/dags/second_dag.py
[2024-05-21T14:56:16.191+0000] {processor.py:830} INFO - Processing file /opt/airflow/dags/second_dag.py for tasks to queue
[2024-05-21T14:56:16.192+0000] {logging_mixin.py:188} INFO - [2024-05-21T14:56:16.191+0000] {dagbag.py:545} INFO - Filling up the DagBag from /opt/airflow/dags/second_dag.py
[2024-05-21T14:56:16.217+0000] {processor.py:840} INFO - DAG(s) 'statistical_calculations_dag' retrieved from /opt/airflow/dags/second_dag.py
[2024-05-21T14:56:16.238+0000] {logging_mixin.py:188} INFO - [2024-05-21T14:56:16.237+0000] {dag.py:3096} INFO - Sync 1 DAGs
[2024-05-21T14:56:16.255+0000] {logging_mixin.py:188} INFO - [2024-05-21T14:56:16.255+0000] {dag.py:3954} INFO - Setting next_dagrun for statistical_calculations_dag to 2024-05-21 00:00:00+00:00, run_after=2024-05-22 00:00:00+00:00
[2024-05-21T14:56:16.277+0000] {processor.py:183} INFO - Processing /opt/airflow/dags/second_dag.py took 0.092 seconds
[2024-05-21T14:56:46.539+0000] {processor.py:161} INFO - Started process (PID=9492) to work on /opt/airflow/dags/second_dag.py
[2024-05-21T14:56:46.540+0000] {processor.py:830} INFO - Processing file /opt/airflow/dags/second_dag.py for tasks to queue
[2024-05-21T14:56:46.541+0000] {logging_mixin.py:188} INFO - [2024-05-21T14:56:46.541+0000] {dagbag.py:545} INFO - Filling up the DagBag from /opt/airflow/dags/second_dag.py
[2024-05-21T14:56:46.574+0000] {processor.py:840} INFO - DAG(s) 'statistical_calculations_dag' retrieved from /opt/airflow/dags/second_dag.py
[2024-05-21T14:56:46.595+0000] {logging_mixin.py:188} INFO - [2024-05-21T14:56:46.595+0000] {dag.py:3096} INFO - Sync 1 DAGs
[2024-05-21T14:56:46.612+0000] {logging_mixin.py:188} INFO - [2024-05-21T14:56:46.612+0000] {dag.py:3954} INFO - Setting next_dagrun for statistical_calculations_dag to 2024-05-21 00:00:00+00:00, run_after=2024-05-22 00:00:00+00:00
[2024-05-21T14:56:46.630+0000] {processor.py:183} INFO - Processing /opt/airflow/dags/second_dag.py took 0.095 seconds
[2024-05-21T14:57:16.866+0000] {processor.py:161} INFO - Started process (PID=9500) to work on /opt/airflow/dags/second_dag.py
[2024-05-21T14:57:16.867+0000] {processor.py:830} INFO - Processing file /opt/airflow/dags/second_dag.py for tasks to queue
[2024-05-21T14:57:16.868+0000] {logging_mixin.py:188} INFO - [2024-05-21T14:57:16.868+0000] {dagbag.py:545} INFO - Filling up the DagBag from /opt/airflow/dags/second_dag.py
[2024-05-21T14:57:16.894+0000] {processor.py:840} INFO - DAG(s) 'statistical_calculations_dag' retrieved from /opt/airflow/dags/second_dag.py
[2024-05-21T14:57:16.919+0000] {logging_mixin.py:188} INFO - [2024-05-21T14:57:16.919+0000] {dag.py:3096} INFO - Sync 1 DAGs
[2024-05-21T14:57:16.938+0000] {logging_mixin.py:188} INFO - [2024-05-21T14:57:16.938+0000] {dag.py:3954} INFO - Setting next_dagrun for statistical_calculations_dag to 2024-05-21 00:00:00+00:00, run_after=2024-05-22 00:00:00+00:00
[2024-05-21T14:57:16.956+0000] {processor.py:183} INFO - Processing /opt/airflow/dags/second_dag.py took 0.095 seconds
[2024-05-21T14:57:47.207+0000] {processor.py:161} INFO - Started process (PID=9508) to work on /opt/airflow/dags/second_dag.py
[2024-05-21T14:57:47.208+0000] {processor.py:830} INFO - Processing file /opt/airflow/dags/second_dag.py for tasks to queue
[2024-05-21T14:57:47.209+0000] {logging_mixin.py:188} INFO - [2024-05-21T14:57:47.209+0000] {dagbag.py:545} INFO - Filling up the DagBag from /opt/airflow/dags/second_dag.py
[2024-05-21T14:57:47.237+0000] {processor.py:840} INFO - DAG(s) 'statistical_calculations_dag' retrieved from /opt/airflow/dags/second_dag.py
[2024-05-21T14:57:47.258+0000] {logging_mixin.py:188} INFO - [2024-05-21T14:57:47.258+0000] {dag.py:3096} INFO - Sync 1 DAGs
[2024-05-21T14:57:47.278+0000] {logging_mixin.py:188} INFO - [2024-05-21T14:57:47.277+0000] {dag.py:3954} INFO - Setting next_dagrun for statistical_calculations_dag to 2024-05-21 00:00:00+00:00, run_after=2024-05-22 00:00:00+00:00
[2024-05-21T14:57:47.298+0000] {processor.py:183} INFO - Processing /opt/airflow/dags/second_dag.py took 0.095 seconds
[2024-05-21T14:58:17.519+0000] {processor.py:161} INFO - Started process (PID=9517) to work on /opt/airflow/dags/second_dag.py
[2024-05-21T14:58:17.520+0000] {processor.py:830} INFO - Processing file /opt/airflow/dags/second_dag.py for tasks to queue
[2024-05-21T14:58:17.521+0000] {logging_mixin.py:188} INFO - [2024-05-21T14:58:17.521+0000] {dagbag.py:545} INFO - Filling up the DagBag from /opt/airflow/dags/second_dag.py
[2024-05-21T14:58:17.554+0000] {processor.py:840} INFO - DAG(s) 'statistical_calculations_dag' retrieved from /opt/airflow/dags/second_dag.py
[2024-05-21T14:58:17.577+0000] {logging_mixin.py:188} INFO - [2024-05-21T14:58:17.577+0000] {dag.py:3096} INFO - Sync 1 DAGs
[2024-05-21T14:58:17.596+0000] {logging_mixin.py:188} INFO - [2024-05-21T14:58:17.596+0000] {dag.py:3954} INFO - Setting next_dagrun for statistical_calculations_dag to 2024-05-21 00:00:00+00:00, run_after=2024-05-22 00:00:00+00:00
[2024-05-21T14:58:17.616+0000] {processor.py:183} INFO - Processing /opt/airflow/dags/second_dag.py took 0.101 seconds
[2024-05-21T14:58:47.889+0000] {processor.py:161} INFO - Started process (PID=9525) to work on /opt/airflow/dags/second_dag.py
[2024-05-21T14:58:47.890+0000] {processor.py:830} INFO - Processing file /opt/airflow/dags/second_dag.py for tasks to queue
[2024-05-21T14:58:47.891+0000] {logging_mixin.py:188} INFO - [2024-05-21T14:58:47.891+0000] {dagbag.py:545} INFO - Filling up the DagBag from /opt/airflow/dags/second_dag.py
[2024-05-21T14:58:47.917+0000] {processor.py:840} INFO - DAG(s) 'statistical_calculations_dag' retrieved from /opt/airflow/dags/second_dag.py
[2024-05-21T14:58:47.937+0000] {logging_mixin.py:188} INFO - [2024-05-21T14:58:47.936+0000] {dag.py:3096} INFO - Sync 1 DAGs
[2024-05-21T14:58:47.954+0000] {logging_mixin.py:188} INFO - [2024-05-21T14:58:47.954+0000] {dag.py:3954} INFO - Setting next_dagrun for statistical_calculations_dag to 2024-05-21 00:00:00+00:00, run_after=2024-05-22 00:00:00+00:00
[2024-05-21T14:58:47.972+0000] {processor.py:183} INFO - Processing /opt/airflow/dags/second_dag.py took 0.088 seconds
