[2024-05-21T14:45:26.925+0000] {local_task_job_runner.py:120} INFO - ::group::Pre task execution logs
[2024-05-21T14:45:26.948+0000] {taskinstance.py:2076} INFO - Dependencies all met for dep_context=non-requeueable deps ti=<TaskInstance: statistical_calculations_dag.print_statistics scheduled__2024-05-18T00:00:00+00:00 [queued]>
[2024-05-21T14:45:26.958+0000] {taskinstance.py:2076} INFO - Dependencies all met for dep_context=requeueable deps ti=<TaskInstance: statistical_calculations_dag.print_statistics scheduled__2024-05-18T00:00:00+00:00 [queued]>
[2024-05-21T14:45:26.959+0000] {taskinstance.py:2306} INFO - Starting attempt 1 of 6
[2024-05-21T14:45:26.975+0000] {taskinstance.py:2330} INFO - Executing <Task(PythonOperator): print_statistics> on 2024-05-18 00:00:00+00:00
[2024-05-21T14:45:26.981+0000] {warnings.py:110} WARNING - /home/***/.local/lib/python3.12/site-packages/***/task/task_runner/standard_task_runner.py:61: DeprecationWarning: This process (pid=11496) is multi-threaded, use of fork() may lead to deadlocks in the child.
  pid = os.fork()

[2024-05-21T14:45:26.983+0000] {standard_task_runner.py:63} INFO - Started process 11500 to run task
[2024-05-21T14:45:26.983+0000] {standard_task_runner.py:90} INFO - Running: ['***', 'tasks', 'run', 'statistical_calculations_dag', 'print_statistics', 'scheduled__2024-05-18T00:00:00+00:00', '--job-id', '4376', '--raw', '--subdir', 'DAGS_FOLDER/second_dag.py', '--cfg-path', '/tmp/tmp5rnt5u3h']
[2024-05-21T14:45:26.984+0000] {standard_task_runner.py:91} INFO - Job 4376: Subtask print_statistics
[2024-05-21T14:45:27.028+0000] {task_command.py:426} INFO - Running <TaskInstance: statistical_calculations_dag.print_statistics scheduled__2024-05-18T00:00:00+00:00 [running]> on host c420abfdc210
[2024-05-21T14:45:27.117+0000] {taskinstance.py:2648} INFO - Exporting env vars: AIRFLOW_CTX_DAG_OWNER='test' AIRFLOW_CTX_DAG_ID='statistical_calculations_dag' AIRFLOW_CTX_TASK_ID='print_statistics' AIRFLOW_CTX_EXECUTION_DATE='2024-05-18T00:00:00+00:00' AIRFLOW_CTX_TRY_NUMBER='1' AIRFLOW_CTX_DAG_RUN_ID='scheduled__2024-05-18T00:00:00+00:00'
[2024-05-21T14:45:27.118+0000] {taskinstance.py:430} INFO - ::endgroup::
[2024-05-21T14:45:27.145+0000] {logging_mixin.py:188} INFO - Les nombres générés ont une moyenne de 53.15 et une variance de 833.280303030303.
[2024-05-21T14:45:27.146+0000] {python.py:237} INFO - Done. Returned value was: None
[2024-05-21T14:45:27.146+0000] {taskinstance.py:441} INFO - ::group::Post task execution logs
[2024-05-21T14:45:27.155+0000] {taskinstance.py:1206} INFO - Marking task as SUCCESS. dag_id=statistical_calculations_dag, task_id=print_statistics, run_id=scheduled__2024-05-18T00:00:00+00:00, execution_date=20240518T000000, start_date=20240521T144526, end_date=20240521T144527
[2024-05-21T14:45:27.197+0000] {local_task_job_runner.py:240} INFO - Task exited with return code 0
[2024-05-21T14:45:27.211+0000] {taskinstance.py:3498} INFO - 0 downstream tasks scheduled from follow-on schedule check
[2024-05-21T14:45:27.214+0000] {local_task_job_runner.py:222} INFO - ::endgroup::
