[2024-05-21T14:31:49.608+0000] {local_task_job_runner.py:120} INFO - ::group::Pre task execution logs
[2024-05-21T14:31:49.633+0000] {taskinstance.py:2076} INFO - Dependencies all met for dep_context=non-requeueable deps ti=<TaskInstance: our_dag_with_python_operator_v07.greet scheduled__2022-04-17T00:00:00+00:00 [queued]>
[2024-05-21T14:31:49.644+0000] {taskinstance.py:2076} INFO - Dependencies all met for dep_context=requeueable deps ti=<TaskInstance: our_dag_with_python_operator_v07.greet scheduled__2022-04-17T00:00:00+00:00 [queued]>
[2024-05-21T14:31:49.646+0000] {taskinstance.py:2306} INFO - Starting attempt 1 of 6
[2024-05-21T14:31:49.663+0000] {taskinstance.py:2330} INFO - Executing <Task(PythonOperator): greet> on 2022-04-17 00:00:00+00:00
[2024-05-21T14:31:49.672+0000] {warnings.py:110} WARNING - /home/***/.local/lib/python3.12/site-packages/***/task/task_runner/standard_task_runner.py:61: DeprecationWarning: This process (pid=3738) is multi-threaded, use of fork() may lead to deadlocks in the child.
  pid = os.fork()

[2024-05-21T14:31:49.675+0000] {standard_task_runner.py:63} INFO - Started process 3743 to run task
[2024-05-21T14:31:49.674+0000] {standard_task_runner.py:90} INFO - Running: ['***', 'tasks', 'run', 'our_dag_with_python_operator_v07', 'greet', 'scheduled__2022-04-17T00:00:00+00:00', '--job-id', '600', '--raw', '--subdir', 'DAGS_FOLDER/second_dag.py', '--cfg-path', '/tmp/tmpocbi2lz7']
[2024-05-21T14:31:49.676+0000] {standard_task_runner.py:91} INFO - Job 600: Subtask greet
[2024-05-21T14:31:49.724+0000] {task_command.py:426} INFO - Running <TaskInstance: our_dag_with_python_operator_v07.greet scheduled__2022-04-17T00:00:00+00:00 [running]> on host c420abfdc210
[2024-05-21T14:31:49.810+0000] {taskinstance.py:2648} INFO - Exporting env vars: AIRFLOW_CTX_DAG_OWNER='test' AIRFLOW_CTX_DAG_ID='our_dag_with_python_operator_v07' AIRFLOW_CTX_TASK_ID='greet' AIRFLOW_CTX_EXECUTION_DATE='2022-04-17T00:00:00+00:00' AIRFLOW_CTX_TRY_NUMBER='1' AIRFLOW_CTX_DAG_RUN_ID='scheduled__2022-04-17T00:00:00+00:00'
[2024-05-21T14:31:49.811+0000] {taskinstance.py:430} INFO - ::endgroup::
[2024-05-21T14:31:49.824+0000] {logging_mixin.py:188} INFO - some dict:  {'a': 1, 'b': 2}
[2024-05-21T14:31:49.847+0000] {logging_mixin.py:188} INFO - Hello World! My name is Jerry Fridman, and I am 19 years old!
[2024-05-21T14:31:49.847+0000] {python.py:237} INFO - Done. Returned value was: None
[2024-05-21T14:31:49.848+0000] {taskinstance.py:441} INFO - ::group::Post task execution logs
[2024-05-21T14:31:49.857+0000] {taskinstance.py:1206} INFO - Marking task as SUCCESS. dag_id=our_dag_with_python_operator_v07, task_id=greet, run_id=scheduled__2022-04-17T00:00:00+00:00, execution_date=20220417T000000, start_date=20240521T143149, end_date=20240521T143149
[2024-05-21T14:31:49.889+0000] {local_task_job_runner.py:240} INFO - Task exited with return code 0
[2024-05-21T14:31:49.907+0000] {taskinstance.py:3498} INFO - 0 downstream tasks scheduled from follow-on schedule check
[2024-05-21T14:31:49.911+0000] {local_task_job_runner.py:222} INFO - ::endgroup::
