[2024-05-27T13:56:26.058+0000] {local_task_job_runner.py:120} INFO - ::group::Pre task execution logs
[2024-05-27T13:56:26.080+0000] {taskinstance.py:2076} INFO - Dependencies all met for dep_context=non-requeueable deps ti=<TaskInstance: dag_with_postgres_operator_v03.create_postgres_table manual__2024-05-27T13:56:25.593718+00:00 [queued]>
[2024-05-27T13:56:26.088+0000] {taskinstance.py:2076} INFO - Dependencies all met for dep_context=requeueable deps ti=<TaskInstance: dag_with_postgres_operator_v03.create_postgres_table manual__2024-05-27T13:56:25.593718+00:00 [queued]>
[2024-05-27T13:56:26.089+0000] {taskinstance.py:2306} INFO - Starting attempt 1 of 6
[2024-05-27T13:56:26.105+0000] {taskinstance.py:2330} INFO - Executing <Task(PostgresOperator): create_postgres_table> on 2024-05-27 13:56:25.593718+00:00
[2024-05-27T13:56:26.112+0000] {warnings.py:110} WARNING - /home/***/.local/lib/python3.12/site-packages/***/task/task_runner/standard_task_runner.py:61: DeprecationWarning: This process (pid=213) is multi-threaded, use of fork() may lead to deadlocks in the child.
  pid = os.fork()

[2024-05-27T13:56:26.115+0000] {standard_task_runner.py:63} INFO - Started process 214 to run task
[2024-05-27T13:56:26.115+0000] {standard_task_runner.py:90} INFO - Running: ['***', 'tasks', 'run', 'dag_with_postgres_operator_v03', 'create_postgres_table', 'manual__2024-05-27T13:56:25.593718+00:00', '--job-id', '133', '--raw', '--subdir', 'DAGS_FOLDER/dag_with_postgres_operator.py', '--cfg-path', '/tmp/tmpn9oxl2kc']
[2024-05-27T13:56:26.116+0000] {standard_task_runner.py:91} INFO - Job 133: Subtask create_postgres_table
[2024-05-27T13:56:26.161+0000] {task_command.py:426} INFO - Running <TaskInstance: dag_with_postgres_operator_v03.create_postgres_table manual__2024-05-27T13:56:25.593718+00:00 [running]> on host d44ae21ae39e
[2024-05-27T13:56:26.230+0000] {taskinstance.py:2648} INFO - Exporting env vars: AIRFLOW_CTX_DAG_OWNER='test' AIRFLOW_CTX_DAG_ID='dag_with_postgres_operator_v03' AIRFLOW_CTX_TASK_ID='create_postgres_table' AIRFLOW_CTX_EXECUTION_DATE='2024-05-27T13:56:25.593718+00:00' AIRFLOW_CTX_TRY_NUMBER='1' AIRFLOW_CTX_DAG_RUN_ID='manual__2024-05-27T13:56:25.593718+00:00'
[2024-05-27T13:56:26.231+0000] {taskinstance.py:430} INFO - ::endgroup::
[2024-05-27T13:56:26.241+0000] {sql.py:276} INFO - Executing: 
            create table if not exists dag_runs (
                dt date,
                dag_id character varying,
                primary key (dt, dag_id)
            )
        
[2024-05-27T13:56:26.248+0000] {base.py:84} INFO - Using connection ID 'postgres_localhost' for task execution.
[2024-05-27T13:56:26.256+0000] {base.py:84} INFO - Using connection ID 'postgres_localhost' for task execution.
[2024-05-27T13:56:26.267+0000] {sql.py:470} INFO - Running statement: 
            create table if not exists dag_runs (
                dt date,
                dag_id character varying,
                primary key (dt, dag_id)
            )
        , parameters: None
[2024-05-27T13:56:26.272+0000] {taskinstance.py:441} INFO - ::group::Post task execution logs
[2024-05-27T13:56:26.279+0000] {taskinstance.py:1206} INFO - Marking task as SUCCESS. dag_id=dag_with_postgres_operator_v03, task_id=create_postgres_table, run_id=manual__2024-05-27T13:56:25.593718+00:00, execution_date=20240527T135625, start_date=20240527T135626, end_date=20240527T135626
[2024-05-27T13:56:26.330+0000] {local_task_job_runner.py:240} INFO - Task exited with return code 0
[2024-05-27T13:56:26.342+0000] {taskinstance.py:3498} INFO - 0 downstream tasks scheduled from follow-on schedule check
[2024-05-27T13:56:26.345+0000] {local_task_job_runner.py:222} INFO - ::endgroup::
