[2024-05-21T14:32:34.632+0000] {local_task_job_runner.py:120} INFO - ::group::Pre task execution logs
[2024-05-21T14:32:34.659+0000] {taskinstance.py:2076} INFO - Dependencies all met for dep_context=non-requeueable deps ti=<TaskInstance: our_dag_with_python_operator_v07.greet scheduled__2022-06-26T00:00:00+00:00 [queued]>
[2024-05-21T14:32:34.671+0000] {taskinstance.py:2076} INFO - Dependencies all met for dep_context=requeueable deps ti=<TaskInstance: our_dag_with_python_operator_v07.greet scheduled__2022-06-26T00:00:00+00:00 [queued]>
[2024-05-21T14:32:34.672+0000] {taskinstance.py:2306} INFO - Starting attempt 1 of 6
[2024-05-21T14:32:34.696+0000] {taskinstance.py:2330} INFO - Executing <Task(PythonOperator): greet> on 2022-06-26 00:00:00+00:00
[2024-05-21T14:32:34.704+0000] {warnings.py:110} WARNING - /home/***/.local/lib/python3.12/site-packages/***/task/task_runner/standard_task_runner.py:61: DeprecationWarning: This process (pid=4170) is multi-threaded, use of fork() may lead to deadlocks in the child.
  pid = os.fork()

[2024-05-21T14:32:34.706+0000] {standard_task_runner.py:63} INFO - Started process 4183 to run task
[2024-05-21T14:32:34.705+0000] {standard_task_runner.py:90} INFO - Running: ['***', 'tasks', 'run', 'our_dag_with_python_operator_v07', 'greet', 'scheduled__2022-06-26T00:00:00+00:00', '--job-id', '812', '--raw', '--subdir', 'DAGS_FOLDER/second_dag.py', '--cfg-path', '/tmp/tmppjlqehph']
[2024-05-21T14:32:34.707+0000] {standard_task_runner.py:91} INFO - Job 812: Subtask greet
[2024-05-21T14:32:34.770+0000] {task_command.py:426} INFO - Running <TaskInstance: our_dag_with_python_operator_v07.greet scheduled__2022-06-26T00:00:00+00:00 [running]> on host c420abfdc210
[2024-05-21T14:32:34.886+0000] {taskinstance.py:2648} INFO - Exporting env vars: AIRFLOW_CTX_DAG_OWNER='test' AIRFLOW_CTX_DAG_ID='our_dag_with_python_operator_v07' AIRFLOW_CTX_TASK_ID='greet' AIRFLOW_CTX_EXECUTION_DATE='2022-06-26T00:00:00+00:00' AIRFLOW_CTX_TRY_NUMBER='1' AIRFLOW_CTX_DAG_RUN_ID='scheduled__2022-06-26T00:00:00+00:00'
[2024-05-21T14:32:34.888+0000] {taskinstance.py:430} INFO - ::endgroup::
[2024-05-21T14:32:34.910+0000] {logging_mixin.py:188} INFO - some dict:  {'a': 1, 'b': 2}
[2024-05-21T14:32:34.947+0000] {logging_mixin.py:188} INFO - Hello World! My name is Jerry Fridman, and I am 19 years old!
[2024-05-21T14:32:34.948+0000] {python.py:237} INFO - Done. Returned value was: None
[2024-05-21T14:32:34.949+0000] {taskinstance.py:441} INFO - ::group::Post task execution logs
[2024-05-21T14:32:34.962+0000] {taskinstance.py:1206} INFO - Marking task as SUCCESS. dag_id=our_dag_with_python_operator_v07, task_id=greet, run_id=scheduled__2022-06-26T00:00:00+00:00, execution_date=20220626T000000, start_date=20240521T143234, end_date=20240521T143234
[2024-05-21T14:32:35.001+0000] {local_task_job_runner.py:240} INFO - Task exited with return code 0
[2024-05-21T14:32:35.021+0000] {taskinstance.py:3498} INFO - 0 downstream tasks scheduled from follow-on schedule check
[2024-05-21T14:32:35.025+0000] {local_task_job_runner.py:222} INFO - ::endgroup::
