[2024-05-27T11:52:09.953+0000] {local_task_job_runner.py:120} INFO - ::group::Pre task execution logs
[2024-05-27T11:52:10.003+0000] {taskinstance.py:2076} INFO - Dependencies all met for dep_context=non-requeueable deps ti=<TaskInstance: our_first_dag_v5.first_task scheduled__2024-05-23T00:00:00+00:00 [queued]>
[2024-05-27T11:52:10.018+0000] {taskinstance.py:2076} INFO - Dependencies all met for dep_context=requeueable deps ti=<TaskInstance: our_first_dag_v5.first_task scheduled__2024-05-23T00:00:00+00:00 [queued]>
[2024-05-27T11:52:10.019+0000] {taskinstance.py:2306} INFO - Starting attempt 1 of 6
[2024-05-27T11:52:10.075+0000] {taskinstance.py:2330} INFO - Executing <Task(BashOperator): first_task> on 2024-05-23 00:00:00+00:00
[2024-05-27T11:52:10.086+0000] {warnings.py:110} WARNING - /home/***/.local/lib/python3.12/site-packages/***/task/task_runner/standard_task_runner.py:61: DeprecationWarning: This process (pid=1245) is multi-threaded, use of fork() may lead to deadlocks in the child.
  pid = os.fork()

[2024-05-27T11:52:10.089+0000] {standard_task_runner.py:63} INFO - Started process 1256 to run task
[2024-05-27T11:52:10.086+0000] {standard_task_runner.py:90} INFO - Running: ['***', 'tasks', 'run', 'our_first_dag_v5', 'first_task', 'scheduled__2024-05-23T00:00:00+00:00', '--job-id', '8', '--raw', '--subdir', 'DAGS_FOLDER/first_dag.py', '--cfg-path', '/tmp/tmpbrb4mms8']
[2024-05-27T11:52:10.117+0000] {standard_task_runner.py:91} INFO - Job 8: Subtask first_task
[2024-05-27T11:52:10.183+0000] {task_command.py:426} INFO - Running <TaskInstance: our_first_dag_v5.first_task scheduled__2024-05-23T00:00:00+00:00 [running]> on host a264f606ca81
[2024-05-27T11:52:10.407+0000] {taskinstance.py:2648} INFO - Exporting env vars: AIRFLOW_CTX_DAG_OWNER='Meier' AIRFLOW_CTX_DAG_ID='our_first_dag_v5' AIRFLOW_CTX_TASK_ID='first_task' AIRFLOW_CTX_EXECUTION_DATE='2024-05-23T00:00:00+00:00' AIRFLOW_CTX_TRY_NUMBER='1' AIRFLOW_CTX_DAG_RUN_ID='scheduled__2024-05-23T00:00:00+00:00'
[2024-05-27T11:52:10.414+0000] {taskinstance.py:430} INFO - ::endgroup::
[2024-05-27T11:52:10.502+0000] {subprocess.py:63} INFO - Tmp dir root location: /tmp
[2024-05-27T11:52:10.508+0000] {subprocess.py:75} INFO - Running command: ['/usr/bin/bash', '-c', 'echo hello world, this is the first task!']
[2024-05-27T11:52:10.534+0000] {subprocess.py:86} INFO - Output:
[2024-05-27T11:52:10.538+0000] {subprocess.py:93} INFO - hello world, this is the first task!
[2024-05-27T11:52:10.543+0000] {subprocess.py:97} INFO - Command exited with return code 0
[2024-05-27T11:52:10.550+0000] {taskinstance.py:441} INFO - ::group::Post task execution logs
[2024-05-27T11:52:10.655+0000] {taskinstance.py:1206} INFO - Marking task as SUCCESS. dag_id=our_first_dag_v5, task_id=first_task, run_id=scheduled__2024-05-23T00:00:00+00:00, execution_date=20240523T000000, start_date=20240527T115210, end_date=20240527T115210
[2024-05-27T11:52:10.711+0000] {local_task_job_runner.py:240} INFO - Task exited with return code 0
[2024-05-27T11:52:10.742+0000] {taskinstance.py:3498} INFO - 2 downstream tasks scheduled from follow-on schedule check
[2024-05-27T11:52:10.745+0000] {local_task_job_runner.py:222} INFO - ::endgroup::
