[2024-05-21T14:41:02.396+0000] {local_task_job_runner.py:120} INFO - ::group::Pre task execution logs
[2024-05-21T14:41:02.413+0000] {taskinstance.py:2076} INFO - Dependencies all met for dep_context=non-requeueable deps ti=<TaskInstance: statistical_calculations_dag.print_statistics scheduled__2023-03-29T00:00:00+00:00 [queued]>
[2024-05-21T14:41:02.420+0000] {taskinstance.py:2076} INFO - Dependencies all met for dep_context=requeueable deps ti=<TaskInstance: statistical_calculations_dag.print_statistics scheduled__2023-03-29T00:00:00+00:00 [queued]>
[2024-05-21T14:41:02.420+0000] {taskinstance.py:2306} INFO - Starting attempt 1 of 6
[2024-05-21T14:41:02.432+0000] {taskinstance.py:2330} INFO - Executing <Task(PythonOperator): print_statistics> on 2023-03-29 00:00:00+00:00
[2024-05-21T14:41:02.438+0000] {warnings.py:110} WARNING - /home/***/.local/lib/python3.12/site-packages/***/task/task_runner/standard_task_runner.py:61: DeprecationWarning: This process (pid=8938) is multi-threaded, use of fork() may lead to deadlocks in the child.
  pid = os.fork()

[2024-05-21T14:41:02.439+0000] {standard_task_runner.py:63} INFO - Started process 8940 to run task
[2024-05-21T14:41:02.439+0000] {standard_task_runner.py:90} INFO - Running: ['***', 'tasks', 'run', 'statistical_calculations_dag', 'print_statistics', 'scheduled__2023-03-29T00:00:00+00:00', '--job-id', '3124', '--raw', '--subdir', 'DAGS_FOLDER/second_dag.py', '--cfg-path', '/tmp/tmpz1n10brg']
[2024-05-21T14:41:02.440+0000] {standard_task_runner.py:91} INFO - Job 3124: Subtask print_statistics
[2024-05-21T14:41:02.476+0000] {task_command.py:426} INFO - Running <TaskInstance: statistical_calculations_dag.print_statistics scheduled__2023-03-29T00:00:00+00:00 [running]> on host c420abfdc210
[2024-05-21T14:41:02.549+0000] {taskinstance.py:2648} INFO - Exporting env vars: AIRFLOW_CTX_DAG_OWNER='test' AIRFLOW_CTX_DAG_ID='statistical_calculations_dag' AIRFLOW_CTX_TASK_ID='print_statistics' AIRFLOW_CTX_EXECUTION_DATE='2023-03-29T00:00:00+00:00' AIRFLOW_CTX_TRY_NUMBER='1' AIRFLOW_CTX_DAG_RUN_ID='scheduled__2023-03-29T00:00:00+00:00'
[2024-05-21T14:41:02.549+0000] {taskinstance.py:430} INFO - ::endgroup::
[2024-05-21T14:41:02.572+0000] {logging_mixin.py:188} INFO - Les nombres générés ont une moyenne de 49.77 et une variance de 874.4213131313131.
[2024-05-21T14:41:02.573+0000] {python.py:237} INFO - Done. Returned value was: None
[2024-05-21T14:41:02.573+0000] {taskinstance.py:441} INFO - ::group::Post task execution logs
[2024-05-21T14:41:02.581+0000] {taskinstance.py:1206} INFO - Marking task as SUCCESS. dag_id=statistical_calculations_dag, task_id=print_statistics, run_id=scheduled__2023-03-29T00:00:00+00:00, execution_date=20230329T000000, start_date=20240521T144102, end_date=20240521T144102
[2024-05-21T14:41:02.613+0000] {local_task_job_runner.py:240} INFO - Task exited with return code 0
[2024-05-21T14:41:02.625+0000] {taskinstance.py:3498} INFO - 0 downstream tasks scheduled from follow-on schedule check
[2024-05-21T14:41:02.629+0000] {local_task_job_runner.py:222} INFO - ::endgroup::
