[2024-05-21T14:44:26.779+0000] {local_task_job_runner.py:120} INFO - ::group::Pre task execution logs
[2024-05-21T14:44:26.807+0000] {taskinstance.py:2076} INFO - Dependencies all met for dep_context=non-requeueable deps ti=<TaskInstance: statistical_calculations_dag.print_statistics scheduled__2024-02-14T00:00:00+00:00 [queued]>
[2024-05-21T14:44:26.816+0000] {taskinstance.py:2076} INFO - Dependencies all met for dep_context=requeueable deps ti=<TaskInstance: statistical_calculations_dag.print_statistics scheduled__2024-02-14T00:00:00+00:00 [queued]>
[2024-05-21T14:44:26.817+0000] {taskinstance.py:2306} INFO - Starting attempt 1 of 6
[2024-05-21T14:44:26.834+0000] {taskinstance.py:2330} INFO - Executing <Task(PythonOperator): print_statistics> on 2024-02-14 00:00:00+00:00
[2024-05-21T14:44:26.843+0000] {warnings.py:110} WARNING - /home/***/.local/lib/python3.12/site-packages/***/task/task_runner/standard_task_runner.py:61: DeprecationWarning: This process (pid=10924) is multi-threaded, use of fork() may lead to deadlocks in the child.
  pid = os.fork()

[2024-05-21T14:44:26.844+0000] {standard_task_runner.py:63} INFO - Started process 10931 to run task
[2024-05-21T14:44:26.845+0000] {standard_task_runner.py:90} INFO - Running: ['***', 'tasks', 'run', 'statistical_calculations_dag', 'print_statistics', 'scheduled__2024-02-14T00:00:00+00:00', '--job-id', '4097', '--raw', '--subdir', 'DAGS_FOLDER/second_dag.py', '--cfg-path', '/tmp/tmpa6l7hl8n']
[2024-05-21T14:44:26.846+0000] {standard_task_runner.py:91} INFO - Job 4097: Subtask print_statistics
[2024-05-21T14:44:26.905+0000] {task_command.py:426} INFO - Running <TaskInstance: statistical_calculations_dag.print_statistics scheduled__2024-02-14T00:00:00+00:00 [running]> on host c420abfdc210
[2024-05-21T14:44:27.035+0000] {taskinstance.py:2648} INFO - Exporting env vars: AIRFLOW_CTX_DAG_OWNER='test' AIRFLOW_CTX_DAG_ID='statistical_calculations_dag' AIRFLOW_CTX_TASK_ID='print_statistics' AIRFLOW_CTX_EXECUTION_DATE='2024-02-14T00:00:00+00:00' AIRFLOW_CTX_TRY_NUMBER='1' AIRFLOW_CTX_DAG_RUN_ID='scheduled__2024-02-14T00:00:00+00:00'
[2024-05-21T14:44:27.037+0000] {taskinstance.py:430} INFO - ::endgroup::
[2024-05-21T14:44:27.071+0000] {logging_mixin.py:188} INFO - Les nombres générés ont une moyenne de 49.25 et une variance de 767.1590909090909.
[2024-05-21T14:44:27.072+0000] {python.py:237} INFO - Done. Returned value was: None
[2024-05-21T14:44:27.073+0000] {taskinstance.py:441} INFO - ::group::Post task execution logs
[2024-05-21T14:44:27.084+0000] {taskinstance.py:1206} INFO - Marking task as SUCCESS. dag_id=statistical_calculations_dag, task_id=print_statistics, run_id=scheduled__2024-02-14T00:00:00+00:00, execution_date=20240214T000000, start_date=20240521T144426, end_date=20240521T144427
[2024-05-21T14:44:27.139+0000] {local_task_job_runner.py:240} INFO - Task exited with return code 0
[2024-05-21T14:44:27.158+0000] {taskinstance.py:3498} INFO - 0 downstream tasks scheduled from follow-on schedule check
[2024-05-21T14:44:27.162+0000] {local_task_job_runner.py:222} INFO - ::endgroup::
