[2024-05-27T14:21:11.179+0000] {local_task_job_runner.py:120} INFO - ::group::Pre task execution logs
[2024-05-27T14:21:11.202+0000] {taskinstance.py:2076} INFO - Dependencies all met for dep_context=non-requeueable deps ti=<TaskInstance: dag_with_postgres_operator_v03.create_postgres_table manual__2024-05-27T14:21:10.694012+00:00 [queued]>
[2024-05-27T14:21:11.211+0000] {taskinstance.py:2076} INFO - Dependencies all met for dep_context=requeueable deps ti=<TaskInstance: dag_with_postgres_operator_v03.create_postgres_table manual__2024-05-27T14:21:10.694012+00:00 [queued]>
[2024-05-27T14:21:11.211+0000] {taskinstance.py:2306} INFO - Starting attempt 1 of 6
[2024-05-27T14:21:11.224+0000] {taskinstance.py:2330} INFO - Executing <Task(PostgresOperator): create_postgres_table> on 2024-05-27 14:21:10.694012+00:00
[2024-05-27T14:21:11.229+0000] {warnings.py:110} WARNING - /home/***/.local/lib/python3.12/site-packages/***/task/task_runner/standard_task_runner.py:61: DeprecationWarning: This process (pid=558) is multi-threaded, use of fork() may lead to deadlocks in the child.
  pid = os.fork()

[2024-05-27T14:21:11.230+0000] {standard_task_runner.py:63} INFO - Started process 559 to run task
[2024-05-27T14:21:11.230+0000] {standard_task_runner.py:90} INFO - Running: ['***', 'tasks', 'run', 'dag_with_postgres_operator_v03', 'create_postgres_table', 'manual__2024-05-27T14:21:10.694012+00:00', '--job-id', '140', '--raw', '--subdir', 'DAGS_FOLDER/dag_with_postgres_operator.py', '--cfg-path', '/tmp/tmp8v2cpd6a']
[2024-05-27T14:21:11.231+0000] {standard_task_runner.py:91} INFO - Job 140: Subtask create_postgres_table
[2024-05-27T14:21:11.273+0000] {task_command.py:426} INFO - Running <TaskInstance: dag_with_postgres_operator_v03.create_postgres_table manual__2024-05-27T14:21:10.694012+00:00 [running]> on host d44ae21ae39e
[2024-05-27T14:21:11.343+0000] {taskinstance.py:2648} INFO - Exporting env vars: AIRFLOW_CTX_DAG_OWNER='test' AIRFLOW_CTX_DAG_ID='dag_with_postgres_operator_v03' AIRFLOW_CTX_TASK_ID='create_postgres_table' AIRFLOW_CTX_EXECUTION_DATE='2024-05-27T14:21:10.694012+00:00' AIRFLOW_CTX_TRY_NUMBER='1' AIRFLOW_CTX_DAG_RUN_ID='manual__2024-05-27T14:21:10.694012+00:00'
[2024-05-27T14:21:11.344+0000] {taskinstance.py:430} INFO - ::endgroup::
[2024-05-27T14:21:11.354+0000] {sql.py:276} INFO - Executing: 
            create table if not exists dag_runs (
                dt date,
                dag_id character varying,
                primary key (dt, dag_id)
            )
        
[2024-05-27T14:21:11.361+0000] {base.py:84} INFO - Using connection ID 'postgres_localhost' for task execution.
[2024-05-27T14:21:11.368+0000] {base.py:84} INFO - Using connection ID 'postgres_localhost' for task execution.
[2024-05-27T14:21:11.380+0000] {sql.py:470} INFO - Running statement: 
            create table if not exists dag_runs (
                dt date,
                dag_id character varying,
                primary key (dt, dag_id)
            )
        , parameters: None
[2024-05-27T14:21:11.384+0000] {taskinstance.py:441} INFO - ::group::Post task execution logs
[2024-05-27T14:21:11.391+0000] {taskinstance.py:1206} INFO - Marking task as SUCCESS. dag_id=dag_with_postgres_operator_v03, task_id=create_postgres_table, run_id=manual__2024-05-27T14:21:10.694012+00:00, execution_date=20240527T142110, start_date=20240527T142111, end_date=20240527T142111
[2024-05-27T14:21:11.404+0000] {local_task_job_runner.py:240} INFO - Task exited with return code 0
[2024-05-27T14:21:11.412+0000] {warnings.py:110} WARNING - /home/***/.local/lib/python3.12/site-packages/***/models/baseoperator.py:1296: AirflowProviderDeprecationWarning: Call to deprecated class PostgresOperator. (Please use `***.providers.common.sql.operators.sql.SQLExecuteQueryOperator`.Also, you can provide `hook_params={'schema': <database>}`.)
  result = cls.__new__(cls)

[2024-05-27T14:21:11.420+0000] {taskinstance.py:3498} INFO - 1 downstream tasks scheduled from follow-on schedule check
[2024-05-27T14:21:11.423+0000] {local_task_job_runner.py:222} INFO - ::endgroup::
