[2024-05-27T14:24:29.269+0000] {local_task_job_runner.py:120} INFO - ::group::Pre task execution logs
[2024-05-27T14:24:29.287+0000] {taskinstance.py:2076} INFO - Dependencies all met for dep_context=non-requeueable deps ti=<TaskInstance: dag_with_postgres_operator_v03.create_postgres_table manual__2024-05-27T14:24:28.694131+00:00 [queued]>
[2024-05-27T14:24:29.294+0000] {taskinstance.py:2076} INFO - Dependencies all met for dep_context=requeueable deps ti=<TaskInstance: dag_with_postgres_operator_v03.create_postgres_table manual__2024-05-27T14:24:28.694131+00:00 [queued]>
[2024-05-27T14:24:29.295+0000] {taskinstance.py:2306} INFO - Starting attempt 1 of 6
[2024-05-27T14:24:29.311+0000] {taskinstance.py:2330} INFO - Executing <Task(PostgresOperator): create_postgres_table> on 2024-05-27 14:24:28.694131+00:00
[2024-05-27T14:24:29.318+0000] {warnings.py:110} WARNING - /home/***/.local/lib/python3.12/site-packages/***/task/task_runner/standard_task_runner.py:61: DeprecationWarning: This process (pid=605) is multi-threaded, use of fork() may lead to deadlocks in the child.
  pid = os.fork()

[2024-05-27T14:24:29.320+0000] {standard_task_runner.py:63} INFO - Started process 606 to run task
[2024-05-27T14:24:29.320+0000] {standard_task_runner.py:90} INFO - Running: ['***', 'tasks', 'run', 'dag_with_postgres_operator_v03', 'create_postgres_table', 'manual__2024-05-27T14:24:28.694131+00:00', '--job-id', '143', '--raw', '--subdir', 'DAGS_FOLDER/dag_with_postgres_operator.py', '--cfg-path', '/tmp/tmpg2phuhym']
[2024-05-27T14:24:29.321+0000] {standard_task_runner.py:91} INFO - Job 143: Subtask create_postgres_table
[2024-05-27T14:24:29.362+0000] {task_command.py:426} INFO - Running <TaskInstance: dag_with_postgres_operator_v03.create_postgres_table manual__2024-05-27T14:24:28.694131+00:00 [running]> on host d44ae21ae39e
[2024-05-27T14:24:29.434+0000] {taskinstance.py:2648} INFO - Exporting env vars: AIRFLOW_CTX_DAG_OWNER='test' AIRFLOW_CTX_DAG_ID='dag_with_postgres_operator_v03' AIRFLOW_CTX_TASK_ID='create_postgres_table' AIRFLOW_CTX_EXECUTION_DATE='2024-05-27T14:24:28.694131+00:00' AIRFLOW_CTX_TRY_NUMBER='1' AIRFLOW_CTX_DAG_RUN_ID='manual__2024-05-27T14:24:28.694131+00:00'
[2024-05-27T14:24:29.435+0000] {taskinstance.py:430} INFO - ::endgroup::
[2024-05-27T14:24:29.447+0000] {sql.py:276} INFO - Executing: 
            create table if not exists dag_runs (
                dt date,
                dag_id character varying,
                primary key (dt, dag_id)
            )
        
[2024-05-27T14:24:29.455+0000] {base.py:84} INFO - Using connection ID 'postgres_localhost' for task execution.
[2024-05-27T14:24:29.463+0000] {base.py:84} INFO - Using connection ID 'postgres_localhost' for task execution.
[2024-05-27T14:24:29.475+0000] {sql.py:470} INFO - Running statement: 
            create table if not exists dag_runs (
                dt date,
                dag_id character varying,
                primary key (dt, dag_id)
            )
        , parameters: None
[2024-05-27T14:24:29.481+0000] {taskinstance.py:441} INFO - ::group::Post task execution logs
[2024-05-27T14:24:29.488+0000] {taskinstance.py:1206} INFO - Marking task as SUCCESS. dag_id=dag_with_postgres_operator_v03, task_id=create_postgres_table, run_id=manual__2024-05-27T14:24:28.694131+00:00, execution_date=20240527T142428, start_date=20240527T142429, end_date=20240527T142429
[2024-05-27T14:24:29.536+0000] {local_task_job_runner.py:240} INFO - Task exited with return code 0
[2024-05-27T14:24:29.543+0000] {warnings.py:110} WARNING - /home/***/.local/lib/python3.12/site-packages/***/models/baseoperator.py:1296: AirflowProviderDeprecationWarning: Call to deprecated class PostgresOperator. (Please use `***.providers.common.sql.operators.sql.SQLExecuteQueryOperator`.Also, you can provide `hook_params={'schema': <database>}`.)
  result = cls.__new__(cls)

[2024-05-27T14:24:29.552+0000] {taskinstance.py:3498} INFO - 1 downstream tasks scheduled from follow-on schedule check
[2024-05-27T14:24:29.555+0000] {local_task_job_runner.py:222} INFO - ::endgroup::
