[2024-05-21T14:35:36.799+0000] {local_task_job_runner.py:120} INFO - ::group::Pre task execution logs
[2024-05-21T14:35:36.815+0000] {taskinstance.py:2076} INFO - Dependencies all met for dep_context=non-requeueable deps ti=<TaskInstance: statistical_calculations_dag.print_statistics scheduled__2021-10-28T00:00:00+00:00 [queued]>
[2024-05-21T14:35:36.822+0000] {taskinstance.py:2076} INFO - Dependencies all met for dep_context=requeueable deps ti=<TaskInstance: statistical_calculations_dag.print_statistics scheduled__2021-10-28T00:00:00+00:00 [queued]>
[2024-05-21T14:35:36.823+0000] {taskinstance.py:2306} INFO - Starting attempt 1 of 6
[2024-05-21T14:35:36.835+0000] {taskinstance.py:2330} INFO - Executing <Task(PythonOperator): print_statistics> on 2021-10-28 00:00:00+00:00
[2024-05-21T14:35:36.840+0000] {warnings.py:110} WARNING - /home/***/.local/lib/python3.12/site-packages/***/task/task_runner/standard_task_runner.py:61: DeprecationWarning: This process (pid=5766) is multi-threaded, use of fork() may lead to deadlocks in the child.
  pid = os.fork()

[2024-05-21T14:35:36.842+0000] {standard_task_runner.py:90} INFO - Running: ['***', 'tasks', 'run', 'statistical_calculations_dag', 'print_statistics', 'scheduled__2021-10-28T00:00:00+00:00', '--job-id', '1573', '--raw', '--subdir', 'DAGS_FOLDER/second_dag.py', '--cfg-path', '/tmp/tmpxgreq561']
[2024-05-21T14:35:36.843+0000] {standard_task_runner.py:63} INFO - Started process 5767 to run task
[2024-05-21T14:35:36.844+0000] {standard_task_runner.py:91} INFO - Job 1573: Subtask print_statistics
[2024-05-21T14:35:36.882+0000] {task_command.py:426} INFO - Running <TaskInstance: statistical_calculations_dag.print_statistics scheduled__2021-10-28T00:00:00+00:00 [running]> on host c420abfdc210
[2024-05-21T14:35:36.953+0000] {taskinstance.py:2648} INFO - Exporting env vars: AIRFLOW_CTX_DAG_OWNER='test' AIRFLOW_CTX_DAG_ID='statistical_calculations_dag' AIRFLOW_CTX_TASK_ID='print_statistics' AIRFLOW_CTX_EXECUTION_DATE='2021-10-28T00:00:00+00:00' AIRFLOW_CTX_TRY_NUMBER='1' AIRFLOW_CTX_DAG_RUN_ID='scheduled__2021-10-28T00:00:00+00:00'
[2024-05-21T14:35:36.956+0000] {taskinstance.py:430} INFO - ::endgroup::
[2024-05-21T14:35:36.979+0000] {logging_mixin.py:188} INFO - Les nombres générés ont une moyenne de 50.72 et une variance de 911.1329292929292.
[2024-05-21T14:35:36.980+0000] {python.py:237} INFO - Done. Returned value was: None
[2024-05-21T14:35:36.980+0000] {taskinstance.py:441} INFO - ::group::Post task execution logs
[2024-05-21T14:35:36.987+0000] {taskinstance.py:1206} INFO - Marking task as SUCCESS. dag_id=statistical_calculations_dag, task_id=print_statistics, run_id=scheduled__2021-10-28T00:00:00+00:00, execution_date=20211028T000000, start_date=20240521T143536, end_date=20240521T143536
[2024-05-21T14:35:37.017+0000] {local_task_job_runner.py:240} INFO - Task exited with return code 0
[2024-05-21T14:35:37.029+0000] {taskinstance.py:3498} INFO - 0 downstream tasks scheduled from follow-on schedule check
[2024-05-21T14:35:37.033+0000] {local_task_job_runner.py:222} INFO - ::endgroup::
