[2024-05-21T14:41:52.617+0000] {local_task_job_runner.py:120} INFO - ::group::Pre task execution logs
[2024-05-21T14:41:52.647+0000] {taskinstance.py:2076} INFO - Dependencies all met for dep_context=non-requeueable deps ti=<TaskInstance: statistical_calculations_dag.print_statistics scheduled__2023-06-13T00:00:00+00:00 [queued]>
[2024-05-21T14:41:52.660+0000] {taskinstance.py:2076} INFO - Dependencies all met for dep_context=requeueable deps ti=<TaskInstance: statistical_calculations_dag.print_statistics scheduled__2023-06-13T00:00:00+00:00 [queued]>
[2024-05-21T14:41:52.661+0000] {taskinstance.py:2306} INFO - Starting attempt 1 of 6
[2024-05-21T14:41:52.682+0000] {taskinstance.py:2330} INFO - Executing <Task(PythonOperator): print_statistics> on 2023-06-13 00:00:00+00:00
[2024-05-21T14:41:52.692+0000] {warnings.py:110} WARNING - /home/***/.local/lib/python3.12/site-packages/***/task/task_runner/standard_task_runner.py:61: DeprecationWarning: This process (pid=9436) is multi-threaded, use of fork() may lead to deadlocks in the child.
  pid = os.fork()

[2024-05-21T14:41:52.694+0000] {standard_task_runner.py:63} INFO - Started process 9448 to run task
[2024-05-21T14:41:52.694+0000] {standard_task_runner.py:90} INFO - Running: ['***', 'tasks', 'run', 'statistical_calculations_dag', 'print_statistics', 'scheduled__2023-06-13T00:00:00+00:00', '--job-id', '3368', '--raw', '--subdir', 'DAGS_FOLDER/second_dag.py', '--cfg-path', '/tmp/tmpql0kcr1o']
[2024-05-21T14:41:52.697+0000] {standard_task_runner.py:91} INFO - Job 3368: Subtask print_statistics
[2024-05-21T14:41:52.778+0000] {task_command.py:426} INFO - Running <TaskInstance: statistical_calculations_dag.print_statistics scheduled__2023-06-13T00:00:00+00:00 [running]> on host c420abfdc210
[2024-05-21T14:41:52.938+0000] {taskinstance.py:2648} INFO - Exporting env vars: AIRFLOW_CTX_DAG_OWNER='test' AIRFLOW_CTX_DAG_ID='statistical_calculations_dag' AIRFLOW_CTX_TASK_ID='print_statistics' AIRFLOW_CTX_EXECUTION_DATE='2023-06-13T00:00:00+00:00' AIRFLOW_CTX_TRY_NUMBER='1' AIRFLOW_CTX_DAG_RUN_ID='scheduled__2023-06-13T00:00:00+00:00'
[2024-05-21T14:41:52.942+0000] {taskinstance.py:430} INFO - ::endgroup::
[2024-05-21T14:41:52.993+0000] {logging_mixin.py:188} INFO - Les nombres générés ont une moyenne de 47.25 et une variance de 799.1388888888889.
[2024-05-21T14:41:53.010+0000] {python.py:237} INFO - Done. Returned value was: None
[2024-05-21T14:41:53.017+0000] {taskinstance.py:441} INFO - ::group::Post task execution logs
[2024-05-21T14:41:53.037+0000] {taskinstance.py:1206} INFO - Marking task as SUCCESS. dag_id=statistical_calculations_dag, task_id=print_statistics, run_id=scheduled__2023-06-13T00:00:00+00:00, execution_date=20230613T000000, start_date=20240521T144152, end_date=20240521T144153
[2024-05-21T14:41:53.112+0000] {local_task_job_runner.py:240} INFO - Task exited with return code 0
[2024-05-21T14:41:53.142+0000] {taskinstance.py:3498} INFO - 0 downstream tasks scheduled from follow-on schedule check
[2024-05-21T14:41:53.152+0000] {local_task_job_runner.py:222} INFO - ::endgroup::
