[2024-05-27T10:22:39.610+0000] {processor.py:161} INFO - Started process (PID=45) to work on /opt/airflow/dags/first_dag.py
[2024-05-27T10:22:39.611+0000] {processor.py:830} INFO - Processing file /opt/airflow/dags/first_dag.py for tasks to queue
[2024-05-27T10:22:39.614+0000] {logging_mixin.py:188} INFO - [2024-05-27T10:22:39.613+0000] {dagbag.py:545} INFO - Filling up the DagBag from /opt/airflow/dags/first_dag.py
[2024-05-27T10:22:39.636+0000] {processor.py:840} INFO - DAG(s) 'our_first_dag_v5' retrieved from /opt/airflow/dags/first_dag.py
[2024-05-27T10:22:39.776+0000] {logging_mixin.py:188} INFO - [2024-05-27T10:22:39.775+0000] {override.py:1829} INFO - Created Permission View: can delete on DAG:our_first_dag_v5
[2024-05-27T10:22:39.791+0000] {logging_mixin.py:188} INFO - [2024-05-27T10:22:39.791+0000] {override.py:1829} INFO - Created Permission View: can read on DAG:our_first_dag_v5
[2024-05-27T10:22:39.799+0000] {logging_mixin.py:188} INFO - [2024-05-27T10:22:39.799+0000] {override.py:1829} INFO - Created Permission View: can edit on DAG:our_first_dag_v5
[2024-05-27T10:22:39.800+0000] {logging_mixin.py:188} INFO - [2024-05-27T10:22:39.800+0000] {dag.py:3096} INFO - Sync 1 DAGs
[2024-05-27T10:22:39.810+0000] {logging_mixin.py:188} INFO - [2024-05-27T10:22:39.810+0000] {dag.py:3118} INFO - Creating ORM DAG for our_first_dag_v5
[2024-05-27T10:22:39.820+0000] {logging_mixin.py:188} INFO - [2024-05-27T10:22:39.820+0000] {dag.py:3954} INFO - Setting next_dagrun for our_first_dag_v5 to 2024-05-22 00:00:00+00:00, run_after=2024-05-23 00:00:00+00:00
[2024-05-27T10:22:39.839+0000] {processor.py:183} INFO - Processing /opt/airflow/dags/first_dag.py took 0.235 seconds
[2024-05-27T10:23:10.001+0000] {processor.py:161} INFO - Started process (PID=54) to work on /opt/airflow/dags/first_dag.py
[2024-05-27T10:23:10.002+0000] {processor.py:830} INFO - Processing file /opt/airflow/dags/first_dag.py for tasks to queue
[2024-05-27T10:23:10.004+0000] {logging_mixin.py:188} INFO - [2024-05-27T10:23:10.004+0000] {dagbag.py:545} INFO - Filling up the DagBag from /opt/airflow/dags/first_dag.py
[2024-05-27T10:23:10.022+0000] {processor.py:840} INFO - DAG(s) 'our_first_dag_v5' retrieved from /opt/airflow/dags/first_dag.py
[2024-05-27T10:23:10.045+0000] {logging_mixin.py:188} INFO - [2024-05-27T10:23:10.045+0000] {dag.py:3096} INFO - Sync 1 DAGs
[2024-05-27T10:23:10.062+0000] {logging_mixin.py:188} INFO - [2024-05-27T10:23:10.062+0000] {dag.py:3954} INFO - Setting next_dagrun for our_first_dag_v5 to 2024-05-22 00:00:00+00:00, run_after=2024-05-23 00:00:00+00:00
[2024-05-27T10:23:10.079+0000] {processor.py:183} INFO - Processing /opt/airflow/dags/first_dag.py took 0.083 seconds
[2024-05-27T10:23:40.328+0000] {processor.py:161} INFO - Started process (PID=67) to work on /opt/airflow/dags/first_dag.py
[2024-05-27T10:23:40.331+0000] {processor.py:830} INFO - Processing file /opt/airflow/dags/first_dag.py for tasks to queue
[2024-05-27T10:23:40.333+0000] {logging_mixin.py:188} INFO - [2024-05-27T10:23:40.332+0000] {dagbag.py:545} INFO - Filling up the DagBag from /opt/airflow/dags/first_dag.py
[2024-05-27T10:23:40.351+0000] {processor.py:840} INFO - DAG(s) 'our_first_dag_v5' retrieved from /opt/airflow/dags/first_dag.py
[2024-05-27T10:23:40.373+0000] {logging_mixin.py:188} INFO - [2024-05-27T10:23:40.373+0000] {dag.py:3096} INFO - Sync 1 DAGs
[2024-05-27T10:23:40.393+0000] {logging_mixin.py:188} INFO - [2024-05-27T10:23:40.393+0000] {dag.py:3954} INFO - Setting next_dagrun for our_first_dag_v5 to 2024-05-22 00:00:00+00:00, run_after=2024-05-23 00:00:00+00:00
[2024-05-27T10:23:40.414+0000] {processor.py:183} INFO - Processing /opt/airflow/dags/first_dag.py took 0.092 seconds
[2024-05-27T10:24:10.674+0000] {processor.py:161} INFO - Started process (PID=76) to work on /opt/airflow/dags/first_dag.py
[2024-05-27T10:24:10.675+0000] {processor.py:830} INFO - Processing file /opt/airflow/dags/first_dag.py for tasks to queue
[2024-05-27T10:24:10.677+0000] {logging_mixin.py:188} INFO - [2024-05-27T10:24:10.677+0000] {dagbag.py:545} INFO - Filling up the DagBag from /opt/airflow/dags/first_dag.py
[2024-05-27T10:24:10.693+0000] {processor.py:840} INFO - DAG(s) 'our_first_dag_v5' retrieved from /opt/airflow/dags/first_dag.py
[2024-05-27T10:24:10.713+0000] {logging_mixin.py:188} INFO - [2024-05-27T10:24:10.713+0000] {dag.py:3096} INFO - Sync 1 DAGs
[2024-05-27T10:24:10.730+0000] {logging_mixin.py:188} INFO - [2024-05-27T10:24:10.730+0000] {dag.py:3954} INFO - Setting next_dagrun for our_first_dag_v5 to 2024-05-22 00:00:00+00:00, run_after=2024-05-23 00:00:00+00:00
[2024-05-27T10:24:10.751+0000] {processor.py:183} INFO - Processing /opt/airflow/dags/first_dag.py took 0.082 seconds
[2024-05-27T10:24:41.040+0000] {processor.py:161} INFO - Started process (PID=85) to work on /opt/airflow/dags/first_dag.py
[2024-05-27T10:24:41.041+0000] {processor.py:830} INFO - Processing file /opt/airflow/dags/first_dag.py for tasks to queue
[2024-05-27T10:24:41.043+0000] {logging_mixin.py:188} INFO - [2024-05-27T10:24:41.043+0000] {dagbag.py:545} INFO - Filling up the DagBag from /opt/airflow/dags/first_dag.py
[2024-05-27T10:24:41.060+0000] {processor.py:840} INFO - DAG(s) 'our_first_dag_v5' retrieved from /opt/airflow/dags/first_dag.py
[2024-05-27T10:24:41.082+0000] {logging_mixin.py:188} INFO - [2024-05-27T10:24:41.082+0000] {dag.py:3096} INFO - Sync 1 DAGs
[2024-05-27T10:24:41.101+0000] {logging_mixin.py:188} INFO - [2024-05-27T10:24:41.101+0000] {dag.py:3954} INFO - Setting next_dagrun for our_first_dag_v5 to 2024-05-22 00:00:00+00:00, run_after=2024-05-23 00:00:00+00:00
[2024-05-27T10:24:41.122+0000] {processor.py:183} INFO - Processing /opt/airflow/dags/first_dag.py took 0.087 seconds
[2024-05-27T10:25:11.408+0000] {processor.py:161} INFO - Started process (PID=94) to work on /opt/airflow/dags/first_dag.py
[2024-05-27T10:25:11.410+0000] {processor.py:830} INFO - Processing file /opt/airflow/dags/first_dag.py for tasks to queue
[2024-05-27T10:25:11.412+0000] {logging_mixin.py:188} INFO - [2024-05-27T10:25:11.412+0000] {dagbag.py:545} INFO - Filling up the DagBag from /opt/airflow/dags/first_dag.py
[2024-05-27T10:25:11.439+0000] {processor.py:840} INFO - DAG(s) 'our_first_dag_v5' retrieved from /opt/airflow/dags/first_dag.py
[2024-05-27T10:25:11.462+0000] {logging_mixin.py:188} INFO - [2024-05-27T10:25:11.462+0000] {dag.py:3096} INFO - Sync 1 DAGs
[2024-05-27T10:25:11.483+0000] {logging_mixin.py:188} INFO - [2024-05-27T10:25:11.483+0000] {dag.py:3954} INFO - Setting next_dagrun for our_first_dag_v5 to 2024-05-22 00:00:00+00:00, run_after=2024-05-23 00:00:00+00:00
[2024-05-27T10:25:11.503+0000] {processor.py:183} INFO - Processing /opt/airflow/dags/first_dag.py took 0.102 seconds
[2024-05-27T10:25:41.764+0000] {processor.py:161} INFO - Started process (PID=103) to work on /opt/airflow/dags/first_dag.py
[2024-05-27T10:25:41.765+0000] {processor.py:830} INFO - Processing file /opt/airflow/dags/first_dag.py for tasks to queue
[2024-05-27T10:25:41.767+0000] {logging_mixin.py:188} INFO - [2024-05-27T10:25:41.766+0000] {dagbag.py:545} INFO - Filling up the DagBag from /opt/airflow/dags/first_dag.py
[2024-05-27T10:25:41.787+0000] {processor.py:840} INFO - DAG(s) 'our_first_dag_v5' retrieved from /opt/airflow/dags/first_dag.py
[2024-05-27T10:25:41.813+0000] {logging_mixin.py:188} INFO - [2024-05-27T10:25:41.812+0000] {dag.py:3096} INFO - Sync 1 DAGs
[2024-05-27T10:25:41.831+0000] {logging_mixin.py:188} INFO - [2024-05-27T10:25:41.831+0000] {dag.py:3954} INFO - Setting next_dagrun for our_first_dag_v5 to 2024-05-22 00:00:00+00:00, run_after=2024-05-23 00:00:00+00:00
[2024-05-27T10:25:41.855+0000] {processor.py:183} INFO - Processing /opt/airflow/dags/first_dag.py took 0.097 seconds
[2024-05-27T10:26:12.293+0000] {processor.py:161} INFO - Started process (PID=116) to work on /opt/airflow/dags/first_dag.py
[2024-05-27T10:26:12.294+0000] {processor.py:830} INFO - Processing file /opt/airflow/dags/first_dag.py for tasks to queue
[2024-05-27T10:26:12.296+0000] {logging_mixin.py:188} INFO - [2024-05-27T10:26:12.296+0000] {dagbag.py:545} INFO - Filling up the DagBag from /opt/airflow/dags/first_dag.py
[2024-05-27T10:26:12.316+0000] {processor.py:840} INFO - DAG(s) 'our_first_dag_v5' retrieved from /opt/airflow/dags/first_dag.py
[2024-05-27T10:26:12.341+0000] {logging_mixin.py:188} INFO - [2024-05-27T10:26:12.341+0000] {dag.py:3096} INFO - Sync 1 DAGs
[2024-05-27T10:26:12.358+0000] {logging_mixin.py:188} INFO - [2024-05-27T10:26:12.358+0000] {dag.py:3954} INFO - Setting next_dagrun for our_first_dag_v5 to 2024-05-22 00:00:00+00:00, run_after=2024-05-23 00:00:00+00:00
[2024-05-27T10:26:12.379+0000] {processor.py:183} INFO - Processing /opt/airflow/dags/first_dag.py took 0.090 seconds
[2024-05-27T10:26:42.600+0000] {processor.py:161} INFO - Started process (PID=125) to work on /opt/airflow/dags/first_dag.py
[2024-05-27T10:26:42.601+0000] {processor.py:830} INFO - Processing file /opt/airflow/dags/first_dag.py for tasks to queue
[2024-05-27T10:26:42.603+0000] {logging_mixin.py:188} INFO - [2024-05-27T10:26:42.603+0000] {dagbag.py:545} INFO - Filling up the DagBag from /opt/airflow/dags/first_dag.py
[2024-05-27T10:26:42.621+0000] {processor.py:840} INFO - DAG(s) 'our_first_dag_v5' retrieved from /opt/airflow/dags/first_dag.py
[2024-05-27T10:26:42.644+0000] {logging_mixin.py:188} INFO - [2024-05-27T10:26:42.644+0000] {dag.py:3096} INFO - Sync 1 DAGs
[2024-05-27T10:26:42.663+0000] {logging_mixin.py:188} INFO - [2024-05-27T10:26:42.662+0000] {dag.py:3954} INFO - Setting next_dagrun for our_first_dag_v5 to 2024-05-22 00:00:00+00:00, run_after=2024-05-23 00:00:00+00:00
[2024-05-27T10:26:42.684+0000] {processor.py:183} INFO - Processing /opt/airflow/dags/first_dag.py took 0.088 seconds
[2024-05-27T10:27:12.966+0000] {processor.py:161} INFO - Started process (PID=134) to work on /opt/airflow/dags/first_dag.py
[2024-05-27T10:27:12.967+0000] {processor.py:830} INFO - Processing file /opt/airflow/dags/first_dag.py for tasks to queue
[2024-05-27T10:27:12.969+0000] {logging_mixin.py:188} INFO - [2024-05-27T10:27:12.968+0000] {dagbag.py:545} INFO - Filling up the DagBag from /opt/airflow/dags/first_dag.py
[2024-05-27T10:27:12.987+0000] {processor.py:840} INFO - DAG(s) 'our_first_dag_v5' retrieved from /opt/airflow/dags/first_dag.py
[2024-05-27T10:27:13.008+0000] {logging_mixin.py:188} INFO - [2024-05-27T10:27:13.008+0000] {dag.py:3096} INFO - Sync 1 DAGs
[2024-05-27T10:27:13.027+0000] {logging_mixin.py:188} INFO - [2024-05-27T10:27:13.026+0000] {dag.py:3954} INFO - Setting next_dagrun for our_first_dag_v5 to 2024-05-22 00:00:00+00:00, run_after=2024-05-23 00:00:00+00:00
[2024-05-27T10:27:13.046+0000] {processor.py:183} INFO - Processing /opt/airflow/dags/first_dag.py took 0.084 seconds
[2024-05-27T10:27:43.430+0000] {processor.py:161} INFO - Started process (PID=143) to work on /opt/airflow/dags/first_dag.py
[2024-05-27T10:27:43.430+0000] {processor.py:830} INFO - Processing file /opt/airflow/dags/first_dag.py for tasks to queue
[2024-05-27T10:27:43.432+0000] {logging_mixin.py:188} INFO - [2024-05-27T10:27:43.432+0000] {dagbag.py:545} INFO - Filling up the DagBag from /opt/airflow/dags/first_dag.py
[2024-05-27T10:27:43.447+0000] {processor.py:840} INFO - DAG(s) 'our_first_dag_v5' retrieved from /opt/airflow/dags/first_dag.py
[2024-05-27T10:27:43.468+0000] {logging_mixin.py:188} INFO - [2024-05-27T10:27:43.468+0000] {dag.py:3096} INFO - Sync 1 DAGs
[2024-05-27T10:27:43.486+0000] {logging_mixin.py:188} INFO - [2024-05-27T10:27:43.486+0000] {dag.py:3954} INFO - Setting next_dagrun for our_first_dag_v5 to 2024-05-22 00:00:00+00:00, run_after=2024-05-23 00:00:00+00:00
[2024-05-27T10:27:43.506+0000] {processor.py:183} INFO - Processing /opt/airflow/dags/first_dag.py took 0.082 seconds
[2024-05-27T10:28:13.743+0000] {processor.py:161} INFO - Started process (PID=152) to work on /opt/airflow/dags/first_dag.py
[2024-05-27T10:28:13.744+0000] {processor.py:830} INFO - Processing file /opt/airflow/dags/first_dag.py for tasks to queue
[2024-05-27T10:28:13.746+0000] {logging_mixin.py:188} INFO - [2024-05-27T10:28:13.746+0000] {dagbag.py:545} INFO - Filling up the DagBag from /opt/airflow/dags/first_dag.py
[2024-05-27T10:28:13.774+0000] {processor.py:840} INFO - DAG(s) 'our_first_dag_v5' retrieved from /opt/airflow/dags/first_dag.py
[2024-05-27T10:28:13.796+0000] {logging_mixin.py:188} INFO - [2024-05-27T10:28:13.796+0000] {dag.py:3096} INFO - Sync 1 DAGs
[2024-05-27T10:28:13.814+0000] {logging_mixin.py:188} INFO - [2024-05-27T10:28:13.814+0000] {dag.py:3954} INFO - Setting next_dagrun for our_first_dag_v5 to 2024-05-22 00:00:00+00:00, run_after=2024-05-23 00:00:00+00:00
[2024-05-27T10:28:13.838+0000] {processor.py:183} INFO - Processing /opt/airflow/dags/first_dag.py took 0.099 seconds
[2024-05-27T10:28:44.108+0000] {processor.py:161} INFO - Started process (PID=161) to work on /opt/airflow/dags/first_dag.py
[2024-05-27T10:28:44.110+0000] {processor.py:830} INFO - Processing file /opt/airflow/dags/first_dag.py for tasks to queue
[2024-05-27T10:28:44.112+0000] {logging_mixin.py:188} INFO - [2024-05-27T10:28:44.112+0000] {dagbag.py:545} INFO - Filling up the DagBag from /opt/airflow/dags/first_dag.py
[2024-05-27T10:28:44.131+0000] {processor.py:840} INFO - DAG(s) 'our_first_dag_v5' retrieved from /opt/airflow/dags/first_dag.py
[2024-05-27T10:28:44.153+0000] {logging_mixin.py:188} INFO - [2024-05-27T10:28:44.153+0000] {dag.py:3096} INFO - Sync 1 DAGs
[2024-05-27T10:28:44.169+0000] {logging_mixin.py:188} INFO - [2024-05-27T10:28:44.169+0000] {dag.py:3954} INFO - Setting next_dagrun for our_first_dag_v5 to 2024-05-22 00:00:00+00:00, run_after=2024-05-23 00:00:00+00:00
[2024-05-27T10:28:44.188+0000] {processor.py:183} INFO - Processing /opt/airflow/dags/first_dag.py took 0.083 seconds
[2024-05-27T10:29:14.434+0000] {processor.py:161} INFO - Started process (PID=170) to work on /opt/airflow/dags/first_dag.py
[2024-05-27T10:29:14.435+0000] {processor.py:830} INFO - Processing file /opt/airflow/dags/first_dag.py for tasks to queue
[2024-05-27T10:29:14.437+0000] {logging_mixin.py:188} INFO - [2024-05-27T10:29:14.436+0000] {dagbag.py:545} INFO - Filling up the DagBag from /opt/airflow/dags/first_dag.py
[2024-05-27T10:29:14.453+0000] {processor.py:840} INFO - DAG(s) 'our_first_dag_v5' retrieved from /opt/airflow/dags/first_dag.py
[2024-05-27T10:29:14.479+0000] {logging_mixin.py:188} INFO - [2024-05-27T10:29:14.479+0000] {dag.py:3096} INFO - Sync 1 DAGs
[2024-05-27T10:29:14.500+0000] {logging_mixin.py:188} INFO - [2024-05-27T10:29:14.500+0000] {dag.py:3954} INFO - Setting next_dagrun for our_first_dag_v5 to 2024-05-22 00:00:00+00:00, run_after=2024-05-23 00:00:00+00:00
[2024-05-27T10:29:14.521+0000] {processor.py:183} INFO - Processing /opt/airflow/dags/first_dag.py took 0.092 seconds
[2024-05-27T10:29:44.777+0000] {processor.py:161} INFO - Started process (PID=179) to work on /opt/airflow/dags/first_dag.py
[2024-05-27T10:29:44.778+0000] {processor.py:830} INFO - Processing file /opt/airflow/dags/first_dag.py for tasks to queue
[2024-05-27T10:29:44.779+0000] {logging_mixin.py:188} INFO - [2024-05-27T10:29:44.779+0000] {dagbag.py:545} INFO - Filling up the DagBag from /opt/airflow/dags/first_dag.py
[2024-05-27T10:29:44.804+0000] {processor.py:840} INFO - DAG(s) 'our_first_dag_v5' retrieved from /opt/airflow/dags/first_dag.py
[2024-05-27T10:29:44.827+0000] {logging_mixin.py:188} INFO - [2024-05-27T10:29:44.827+0000] {dag.py:3096} INFO - Sync 1 DAGs
[2024-05-27T10:29:44.844+0000] {logging_mixin.py:188} INFO - [2024-05-27T10:29:44.844+0000] {dag.py:3954} INFO - Setting next_dagrun for our_first_dag_v5 to 2024-05-22 00:00:00+00:00, run_after=2024-05-23 00:00:00+00:00
[2024-05-27T10:29:44.864+0000] {processor.py:183} INFO - Processing /opt/airflow/dags/first_dag.py took 0.092 seconds
[2024-05-27T10:30:15.125+0000] {processor.py:161} INFO - Started process (PID=188) to work on /opt/airflow/dags/first_dag.py
[2024-05-27T10:30:15.126+0000] {processor.py:830} INFO - Processing file /opt/airflow/dags/first_dag.py for tasks to queue
[2024-05-27T10:30:15.128+0000] {logging_mixin.py:188} INFO - [2024-05-27T10:30:15.128+0000] {dagbag.py:545} INFO - Filling up the DagBag from /opt/airflow/dags/first_dag.py
[2024-05-27T10:30:15.144+0000] {processor.py:840} INFO - DAG(s) 'our_first_dag_v5' retrieved from /opt/airflow/dags/first_dag.py
[2024-05-27T10:30:15.166+0000] {logging_mixin.py:188} INFO - [2024-05-27T10:30:15.166+0000] {dag.py:3096} INFO - Sync 1 DAGs
[2024-05-27T10:30:15.183+0000] {logging_mixin.py:188} INFO - [2024-05-27T10:30:15.183+0000] {dag.py:3954} INFO - Setting next_dagrun for our_first_dag_v5 to 2024-05-22 00:00:00+00:00, run_after=2024-05-23 00:00:00+00:00
[2024-05-27T10:30:15.204+0000] {processor.py:183} INFO - Processing /opt/airflow/dags/first_dag.py took 0.083 seconds
[2024-05-27T10:30:45.429+0000] {processor.py:161} INFO - Started process (PID=197) to work on /opt/airflow/dags/first_dag.py
[2024-05-27T10:30:45.430+0000] {processor.py:830} INFO - Processing file /opt/airflow/dags/first_dag.py for tasks to queue
[2024-05-27T10:30:45.432+0000] {logging_mixin.py:188} INFO - [2024-05-27T10:30:45.432+0000] {dagbag.py:545} INFO - Filling up the DagBag from /opt/airflow/dags/first_dag.py
[2024-05-27T10:30:45.449+0000] {processor.py:840} INFO - DAG(s) 'our_first_dag_v5' retrieved from /opt/airflow/dags/first_dag.py
[2024-05-27T10:30:45.471+0000] {logging_mixin.py:188} INFO - [2024-05-27T10:30:45.470+0000] {dag.py:3096} INFO - Sync 1 DAGs
[2024-05-27T10:30:45.492+0000] {logging_mixin.py:188} INFO - [2024-05-27T10:30:45.492+0000] {dag.py:3954} INFO - Setting next_dagrun for our_first_dag_v5 to 2024-05-22 00:00:00+00:00, run_after=2024-05-23 00:00:00+00:00
[2024-05-27T10:30:45.509+0000] {processor.py:183} INFO - Processing /opt/airflow/dags/first_dag.py took 0.084 seconds
[2024-05-27T10:31:15.739+0000] {processor.py:161} INFO - Started process (PID=206) to work on /opt/airflow/dags/first_dag.py
[2024-05-27T10:31:15.740+0000] {processor.py:830} INFO - Processing file /opt/airflow/dags/first_dag.py for tasks to queue
[2024-05-27T10:31:15.742+0000] {logging_mixin.py:188} INFO - [2024-05-27T10:31:15.742+0000] {dagbag.py:545} INFO - Filling up the DagBag from /opt/airflow/dags/first_dag.py
[2024-05-27T10:31:15.763+0000] {processor.py:840} INFO - DAG(s) 'our_first_dag_v5' retrieved from /opt/airflow/dags/first_dag.py
[2024-05-27T10:31:15.785+0000] {logging_mixin.py:188} INFO - [2024-05-27T10:31:15.784+0000] {dag.py:3096} INFO - Sync 1 DAGs
[2024-05-27T10:31:15.805+0000] {logging_mixin.py:188} INFO - [2024-05-27T10:31:15.805+0000] {dag.py:3954} INFO - Setting next_dagrun for our_first_dag_v5 to 2024-05-22 00:00:00+00:00, run_after=2024-05-23 00:00:00+00:00
[2024-05-27T10:31:15.827+0000] {processor.py:183} INFO - Processing /opt/airflow/dags/first_dag.py took 0.093 seconds
[2024-05-27T10:31:46.094+0000] {processor.py:161} INFO - Started process (PID=215) to work on /opt/airflow/dags/first_dag.py
[2024-05-27T10:31:46.095+0000] {processor.py:830} INFO - Processing file /opt/airflow/dags/first_dag.py for tasks to queue
[2024-05-27T10:31:46.096+0000] {logging_mixin.py:188} INFO - [2024-05-27T10:31:46.096+0000] {dagbag.py:545} INFO - Filling up the DagBag from /opt/airflow/dags/first_dag.py
[2024-05-27T10:31:46.110+0000] {processor.py:840} INFO - DAG(s) 'our_first_dag_v5' retrieved from /opt/airflow/dags/first_dag.py
[2024-05-27T10:31:46.132+0000] {logging_mixin.py:188} INFO - [2024-05-27T10:31:46.131+0000] {dag.py:3096} INFO - Sync 1 DAGs
[2024-05-27T10:31:46.148+0000] {logging_mixin.py:188} INFO - [2024-05-27T10:31:46.148+0000] {dag.py:3954} INFO - Setting next_dagrun for our_first_dag_v5 to 2024-05-22 00:00:00+00:00, run_after=2024-05-23 00:00:00+00:00
[2024-05-27T10:31:46.168+0000] {processor.py:183} INFO - Processing /opt/airflow/dags/first_dag.py took 0.079 seconds
[2024-05-27T10:32:16.442+0000] {processor.py:161} INFO - Started process (PID=224) to work on /opt/airflow/dags/first_dag.py
[2024-05-27T10:32:16.442+0000] {processor.py:830} INFO - Processing file /opt/airflow/dags/first_dag.py for tasks to queue
[2024-05-27T10:32:16.444+0000] {logging_mixin.py:188} INFO - [2024-05-27T10:32:16.443+0000] {dagbag.py:545} INFO - Filling up the DagBag from /opt/airflow/dags/first_dag.py
[2024-05-27T10:32:16.458+0000] {processor.py:840} INFO - DAG(s) 'our_first_dag_v5' retrieved from /opt/airflow/dags/first_dag.py
[2024-05-27T10:32:16.478+0000] {logging_mixin.py:188} INFO - [2024-05-27T10:32:16.478+0000] {dag.py:3096} INFO - Sync 1 DAGs
[2024-05-27T10:32:16.494+0000] {logging_mixin.py:188} INFO - [2024-05-27T10:32:16.494+0000] {dag.py:3954} INFO - Setting next_dagrun for our_first_dag_v5 to 2024-05-22 00:00:00+00:00, run_after=2024-05-23 00:00:00+00:00
[2024-05-27T10:32:16.515+0000] {processor.py:183} INFO - Processing /opt/airflow/dags/first_dag.py took 0.077 seconds
[2024-05-27T10:32:46.857+0000] {processor.py:161} INFO - Started process (PID=233) to work on /opt/airflow/dags/first_dag.py
[2024-05-27T10:32:46.858+0000] {processor.py:830} INFO - Processing file /opt/airflow/dags/first_dag.py for tasks to queue
[2024-05-27T10:32:46.859+0000] {logging_mixin.py:188} INFO - [2024-05-27T10:32:46.859+0000] {dagbag.py:545} INFO - Filling up the DagBag from /opt/airflow/dags/first_dag.py
[2024-05-27T10:32:46.875+0000] {processor.py:840} INFO - DAG(s) 'our_first_dag_v5' retrieved from /opt/airflow/dags/first_dag.py
[2024-05-27T10:32:46.898+0000] {logging_mixin.py:188} INFO - [2024-05-27T10:32:46.898+0000] {dag.py:3096} INFO - Sync 1 DAGs
[2024-05-27T10:32:46.915+0000] {logging_mixin.py:188} INFO - [2024-05-27T10:32:46.915+0000] {dag.py:3954} INFO - Setting next_dagrun for our_first_dag_v5 to 2024-05-22 00:00:00+00:00, run_after=2024-05-23 00:00:00+00:00
[2024-05-27T10:32:46.932+0000] {processor.py:183} INFO - Processing /opt/airflow/dags/first_dag.py took 0.080 seconds
[2024-05-27T10:33:17.185+0000] {processor.py:161} INFO - Started process (PID=242) to work on /opt/airflow/dags/first_dag.py
[2024-05-27T10:33:17.185+0000] {processor.py:830} INFO - Processing file /opt/airflow/dags/first_dag.py for tasks to queue
[2024-05-27T10:33:17.187+0000] {logging_mixin.py:188} INFO - [2024-05-27T10:33:17.187+0000] {dagbag.py:545} INFO - Filling up the DagBag from /opt/airflow/dags/first_dag.py
[2024-05-27T10:33:17.203+0000] {processor.py:840} INFO - DAG(s) 'our_first_dag_v5' retrieved from /opt/airflow/dags/first_dag.py
[2024-05-27T10:33:17.224+0000] {logging_mixin.py:188} INFO - [2024-05-27T10:33:17.224+0000] {dag.py:3096} INFO - Sync 1 DAGs
[2024-05-27T10:33:17.241+0000] {logging_mixin.py:188} INFO - [2024-05-27T10:33:17.241+0000] {dag.py:3954} INFO - Setting next_dagrun for our_first_dag_v5 to 2024-05-22 00:00:00+00:00, run_after=2024-05-23 00:00:00+00:00
[2024-05-27T10:33:17.261+0000] {processor.py:183} INFO - Processing /opt/airflow/dags/first_dag.py took 0.081 seconds
[2024-05-27T10:33:47.543+0000] {processor.py:161} INFO - Started process (PID=251) to work on /opt/airflow/dags/first_dag.py
[2024-05-27T10:33:47.544+0000] {processor.py:830} INFO - Processing file /opt/airflow/dags/first_dag.py for tasks to queue
[2024-05-27T10:33:47.545+0000] {logging_mixin.py:188} INFO - [2024-05-27T10:33:47.545+0000] {dagbag.py:545} INFO - Filling up the DagBag from /opt/airflow/dags/first_dag.py
[2024-05-27T10:33:47.565+0000] {processor.py:840} INFO - DAG(s) 'our_first_dag_v5' retrieved from /opt/airflow/dags/first_dag.py
[2024-05-27T10:33:47.587+0000] {logging_mixin.py:188} INFO - [2024-05-27T10:33:47.587+0000] {dag.py:3096} INFO - Sync 1 DAGs
[2024-05-27T10:33:47.606+0000] {logging_mixin.py:188} INFO - [2024-05-27T10:33:47.606+0000] {dag.py:3954} INFO - Setting next_dagrun for our_first_dag_v5 to 2024-05-22 00:00:00+00:00, run_after=2024-05-23 00:00:00+00:00
[2024-05-27T10:33:47.626+0000] {processor.py:183} INFO - Processing /opt/airflow/dags/first_dag.py took 0.087 seconds
[2024-05-27T10:34:17.878+0000] {processor.py:161} INFO - Started process (PID=260) to work on /opt/airflow/dags/first_dag.py
[2024-05-27T10:34:17.879+0000] {processor.py:830} INFO - Processing file /opt/airflow/dags/first_dag.py for tasks to queue
[2024-05-27T10:34:17.880+0000] {logging_mixin.py:188} INFO - [2024-05-27T10:34:17.880+0000] {dagbag.py:545} INFO - Filling up the DagBag from /opt/airflow/dags/first_dag.py
[2024-05-27T10:34:17.898+0000] {processor.py:840} INFO - DAG(s) 'our_first_dag_v5' retrieved from /opt/airflow/dags/first_dag.py
[2024-05-27T10:34:17.919+0000] {logging_mixin.py:188} INFO - [2024-05-27T10:34:17.919+0000] {dag.py:3096} INFO - Sync 1 DAGs
[2024-05-27T10:34:17.937+0000] {logging_mixin.py:188} INFO - [2024-05-27T10:34:17.937+0000] {dag.py:3954} INFO - Setting next_dagrun for our_first_dag_v5 to 2024-05-22 00:00:00+00:00, run_after=2024-05-23 00:00:00+00:00
[2024-05-27T10:34:17.956+0000] {processor.py:183} INFO - Processing /opt/airflow/dags/first_dag.py took 0.082 seconds
[2024-05-27T10:34:48.217+0000] {processor.py:161} INFO - Started process (PID=269) to work on /opt/airflow/dags/first_dag.py
[2024-05-27T10:34:48.218+0000] {processor.py:830} INFO - Processing file /opt/airflow/dags/first_dag.py for tasks to queue
[2024-05-27T10:34:48.219+0000] {logging_mixin.py:188} INFO - [2024-05-27T10:34:48.219+0000] {dagbag.py:545} INFO - Filling up the DagBag from /opt/airflow/dags/first_dag.py
[2024-05-27T10:34:48.236+0000] {processor.py:840} INFO - DAG(s) 'our_first_dag_v5' retrieved from /opt/airflow/dags/first_dag.py
[2024-05-27T10:34:48.258+0000] {logging_mixin.py:188} INFO - [2024-05-27T10:34:48.258+0000] {dag.py:3096} INFO - Sync 1 DAGs
[2024-05-27T10:34:48.275+0000] {logging_mixin.py:188} INFO - [2024-05-27T10:34:48.275+0000] {dag.py:3954} INFO - Setting next_dagrun for our_first_dag_v5 to 2024-05-22 00:00:00+00:00, run_after=2024-05-23 00:00:00+00:00
[2024-05-27T10:34:48.299+0000] {processor.py:183} INFO - Processing /opt/airflow/dags/first_dag.py took 0.086 seconds
[2024-05-27T10:35:18.548+0000] {processor.py:161} INFO - Started process (PID=278) to work on /opt/airflow/dags/first_dag.py
[2024-05-27T10:35:18.549+0000] {processor.py:830} INFO - Processing file /opt/airflow/dags/first_dag.py for tasks to queue
[2024-05-27T10:35:18.550+0000] {logging_mixin.py:188} INFO - [2024-05-27T10:35:18.550+0000] {dagbag.py:545} INFO - Filling up the DagBag from /opt/airflow/dags/first_dag.py
[2024-05-27T10:35:18.573+0000] {processor.py:840} INFO - DAG(s) 'our_first_dag_v5' retrieved from /opt/airflow/dags/first_dag.py
[2024-05-27T10:35:18.596+0000] {logging_mixin.py:188} INFO - [2024-05-27T10:35:18.595+0000] {dag.py:3096} INFO - Sync 1 DAGs
[2024-05-27T10:35:18.614+0000] {logging_mixin.py:188} INFO - [2024-05-27T10:35:18.613+0000] {dag.py:3954} INFO - Setting next_dagrun for our_first_dag_v5 to 2024-05-22 00:00:00+00:00, run_after=2024-05-23 00:00:00+00:00
[2024-05-27T10:35:18.632+0000] {processor.py:183} INFO - Processing /opt/airflow/dags/first_dag.py took 0.088 seconds
