[2024-05-27T10:22:39.258+0000] {processor.py:161} INFO - Started process (PID=44) to work on /opt/airflow/dags/second_dag.py
[2024-05-27T10:22:39.259+0000] {processor.py:830} INFO - Processing file /opt/airflow/dags/second_dag.py for tasks to queue
[2024-05-27T10:22:39.261+0000] {logging_mixin.py:188} INFO - [2024-05-27T10:22:39.261+0000] {dagbag.py:545} INFO - Filling up the DagBag from /opt/airflow/dags/second_dag.py
[2024-05-27T10:22:39.289+0000] {processor.py:840} INFO - DAG(s) 'statistical_calculations_dag' retrieved from /opt/airflow/dags/second_dag.py
[2024-05-27T10:22:39.509+0000] {logging_mixin.py:188} INFO - [2024-05-27T10:22:39.508+0000] {override.py:1829} INFO - Created Permission View: can delete on DAG:statistical_calculations_dag
[2024-05-27T10:22:39.522+0000] {logging_mixin.py:188} INFO - [2024-05-27T10:22:39.521+0000] {override.py:1829} INFO - Created Permission View: can read on DAG:statistical_calculations_dag
[2024-05-27T10:22:39.530+0000] {logging_mixin.py:188} INFO - [2024-05-27T10:22:39.530+0000] {override.py:1829} INFO - Created Permission View: can edit on DAG:statistical_calculations_dag
[2024-05-27T10:22:39.531+0000] {logging_mixin.py:188} INFO - [2024-05-27T10:22:39.531+0000] {dag.py:3096} INFO - Sync 1 DAGs
[2024-05-27T10:22:39.542+0000] {logging_mixin.py:188} INFO - [2024-05-27T10:22:39.542+0000] {dag.py:3118} INFO - Creating ORM DAG for statistical_calculations_dag
[2024-05-27T10:22:39.552+0000] {logging_mixin.py:188} INFO - [2024-05-27T10:22:39.552+0000] {dag.py:3954} INFO - Setting next_dagrun for statistical_calculations_dag to 2021-10-06 00:00:00+00:00, run_after=2021-10-07 00:00:00+00:00
[2024-05-27T10:22:39.572+0000] {processor.py:183} INFO - Processing /opt/airflow/dags/second_dag.py took 0.319 seconds
[2024-05-27T10:23:09.844+0000] {processor.py:161} INFO - Started process (PID=53) to work on /opt/airflow/dags/second_dag.py
[2024-05-27T10:23:09.845+0000] {processor.py:830} INFO - Processing file /opt/airflow/dags/second_dag.py for tasks to queue
[2024-05-27T10:23:09.847+0000] {logging_mixin.py:188} INFO - [2024-05-27T10:23:09.847+0000] {dagbag.py:545} INFO - Filling up the DagBag from /opt/airflow/dags/second_dag.py
[2024-05-27T10:23:09.881+0000] {processor.py:840} INFO - DAG(s) 'statistical_calculations_dag' retrieved from /opt/airflow/dags/second_dag.py
[2024-05-27T10:23:09.917+0000] {logging_mixin.py:188} INFO - [2024-05-27T10:23:09.917+0000] {dag.py:3096} INFO - Sync 1 DAGs
[2024-05-27T10:23:09.939+0000] {logging_mixin.py:188} INFO - [2024-05-27T10:23:09.939+0000] {dag.py:3954} INFO - Setting next_dagrun for statistical_calculations_dag to 2021-10-06 00:00:00+00:00, run_after=2021-10-07 00:00:00+00:00
[2024-05-27T10:23:09.960+0000] {processor.py:183} INFO - Processing /opt/airflow/dags/second_dag.py took 0.122 seconds
[2024-05-27T10:23:40.220+0000] {processor.py:161} INFO - Started process (PID=66) to work on /opt/airflow/dags/second_dag.py
[2024-05-27T10:23:40.221+0000] {processor.py:830} INFO - Processing file /opt/airflow/dags/second_dag.py for tasks to queue
[2024-05-27T10:23:40.224+0000] {logging_mixin.py:188} INFO - [2024-05-27T10:23:40.224+0000] {dagbag.py:545} INFO - Filling up the DagBag from /opt/airflow/dags/second_dag.py
[2024-05-27T10:23:40.248+0000] {processor.py:840} INFO - DAG(s) 'statistical_calculations_dag' retrieved from /opt/airflow/dags/second_dag.py
[2024-05-27T10:23:40.268+0000] {logging_mixin.py:188} INFO - [2024-05-27T10:23:40.268+0000] {dag.py:3096} INFO - Sync 1 DAGs
[2024-05-27T10:23:40.285+0000] {logging_mixin.py:188} INFO - [2024-05-27T10:23:40.285+0000] {dag.py:3954} INFO - Setting next_dagrun for statistical_calculations_dag to 2021-10-06 00:00:00+00:00, run_after=2021-10-07 00:00:00+00:00
[2024-05-27T10:23:40.303+0000] {processor.py:183} INFO - Processing /opt/airflow/dags/second_dag.py took 0.087 seconds
[2024-05-27T10:24:10.572+0000] {processor.py:161} INFO - Started process (PID=75) to work on /opt/airflow/dags/second_dag.py
[2024-05-27T10:24:10.573+0000] {processor.py:830} INFO - Processing file /opt/airflow/dags/second_dag.py for tasks to queue
[2024-05-27T10:24:10.575+0000] {logging_mixin.py:188} INFO - [2024-05-27T10:24:10.575+0000] {dagbag.py:545} INFO - Filling up the DagBag from /opt/airflow/dags/second_dag.py
[2024-05-27T10:24:10.596+0000] {processor.py:840} INFO - DAG(s) 'statistical_calculations_dag' retrieved from /opt/airflow/dags/second_dag.py
[2024-05-27T10:24:10.618+0000] {logging_mixin.py:188} INFO - [2024-05-27T10:24:10.618+0000] {dag.py:3096} INFO - Sync 1 DAGs
[2024-05-27T10:24:10.636+0000] {logging_mixin.py:188} INFO - [2024-05-27T10:24:10.636+0000] {dag.py:3954} INFO - Setting next_dagrun for statistical_calculations_dag to 2021-10-06 00:00:00+00:00, run_after=2021-10-07 00:00:00+00:00
[2024-05-27T10:24:10.657+0000] {processor.py:183} INFO - Processing /opt/airflow/dags/second_dag.py took 0.089 seconds
[2024-05-27T10:24:40.929+0000] {processor.py:161} INFO - Started process (PID=84) to work on /opt/airflow/dags/second_dag.py
[2024-05-27T10:24:40.930+0000] {processor.py:830} INFO - Processing file /opt/airflow/dags/second_dag.py for tasks to queue
[2024-05-27T10:24:40.932+0000] {logging_mixin.py:188} INFO - [2024-05-27T10:24:40.932+0000] {dagbag.py:545} INFO - Filling up the DagBag from /opt/airflow/dags/second_dag.py
[2024-05-27T10:24:40.955+0000] {processor.py:840} INFO - DAG(s) 'statistical_calculations_dag' retrieved from /opt/airflow/dags/second_dag.py
[2024-05-27T10:24:40.975+0000] {logging_mixin.py:188} INFO - [2024-05-27T10:24:40.975+0000] {dag.py:3096} INFO - Sync 1 DAGs
[2024-05-27T10:24:40.992+0000] {logging_mixin.py:188} INFO - [2024-05-27T10:24:40.992+0000] {dag.py:3954} INFO - Setting next_dagrun for statistical_calculations_dag to 2021-10-06 00:00:00+00:00, run_after=2021-10-07 00:00:00+00:00
[2024-05-27T10:24:41.012+0000] {processor.py:183} INFO - Processing /opt/airflow/dags/second_dag.py took 0.087 seconds
[2024-05-27T10:25:11.284+0000] {processor.py:161} INFO - Started process (PID=93) to work on /opt/airflow/dags/second_dag.py
[2024-05-27T10:25:11.285+0000] {processor.py:830} INFO - Processing file /opt/airflow/dags/second_dag.py for tasks to queue
[2024-05-27T10:25:11.287+0000] {logging_mixin.py:188} INFO - [2024-05-27T10:25:11.286+0000] {dagbag.py:545} INFO - Filling up the DagBag from /opt/airflow/dags/second_dag.py
[2024-05-27T10:25:11.314+0000] {processor.py:840} INFO - DAG(s) 'statistical_calculations_dag' retrieved from /opt/airflow/dags/second_dag.py
[2024-05-27T10:25:11.336+0000] {logging_mixin.py:188} INFO - [2024-05-27T10:25:11.336+0000] {dag.py:3096} INFO - Sync 1 DAGs
[2024-05-27T10:25:11.357+0000] {logging_mixin.py:188} INFO - [2024-05-27T10:25:11.357+0000] {dag.py:3954} INFO - Setting next_dagrun for statistical_calculations_dag to 2021-10-06 00:00:00+00:00, run_after=2021-10-07 00:00:00+00:00
[2024-05-27T10:25:11.378+0000] {processor.py:183} INFO - Processing /opt/airflow/dags/second_dag.py took 0.099 seconds
[2024-05-27T10:25:41.644+0000] {processor.py:161} INFO - Started process (PID=102) to work on /opt/airflow/dags/second_dag.py
[2024-05-27T10:25:41.645+0000] {processor.py:830} INFO - Processing file /opt/airflow/dags/second_dag.py for tasks to queue
[2024-05-27T10:25:41.647+0000] {logging_mixin.py:188} INFO - [2024-05-27T10:25:41.646+0000] {dagbag.py:545} INFO - Filling up the DagBag from /opt/airflow/dags/second_dag.py
[2024-05-27T10:25:41.671+0000] {processor.py:840} INFO - DAG(s) 'statistical_calculations_dag' retrieved from /opt/airflow/dags/second_dag.py
[2024-05-27T10:25:41.693+0000] {logging_mixin.py:188} INFO - [2024-05-27T10:25:41.693+0000] {dag.py:3096} INFO - Sync 1 DAGs
[2024-05-27T10:25:41.712+0000] {logging_mixin.py:188} INFO - [2024-05-27T10:25:41.712+0000] {dag.py:3954} INFO - Setting next_dagrun for statistical_calculations_dag to 2021-10-06 00:00:00+00:00, run_after=2021-10-07 00:00:00+00:00
[2024-05-27T10:25:41.735+0000] {processor.py:183} INFO - Processing /opt/airflow/dags/second_dag.py took 0.096 seconds
[2024-05-27T10:26:12.286+0000] {processor.py:161} INFO - Started process (PID=115) to work on /opt/airflow/dags/second_dag.py
[2024-05-27T10:26:12.287+0000] {processor.py:830} INFO - Processing file /opt/airflow/dags/second_dag.py for tasks to queue
[2024-05-27T10:26:12.289+0000] {logging_mixin.py:188} INFO - [2024-05-27T10:26:12.288+0000] {dagbag.py:545} INFO - Filling up the DagBag from /opt/airflow/dags/second_dag.py
[2024-05-27T10:26:12.317+0000] {processor.py:840} INFO - DAG(s) 'statistical_calculations_dag' retrieved from /opt/airflow/dags/second_dag.py
[2024-05-27T10:26:12.341+0000] {logging_mixin.py:188} INFO - [2024-05-27T10:26:12.341+0000] {dag.py:3096} INFO - Sync 1 DAGs
[2024-05-27T10:26:12.358+0000] {logging_mixin.py:188} INFO - [2024-05-27T10:26:12.358+0000] {dag.py:3954} INFO - Setting next_dagrun for statistical_calculations_dag to 2021-10-06 00:00:00+00:00, run_after=2021-10-07 00:00:00+00:00
[2024-05-27T10:26:12.380+0000] {processor.py:183} INFO - Processing /opt/airflow/dags/second_dag.py took 0.099 seconds
[2024-05-27T10:26:42.597+0000] {processor.py:161} INFO - Started process (PID=124) to work on /opt/airflow/dags/second_dag.py
[2024-05-27T10:26:42.598+0000] {processor.py:830} INFO - Processing file /opt/airflow/dags/second_dag.py for tasks to queue
[2024-05-27T10:26:42.600+0000] {logging_mixin.py:188} INFO - [2024-05-27T10:26:42.600+0000] {dagbag.py:545} INFO - Filling up the DagBag from /opt/airflow/dags/second_dag.py
[2024-05-27T10:26:42.628+0000] {processor.py:840} INFO - DAG(s) 'statistical_calculations_dag' retrieved from /opt/airflow/dags/second_dag.py
[2024-05-27T10:26:42.652+0000] {logging_mixin.py:188} INFO - [2024-05-27T10:26:42.652+0000] {dag.py:3096} INFO - Sync 1 DAGs
[2024-05-27T10:26:42.674+0000] {logging_mixin.py:188} INFO - [2024-05-27T10:26:42.674+0000] {dag.py:3954} INFO - Setting next_dagrun for statistical_calculations_dag to 2021-10-06 00:00:00+00:00, run_after=2021-10-07 00:00:00+00:00
[2024-05-27T10:26:42.699+0000] {processor.py:183} INFO - Processing /opt/airflow/dags/second_dag.py took 0.109 seconds
[2024-05-27T10:27:12.960+0000] {processor.py:161} INFO - Started process (PID=133) to work on /opt/airflow/dags/second_dag.py
[2024-05-27T10:27:12.961+0000] {processor.py:830} INFO - Processing file /opt/airflow/dags/second_dag.py for tasks to queue
[2024-05-27T10:27:12.963+0000] {logging_mixin.py:188} INFO - [2024-05-27T10:27:12.962+0000] {dagbag.py:545} INFO - Filling up the DagBag from /opt/airflow/dags/second_dag.py
[2024-05-27T10:27:12.990+0000] {processor.py:840} INFO - DAG(s) 'statistical_calculations_dag' retrieved from /opt/airflow/dags/second_dag.py
[2024-05-27T10:27:13.013+0000] {logging_mixin.py:188} INFO - [2024-05-27T10:27:13.012+0000] {dag.py:3096} INFO - Sync 1 DAGs
[2024-05-27T10:27:13.032+0000] {logging_mixin.py:188} INFO - [2024-05-27T10:27:13.032+0000] {dag.py:3954} INFO - Setting next_dagrun for statistical_calculations_dag to 2021-10-06 00:00:00+00:00, run_after=2021-10-07 00:00:00+00:00
[2024-05-27T10:27:13.051+0000] {processor.py:183} INFO - Processing /opt/airflow/dags/second_dag.py took 0.095 seconds
[2024-05-27T10:27:43.425+0000] {processor.py:161} INFO - Started process (PID=142) to work on /opt/airflow/dags/second_dag.py
[2024-05-27T10:27:43.425+0000] {processor.py:830} INFO - Processing file /opt/airflow/dags/second_dag.py for tasks to queue
[2024-05-27T10:27:43.428+0000] {logging_mixin.py:188} INFO - [2024-05-27T10:27:43.427+0000] {dagbag.py:545} INFO - Filling up the DagBag from /opt/airflow/dags/second_dag.py
[2024-05-27T10:27:43.451+0000] {processor.py:840} INFO - DAG(s) 'statistical_calculations_dag' retrieved from /opt/airflow/dags/second_dag.py
[2024-05-27T10:27:43.471+0000] {logging_mixin.py:188} INFO - [2024-05-27T10:27:43.470+0000] {dag.py:3096} INFO - Sync 1 DAGs
[2024-05-27T10:27:43.487+0000] {logging_mixin.py:188} INFO - [2024-05-27T10:27:43.487+0000] {dag.py:3954} INFO - Setting next_dagrun for statistical_calculations_dag to 2021-10-06 00:00:00+00:00, run_after=2021-10-07 00:00:00+00:00
[2024-05-27T10:27:43.508+0000] {processor.py:183} INFO - Processing /opt/airflow/dags/second_dag.py took 0.089 seconds
[2024-05-27T10:28:13.736+0000] {processor.py:161} INFO - Started process (PID=151) to work on /opt/airflow/dags/second_dag.py
[2024-05-27T10:28:13.737+0000] {processor.py:830} INFO - Processing file /opt/airflow/dags/second_dag.py for tasks to queue
[2024-05-27T10:28:13.739+0000] {logging_mixin.py:188} INFO - [2024-05-27T10:28:13.739+0000] {dagbag.py:545} INFO - Filling up the DagBag from /opt/airflow/dags/second_dag.py
[2024-05-27T10:28:13.780+0000] {processor.py:840} INFO - DAG(s) 'statistical_calculations_dag' retrieved from /opt/airflow/dags/second_dag.py
[2024-05-27T10:28:13.801+0000] {logging_mixin.py:188} INFO - [2024-05-27T10:28:13.801+0000] {dag.py:3096} INFO - Sync 1 DAGs
[2024-05-27T10:28:13.818+0000] {logging_mixin.py:188} INFO - [2024-05-27T10:28:13.817+0000] {dag.py:3954} INFO - Setting next_dagrun for statistical_calculations_dag to 2021-10-06 00:00:00+00:00, run_after=2021-10-07 00:00:00+00:00
[2024-05-27T10:28:13.840+0000] {processor.py:183} INFO - Processing /opt/airflow/dags/second_dag.py took 0.108 seconds
[2024-05-27T10:28:44.103+0000] {processor.py:161} INFO - Started process (PID=160) to work on /opt/airflow/dags/second_dag.py
[2024-05-27T10:28:44.104+0000] {processor.py:830} INFO - Processing file /opt/airflow/dags/second_dag.py for tasks to queue
[2024-05-27T10:28:44.107+0000] {logging_mixin.py:188} INFO - [2024-05-27T10:28:44.106+0000] {dagbag.py:545} INFO - Filling up the DagBag from /opt/airflow/dags/second_dag.py
[2024-05-27T10:28:44.138+0000] {processor.py:840} INFO - DAG(s) 'statistical_calculations_dag' retrieved from /opt/airflow/dags/second_dag.py
[2024-05-27T10:28:44.158+0000] {logging_mixin.py:188} INFO - [2024-05-27T10:28:44.158+0000] {dag.py:3096} INFO - Sync 1 DAGs
[2024-05-27T10:28:44.174+0000] {logging_mixin.py:188} INFO - [2024-05-27T10:28:44.173+0000] {dag.py:3954} INFO - Setting next_dagrun for statistical_calculations_dag to 2021-10-06 00:00:00+00:00, run_after=2021-10-07 00:00:00+00:00
[2024-05-27T10:28:44.190+0000] {processor.py:183} INFO - Processing /opt/airflow/dags/second_dag.py took 0.092 seconds
[2024-05-27T10:29:14.429+0000] {processor.py:161} INFO - Started process (PID=169) to work on /opt/airflow/dags/second_dag.py
[2024-05-27T10:29:14.430+0000] {processor.py:830} INFO - Processing file /opt/airflow/dags/second_dag.py for tasks to queue
[2024-05-27T10:29:14.431+0000] {logging_mixin.py:188} INFO - [2024-05-27T10:29:14.431+0000] {dagbag.py:545} INFO - Filling up the DagBag from /opt/airflow/dags/second_dag.py
[2024-05-27T10:29:14.457+0000] {processor.py:840} INFO - DAG(s) 'statistical_calculations_dag' retrieved from /opt/airflow/dags/second_dag.py
[2024-05-27T10:29:14.482+0000] {logging_mixin.py:188} INFO - [2024-05-27T10:29:14.481+0000] {dag.py:3096} INFO - Sync 1 DAGs
[2024-05-27T10:29:14.500+0000] {logging_mixin.py:188} INFO - [2024-05-27T10:29:14.500+0000] {dag.py:3954} INFO - Setting next_dagrun for statistical_calculations_dag to 2021-10-06 00:00:00+00:00, run_after=2021-10-07 00:00:00+00:00
[2024-05-27T10:29:14.520+0000] {processor.py:183} INFO - Processing /opt/airflow/dags/second_dag.py took 0.097 seconds
[2024-05-27T10:29:44.775+0000] {processor.py:161} INFO - Started process (PID=178) to work on /opt/airflow/dags/second_dag.py
[2024-05-27T10:29:44.776+0000] {processor.py:830} INFO - Processing file /opt/airflow/dags/second_dag.py for tasks to queue
[2024-05-27T10:29:44.778+0000] {logging_mixin.py:188} INFO - [2024-05-27T10:29:44.778+0000] {dagbag.py:545} INFO - Filling up the DagBag from /opt/airflow/dags/second_dag.py
[2024-05-27T10:29:44.810+0000] {processor.py:840} INFO - DAG(s) 'statistical_calculations_dag' retrieved from /opt/airflow/dags/second_dag.py
[2024-05-27T10:29:44.829+0000] {logging_mixin.py:188} INFO - [2024-05-27T10:29:44.829+0000] {dag.py:3096} INFO - Sync 1 DAGs
[2024-05-27T10:29:44.845+0000] {logging_mixin.py:188} INFO - [2024-05-27T10:29:44.845+0000] {dag.py:3954} INFO - Setting next_dagrun for statistical_calculations_dag to 2021-10-06 00:00:00+00:00, run_after=2021-10-07 00:00:00+00:00
[2024-05-27T10:29:44.867+0000] {processor.py:183} INFO - Processing /opt/airflow/dags/second_dag.py took 0.097 seconds
[2024-05-27T10:30:15.120+0000] {processor.py:161} INFO - Started process (PID=187) to work on /opt/airflow/dags/second_dag.py
[2024-05-27T10:30:15.121+0000] {processor.py:830} INFO - Processing file /opt/airflow/dags/second_dag.py for tasks to queue
[2024-05-27T10:30:15.123+0000] {logging_mixin.py:188} INFO - [2024-05-27T10:30:15.122+0000] {dagbag.py:545} INFO - Filling up the DagBag from /opt/airflow/dags/second_dag.py
[2024-05-27T10:30:15.146+0000] {processor.py:840} INFO - DAG(s) 'statistical_calculations_dag' retrieved from /opt/airflow/dags/second_dag.py
[2024-05-27T10:30:15.166+0000] {logging_mixin.py:188} INFO - [2024-05-27T10:30:15.166+0000] {dag.py:3096} INFO - Sync 1 DAGs
[2024-05-27T10:30:15.183+0000] {logging_mixin.py:188} INFO - [2024-05-27T10:30:15.183+0000] {dag.py:3954} INFO - Setting next_dagrun for statistical_calculations_dag to 2021-10-06 00:00:00+00:00, run_after=2021-10-07 00:00:00+00:00
[2024-05-27T10:30:15.203+0000] {processor.py:183} INFO - Processing /opt/airflow/dags/second_dag.py took 0.088 seconds
[2024-05-27T10:30:45.424+0000] {processor.py:161} INFO - Started process (PID=196) to work on /opt/airflow/dags/second_dag.py
[2024-05-27T10:30:45.424+0000] {processor.py:830} INFO - Processing file /opt/airflow/dags/second_dag.py for tasks to queue
[2024-05-27T10:30:45.426+0000] {logging_mixin.py:188} INFO - [2024-05-27T10:30:45.426+0000] {dagbag.py:545} INFO - Filling up the DagBag from /opt/airflow/dags/second_dag.py
[2024-05-27T10:30:45.451+0000] {processor.py:840} INFO - DAG(s) 'statistical_calculations_dag' retrieved from /opt/airflow/dags/second_dag.py
[2024-05-27T10:30:45.474+0000] {logging_mixin.py:188} INFO - [2024-05-27T10:30:45.474+0000] {dag.py:3096} INFO - Sync 1 DAGs
[2024-05-27T10:30:45.493+0000] {logging_mixin.py:188} INFO - [2024-05-27T10:30:45.492+0000] {dag.py:3954} INFO - Setting next_dagrun for statistical_calculations_dag to 2021-10-06 00:00:00+00:00, run_after=2021-10-07 00:00:00+00:00
[2024-05-27T10:30:45.513+0000] {processor.py:183} INFO - Processing /opt/airflow/dags/second_dag.py took 0.093 seconds
[2024-05-27T10:31:15.733+0000] {processor.py:161} INFO - Started process (PID=205) to work on /opt/airflow/dags/second_dag.py
[2024-05-27T10:31:15.734+0000] {processor.py:830} INFO - Processing file /opt/airflow/dags/second_dag.py for tasks to queue
[2024-05-27T10:31:15.736+0000] {logging_mixin.py:188} INFO - [2024-05-27T10:31:15.736+0000] {dagbag.py:545} INFO - Filling up the DagBag from /opt/airflow/dags/second_dag.py
[2024-05-27T10:31:15.764+0000] {processor.py:840} INFO - DAG(s) 'statistical_calculations_dag' retrieved from /opt/airflow/dags/second_dag.py
[2024-05-27T10:31:15.787+0000] {logging_mixin.py:188} INFO - [2024-05-27T10:31:15.786+0000] {dag.py:3096} INFO - Sync 1 DAGs
[2024-05-27T10:31:15.805+0000] {logging_mixin.py:188} INFO - [2024-05-27T10:31:15.805+0000] {dag.py:3954} INFO - Setting next_dagrun for statistical_calculations_dag to 2021-10-06 00:00:00+00:00, run_after=2021-10-07 00:00:00+00:00
[2024-05-27T10:31:15.825+0000] {processor.py:183} INFO - Processing /opt/airflow/dags/second_dag.py took 0.097 seconds
[2024-05-27T10:31:46.088+0000] {processor.py:161} INFO - Started process (PID=214) to work on /opt/airflow/dags/second_dag.py
[2024-05-27T10:31:46.089+0000] {processor.py:830} INFO - Processing file /opt/airflow/dags/second_dag.py for tasks to queue
[2024-05-27T10:31:46.092+0000] {logging_mixin.py:188} INFO - [2024-05-27T10:31:46.092+0000] {dagbag.py:545} INFO - Filling up the DagBag from /opt/airflow/dags/second_dag.py
[2024-05-27T10:31:46.114+0000] {processor.py:840} INFO - DAG(s) 'statistical_calculations_dag' retrieved from /opt/airflow/dags/second_dag.py
[2024-05-27T10:31:46.133+0000] {logging_mixin.py:188} INFO - [2024-05-27T10:31:46.132+0000] {dag.py:3096} INFO - Sync 1 DAGs
[2024-05-27T10:31:46.148+0000] {logging_mixin.py:188} INFO - [2024-05-27T10:31:46.148+0000] {dag.py:3954} INFO - Setting next_dagrun for statistical_calculations_dag to 2021-10-06 00:00:00+00:00, run_after=2021-10-07 00:00:00+00:00
[2024-05-27T10:31:46.166+0000] {processor.py:183} INFO - Processing /opt/airflow/dags/second_dag.py took 0.083 seconds
[2024-05-27T10:32:16.435+0000] {processor.py:161} INFO - Started process (PID=223) to work on /opt/airflow/dags/second_dag.py
[2024-05-27T10:32:16.435+0000] {processor.py:830} INFO - Processing file /opt/airflow/dags/second_dag.py for tasks to queue
[2024-05-27T10:32:16.437+0000] {logging_mixin.py:188} INFO - [2024-05-27T10:32:16.437+0000] {dagbag.py:545} INFO - Filling up the DagBag from /opt/airflow/dags/second_dag.py
[2024-05-27T10:32:16.457+0000] {processor.py:840} INFO - DAG(s) 'statistical_calculations_dag' retrieved from /opt/airflow/dags/second_dag.py
[2024-05-27T10:32:16.477+0000] {logging_mixin.py:188} INFO - [2024-05-27T10:32:16.477+0000] {dag.py:3096} INFO - Sync 1 DAGs
[2024-05-27T10:32:16.494+0000] {logging_mixin.py:188} INFO - [2024-05-27T10:32:16.494+0000] {dag.py:3954} INFO - Setting next_dagrun for statistical_calculations_dag to 2021-10-06 00:00:00+00:00, run_after=2021-10-07 00:00:00+00:00
[2024-05-27T10:32:16.513+0000] {processor.py:183} INFO - Processing /opt/airflow/dags/second_dag.py took 0.083 seconds
[2024-05-27T10:32:46.853+0000] {processor.py:161} INFO - Started process (PID=232) to work on /opt/airflow/dags/second_dag.py
[2024-05-27T10:32:46.854+0000] {processor.py:830} INFO - Processing file /opt/airflow/dags/second_dag.py for tasks to queue
[2024-05-27T10:32:46.856+0000] {logging_mixin.py:188} INFO - [2024-05-27T10:32:46.855+0000] {dagbag.py:545} INFO - Filling up the DagBag from /opt/airflow/dags/second_dag.py
[2024-05-27T10:32:46.880+0000] {processor.py:840} INFO - DAG(s) 'statistical_calculations_dag' retrieved from /opt/airflow/dags/second_dag.py
[2024-05-27T10:32:46.900+0000] {logging_mixin.py:188} INFO - [2024-05-27T10:32:46.899+0000] {dag.py:3096} INFO - Sync 1 DAGs
[2024-05-27T10:32:46.916+0000] {logging_mixin.py:188} INFO - [2024-05-27T10:32:46.916+0000] {dag.py:3954} INFO - Setting next_dagrun for statistical_calculations_dag to 2021-10-06 00:00:00+00:00, run_after=2021-10-07 00:00:00+00:00
[2024-05-27T10:32:46.935+0000] {processor.py:183} INFO - Processing /opt/airflow/dags/second_dag.py took 0.086 seconds
[2024-05-27T10:33:17.180+0000] {processor.py:161} INFO - Started process (PID=241) to work on /opt/airflow/dags/second_dag.py
[2024-05-27T10:33:17.181+0000] {processor.py:830} INFO - Processing file /opt/airflow/dags/second_dag.py for tasks to queue
[2024-05-27T10:33:17.182+0000] {logging_mixin.py:188} INFO - [2024-05-27T10:33:17.182+0000] {dagbag.py:545} INFO - Filling up the DagBag from /opt/airflow/dags/second_dag.py
[2024-05-27T10:33:17.206+0000] {processor.py:840} INFO - DAG(s) 'statistical_calculations_dag' retrieved from /opt/airflow/dags/second_dag.py
[2024-05-27T10:33:17.225+0000] {logging_mixin.py:188} INFO - [2024-05-27T10:33:17.225+0000] {dag.py:3096} INFO - Sync 1 DAGs
[2024-05-27T10:33:17.242+0000] {logging_mixin.py:188} INFO - [2024-05-27T10:33:17.242+0000] {dag.py:3954} INFO - Setting next_dagrun for statistical_calculations_dag to 2021-10-06 00:00:00+00:00, run_after=2021-10-07 00:00:00+00:00
[2024-05-27T10:33:17.264+0000] {processor.py:183} INFO - Processing /opt/airflow/dags/second_dag.py took 0.088 seconds
[2024-05-27T10:33:47.541+0000] {processor.py:161} INFO - Started process (PID=250) to work on /opt/airflow/dags/second_dag.py
[2024-05-27T10:33:47.542+0000] {processor.py:830} INFO - Processing file /opt/airflow/dags/second_dag.py for tasks to queue
[2024-05-27T10:33:47.544+0000] {logging_mixin.py:188} INFO - [2024-05-27T10:33:47.544+0000] {dagbag.py:545} INFO - Filling up the DagBag from /opt/airflow/dags/second_dag.py
[2024-05-27T10:33:47.572+0000] {processor.py:840} INFO - DAG(s) 'statistical_calculations_dag' retrieved from /opt/airflow/dags/second_dag.py
[2024-05-27T10:33:47.595+0000] {logging_mixin.py:188} INFO - [2024-05-27T10:33:47.595+0000] {dag.py:3096} INFO - Sync 1 DAGs
[2024-05-27T10:33:47.613+0000] {logging_mixin.py:188} INFO - [2024-05-27T10:33:47.613+0000] {dag.py:3954} INFO - Setting next_dagrun for statistical_calculations_dag to 2021-10-06 00:00:00+00:00, run_after=2021-10-07 00:00:00+00:00
[2024-05-27T10:33:47.630+0000] {processor.py:183} INFO - Processing /opt/airflow/dags/second_dag.py took 0.093 seconds
[2024-05-27T10:34:17.877+0000] {processor.py:161} INFO - Started process (PID=259) to work on /opt/airflow/dags/second_dag.py
[2024-05-27T10:34:17.878+0000] {processor.py:830} INFO - Processing file /opt/airflow/dags/second_dag.py for tasks to queue
[2024-05-27T10:34:17.880+0000] {logging_mixin.py:188} INFO - [2024-05-27T10:34:17.879+0000] {dagbag.py:545} INFO - Filling up the DagBag from /opt/airflow/dags/second_dag.py
[2024-05-27T10:34:17.905+0000] {processor.py:840} INFO - DAG(s) 'statistical_calculations_dag' retrieved from /opt/airflow/dags/second_dag.py
[2024-05-27T10:34:17.926+0000] {logging_mixin.py:188} INFO - [2024-05-27T10:34:17.926+0000] {dag.py:3096} INFO - Sync 1 DAGs
[2024-05-27T10:34:17.942+0000] {logging_mixin.py:188} INFO - [2024-05-27T10:34:17.942+0000] {dag.py:3954} INFO - Setting next_dagrun for statistical_calculations_dag to 2021-10-06 00:00:00+00:00, run_after=2021-10-07 00:00:00+00:00
[2024-05-27T10:34:17.960+0000] {processor.py:183} INFO - Processing /opt/airflow/dags/second_dag.py took 0.088 seconds
[2024-05-27T10:34:48.214+0000] {processor.py:161} INFO - Started process (PID=268) to work on /opt/airflow/dags/second_dag.py
[2024-05-27T10:34:48.215+0000] {processor.py:830} INFO - Processing file /opt/airflow/dags/second_dag.py for tasks to queue
[2024-05-27T10:34:48.217+0000] {logging_mixin.py:188} INFO - [2024-05-27T10:34:48.216+0000] {dagbag.py:545} INFO - Filling up the DagBag from /opt/airflow/dags/second_dag.py
[2024-05-27T10:34:48.239+0000] {processor.py:840} INFO - DAG(s) 'statistical_calculations_dag' retrieved from /opt/airflow/dags/second_dag.py
[2024-05-27T10:34:48.259+0000] {logging_mixin.py:188} INFO - [2024-05-27T10:34:48.259+0000] {dag.py:3096} INFO - Sync 1 DAGs
[2024-05-27T10:34:48.275+0000] {logging_mixin.py:188} INFO - [2024-05-27T10:34:48.275+0000] {dag.py:3954} INFO - Setting next_dagrun for statistical_calculations_dag to 2021-10-06 00:00:00+00:00, run_after=2021-10-07 00:00:00+00:00
[2024-05-27T10:34:48.297+0000] {processor.py:183} INFO - Processing /opt/airflow/dags/second_dag.py took 0.087 seconds
[2024-05-27T10:35:18.543+0000] {processor.py:161} INFO - Started process (PID=277) to work on /opt/airflow/dags/second_dag.py
[2024-05-27T10:35:18.544+0000] {processor.py:830} INFO - Processing file /opt/airflow/dags/second_dag.py for tasks to queue
[2024-05-27T10:35:18.547+0000] {logging_mixin.py:188} INFO - [2024-05-27T10:35:18.546+0000] {dagbag.py:545} INFO - Filling up the DagBag from /opt/airflow/dags/second_dag.py
[2024-05-27T10:35:18.578+0000] {processor.py:840} INFO - DAG(s) 'statistical_calculations_dag' retrieved from /opt/airflow/dags/second_dag.py
[2024-05-27T10:35:18.598+0000] {logging_mixin.py:188} INFO - [2024-05-27T10:35:18.597+0000] {dag.py:3096} INFO - Sync 1 DAGs
[2024-05-27T10:35:18.615+0000] {logging_mixin.py:188} INFO - [2024-05-27T10:35:18.615+0000] {dag.py:3954} INFO - Setting next_dagrun for statistical_calculations_dag to 2021-10-06 00:00:00+00:00, run_after=2021-10-07 00:00:00+00:00
[2024-05-27T10:35:18.633+0000] {processor.py:183} INFO - Processing /opt/airflow/dags/second_dag.py took 0.095 seconds
