[2024-05-20T11:58:44.377+0000] {local_task_job_runner.py:120} INFO - ::group::Pre task execution logs
[2024-05-20T11:58:44.395+0000] {taskinstance.py:2076} INFO - Dependencies all met for dep_context=non-requeueable deps ti=<TaskInstance: dataset_consumes_1.consuming_1 manual__2024-05-20T11:58:42.964313+00:00 [queued]>
[2024-05-20T11:58:44.402+0000] {taskinstance.py:2076} INFO - Dependencies all met for dep_context=requeueable deps ti=<TaskInstance: dataset_consumes_1.consuming_1 manual__2024-05-20T11:58:42.964313+00:00 [queued]>
[2024-05-20T11:58:44.402+0000] {taskinstance.py:2306} INFO - Starting attempt 1 of 1
[2024-05-20T11:58:44.415+0000] {taskinstance.py:2330} INFO - Executing <Task(BashOperator): consuming_1> on 2024-05-20 11:58:42.964313+00:00
[2024-05-20T11:58:44.420+0000] {warnings.py:110} WARNING - /home/***/.local/lib/python3.12/site-packages/***/task/task_runner/standard_task_runner.py:61: DeprecationWarning: This process (pid=170) is multi-threaded, use of fork() may lead to deadlocks in the child.
  pid = os.fork()

[2024-05-20T11:58:44.422+0000] {standard_task_runner.py:63} INFO - Started process 172 to run task
[2024-05-20T11:58:44.422+0000] {standard_task_runner.py:90} INFO - Running: ['***', 'tasks', 'run', 'dataset_consumes_1', 'consuming_1', 'manual__2024-05-20T11:58:42.964313+00:00', '--job-id', '6', '--raw', '--subdir', '/home/***/.local/lib/python3.12/site-packages/***/example_dags/example_datasets.py', '--cfg-path', '/tmp/tmpqar632yy']
[2024-05-20T11:58:44.424+0000] {standard_task_runner.py:91} INFO - Job 6: Subtask consuming_1
[2024-05-20T11:58:44.462+0000] {task_command.py:426} INFO - Running <TaskInstance: dataset_consumes_1.consuming_1 manual__2024-05-20T11:58:42.964313+00:00 [running]> on host f8b682d05983
[2024-05-20T11:58:44.632+0000] {taskinstance.py:2648} INFO - Exporting env vars: AIRFLOW_CTX_DAG_OWNER='***' AIRFLOW_CTX_DAG_ID='dataset_consumes_1' AIRFLOW_CTX_TASK_ID='consuming_1' AIRFLOW_CTX_EXECUTION_DATE='2024-05-20T11:58:42.964313+00:00' AIRFLOW_CTX_TRY_NUMBER='1' AIRFLOW_CTX_DAG_RUN_ID='manual__2024-05-20T11:58:42.964313+00:00'
[2024-05-20T11:58:44.648+0000] {taskinstance.py:430} INFO - ::endgroup::
[2024-05-20T11:58:44.649+0000] {subprocess.py:63} INFO - Tmp dir root location: /tmp
[2024-05-20T11:58:44.651+0000] {subprocess.py:75} INFO - Running command: ['/usr/bin/bash', '-c', 'sleep 5']
[2024-05-20T11:58:44.663+0000] {subprocess.py:86} INFO - Output:
[2024-05-20T11:58:49.668+0000] {subprocess.py:97} INFO - Command exited with return code 0
[2024-05-20T11:58:49.669+0000] {taskinstance.py:441} INFO - ::group::Post task execution logs
[2024-05-20T11:58:49.683+0000] {warnings.py:110} WARNING - /home/***/.local/lib/python3.12/site-packages/***/models/baseoperator.py:1564: RemovedInAirflow3Warning: Passing 'execution_date' to 'TaskInstance.xcom_push()' is deprecated.
  context["ti"].xcom_push(key=key, value=value, execution_date=execution_date)

[2024-05-20T11:58:49.702+0000] {taskinstance.py:1206} INFO - Marking task as SUCCESS. dag_id=dataset_consumes_1, task_id=consuming_1, run_id=manual__2024-05-20T11:58:42.964313+00:00, execution_date=20240520T115842, start_date=20240520T115844, end_date=20240520T115849
[2024-05-20T11:58:49.766+0000] {local_task_job_runner.py:240} INFO - Task exited with return code 0
[2024-05-20T11:58:49.777+0000] {taskinstance.py:3498} INFO - 0 downstream tasks scheduled from follow-on schedule check
[2024-05-20T11:58:49.780+0000] {local_task_job_runner.py:222} INFO - ::endgroup::
