[2024-05-27T11:52:12.226+0000] {local_task_job_runner.py:120} INFO - ::group::Pre task execution logs
[2024-05-27T11:52:12.256+0000] {taskinstance.py:2076} INFO - Dependencies all met for dep_context=non-requeueable deps ti=<TaskInstance: our_first_dag_v5.second_task scheduled__2024-05-23T00:00:00+00:00 [queued]>
[2024-05-27T11:52:12.268+0000] {taskinstance.py:2076} INFO - Dependencies all met for dep_context=requeueable deps ti=<TaskInstance: our_first_dag_v5.second_task scheduled__2024-05-23T00:00:00+00:00 [queued]>
[2024-05-27T11:52:12.269+0000] {taskinstance.py:2306} INFO - Starting attempt 1 of 6
[2024-05-27T11:52:12.289+0000] {taskinstance.py:2330} INFO - Executing <Task(BashOperator): second_task> on 2024-05-23 00:00:00+00:00
[2024-05-27T11:52:12.297+0000] {warnings.py:110} WARNING - /home/***/.local/lib/python3.12/site-packages/***/task/task_runner/standard_task_runner.py:61: DeprecationWarning: This process (pid=1275) is multi-threaded, use of fork() may lead to deadlocks in the child.
  pid = os.fork()

[2024-05-27T11:52:12.298+0000] {standard_task_runner.py:63} INFO - Started process 1287 to run task
[2024-05-27T11:52:12.298+0000] {standard_task_runner.py:90} INFO - Running: ['***', 'tasks', 'run', 'our_first_dag_v5', 'second_task', 'scheduled__2024-05-23T00:00:00+00:00', '--job-id', '20', '--raw', '--subdir', 'DAGS_FOLDER/first_dag.py', '--cfg-path', '/tmp/tmpdyks5lv0']
[2024-05-27T11:52:12.300+0000] {standard_task_runner.py:91} INFO - Job 20: Subtask second_task
[2024-05-27T11:52:12.367+0000] {task_command.py:426} INFO - Running <TaskInstance: our_first_dag_v5.second_task scheduled__2024-05-23T00:00:00+00:00 [running]> on host a264f606ca81
[2024-05-27T11:52:12.511+0000] {taskinstance.py:2648} INFO - Exporting env vars: AIRFLOW_CTX_DAG_OWNER='Meier' AIRFLOW_CTX_DAG_ID='our_first_dag_v5' AIRFLOW_CTX_TASK_ID='second_task' AIRFLOW_CTX_EXECUTION_DATE='2024-05-23T00:00:00+00:00' AIRFLOW_CTX_TRY_NUMBER='1' AIRFLOW_CTX_DAG_RUN_ID='scheduled__2024-05-23T00:00:00+00:00'
[2024-05-27T11:52:12.512+0000] {taskinstance.py:430} INFO - ::endgroup::
[2024-05-27T11:52:12.545+0000] {subprocess.py:63} INFO - Tmp dir root location: /tmp
[2024-05-27T11:52:12.548+0000] {subprocess.py:75} INFO - Running command: ['/usr/bin/bash', '-c', 'echo hey, I am task2 and will be running after task1!']
[2024-05-27T11:52:12.566+0000] {subprocess.py:86} INFO - Output:
[2024-05-27T11:52:12.567+0000] {subprocess.py:93} INFO - hey, I am task2 and will be running after task1!
[2024-05-27T11:52:12.568+0000] {subprocess.py:97} INFO - Command exited with return code 0
[2024-05-27T11:52:12.569+0000] {taskinstance.py:441} INFO - ::group::Post task execution logs
[2024-05-27T11:52:12.594+0000] {taskinstance.py:1206} INFO - Marking task as SUCCESS. dag_id=our_first_dag_v5, task_id=second_task, run_id=scheduled__2024-05-23T00:00:00+00:00, execution_date=20240523T000000, start_date=20240527T115212, end_date=20240527T115212
[2024-05-27T11:52:12.634+0000] {local_task_job_runner.py:240} INFO - Task exited with return code 0
[2024-05-27T11:52:12.657+0000] {taskinstance.py:3498} INFO - 0 downstream tasks scheduled from follow-on schedule check
[2024-05-27T11:52:12.663+0000] {local_task_job_runner.py:222} INFO - ::endgroup::
