[2024-05-27T14:32:53.139+0000] {local_task_job_runner.py:120} INFO - ::group::Pre task execution logs
[2024-05-27T14:32:53.156+0000] {taskinstance.py:2076} INFO - Dependencies all met for dep_context=non-requeueable deps ti=<TaskInstance: dag_with_postgres_operator_v03.insert_into_table manual__2024-05-27T14:17:48.142869+00:00 [queued]>
[2024-05-27T14:32:53.164+0000] {taskinstance.py:2076} INFO - Dependencies all met for dep_context=requeueable deps ti=<TaskInstance: dag_with_postgres_operator_v03.insert_into_table manual__2024-05-27T14:17:48.142869+00:00 [queued]>
[2024-05-27T14:32:53.164+0000] {taskinstance.py:2306} INFO - Starting attempt 4 of 6
[2024-05-27T14:32:53.176+0000] {taskinstance.py:2330} INFO - Executing <Task(PostgresOperator): insert_into_table> on 2024-05-27 14:17:48.142869+00:00
[2024-05-27T14:32:53.181+0000] {warnings.py:110} WARNING - /home/***/.local/lib/python3.12/site-packages/***/task/task_runner/standard_task_runner.py:61: DeprecationWarning: This process (pid=730) is multi-threaded, use of fork() may lead to deadlocks in the child.
  pid = os.fork()

[2024-05-27T14:32:53.183+0000] {standard_task_runner.py:63} INFO - Started process 731 to run task
[2024-05-27T14:32:53.182+0000] {standard_task_runner.py:90} INFO - Running: ['***', 'tasks', 'run', 'dag_with_postgres_operator_v03', 'insert_into_table', 'manual__2024-05-27T14:17:48.142869+00:00', '--job-id', '149', '--raw', '--subdir', 'DAGS_FOLDER/dag_with_postgres_operator.py', '--cfg-path', '/tmp/tmp1bsccw20']
[2024-05-27T14:32:53.185+0000] {standard_task_runner.py:91} INFO - Job 149: Subtask insert_into_table
[2024-05-27T14:32:53.218+0000] {task_command.py:426} INFO - Running <TaskInstance: dag_with_postgres_operator_v03.insert_into_table manual__2024-05-27T14:17:48.142869+00:00 [running]> on host d44ae21ae39e
[2024-05-27T14:32:53.296+0000] {taskinstance.py:2648} INFO - Exporting env vars: AIRFLOW_CTX_DAG_OWNER='test' AIRFLOW_CTX_DAG_ID='dag_with_postgres_operator_v03' AIRFLOW_CTX_TASK_ID='insert_into_table' AIRFLOW_CTX_EXECUTION_DATE='2024-05-27T14:17:48.142869+00:00' AIRFLOW_CTX_TRY_NUMBER='4' AIRFLOW_CTX_DAG_RUN_ID='manual__2024-05-27T14:17:48.142869+00:00'
[2024-05-27T14:32:53.297+0000] {taskinstance.py:430} INFO - ::endgroup::
[2024-05-27T14:32:53.308+0000] {sql.py:276} INFO - Executing: 
            insert into dag_runs (dt, dag_id) values ('2024-05-27', 'test')
        
[2024-05-27T14:32:53.316+0000] {base.py:84} INFO - Using connection ID 'postgres_localhost' for task execution.
[2024-05-27T14:32:53.324+0000] {base.py:84} INFO - Using connection ID 'postgres_localhost' for task execution.
[2024-05-27T14:32:53.334+0000] {sql.py:470} INFO - Running statement: 
            insert into dag_runs (dt, dag_id) values ('2024-05-27', 'test')
        , parameters: None
[2024-05-27T14:32:53.337+0000] {taskinstance.py:441} INFO - ::group::Post task execution logs
[2024-05-27T14:32:53.338+0000] {taskinstance.py:2905} ERROR - Task failed with exception
Traceback (most recent call last):
  File "/home/airflow/.local/lib/python3.12/site-packages/airflow/models/taskinstance.py", line 465, in _execute_task
    result = _execute_callable(context=context, **execute_callable_kwargs)
             ^^^^^^^^^^^^^^^^^^^^^^^^^^^^^^^^^^^^^^^^^^^^^^^^^^^^^^^^^^^^^
  File "/home/airflow/.local/lib/python3.12/site-packages/airflow/models/taskinstance.py", line 432, in _execute_callable
    return execute_callable(context=context, **execute_callable_kwargs)
           ^^^^^^^^^^^^^^^^^^^^^^^^^^^^^^^^^^^^^^^^^^^^^^^^^^^^^^^^^^^^
  File "/home/airflow/.local/lib/python3.12/site-packages/airflow/models/baseoperator.py", line 400, in wrapper
    return func(self, *args, **kwargs)
           ^^^^^^^^^^^^^^^^^^^^^^^^^^^
  File "/home/airflow/.local/lib/python3.12/site-packages/airflow/providers/common/sql/operators/sql.py", line 282, in execute
    output = hook.run(
             ^^^^^^^^^
  File "/home/airflow/.local/lib/python3.12/site-packages/airflow/providers/common/sql/hooks/sql.py", line 418, in run
    self._run_command(cur, sql_statement, parameters)
  File "/home/airflow/.local/lib/python3.12/site-packages/airflow/providers/common/sql/hooks/sql.py", line 475, in _run_command
    cur.execute(sql_statement)
psycopg2.errors.UniqueViolation: duplicate key value violates unique constraint "dag_runs_pkey"
DETAIL:  Key (dt, dag_id)=(2024-05-27, test) already exists.

[2024-05-27T14:32:53.345+0000] {taskinstance.py:1206} INFO - Marking task as UP_FOR_RETRY. dag_id=dag_with_postgres_operator_v03, task_id=insert_into_table, run_id=manual__2024-05-27T14:17:48.142869+00:00, execution_date=20240527T141748, start_date=20240527T143253, end_date=20240527T143253
[2024-05-27T14:32:53.356+0000] {standard_task_runner.py:110} ERROR - Failed to execute job 149 for task insert_into_table (duplicate key value violates unique constraint "dag_runs_pkey"
DETAIL:  Key (dt, dag_id)=(2024-05-27, test) already exists.
; 731)
[2024-05-27T14:32:53.396+0000] {local_task_job_runner.py:240} INFO - Task exited with return code 1
[2024-05-27T14:32:53.409+0000] {taskinstance.py:3498} INFO - 0 downstream tasks scheduled from follow-on schedule check
[2024-05-27T14:32:53.413+0000] {local_task_job_runner.py:222} INFO - ::endgroup::
