[2024-05-21T14:36:55.510+0000] {local_task_job_runner.py:120} INFO - ::group::Pre task execution logs
[2024-05-21T14:36:55.536+0000] {taskinstance.py:2076} INFO - Dependencies all met for dep_context=non-requeueable deps ti=<TaskInstance: statistical_calculations_dag.print_statistics scheduled__2022-02-15T00:00:00+00:00 [queued]>
[2024-05-21T14:36:55.548+0000] {taskinstance.py:2076} INFO - Dependencies all met for dep_context=requeueable deps ti=<TaskInstance: statistical_calculations_dag.print_statistics scheduled__2022-02-15T00:00:00+00:00 [queued]>
[2024-05-21T14:36:55.548+0000] {taskinstance.py:2306} INFO - Starting attempt 1 of 6
[2024-05-21T14:36:55.644+0000] {taskinstance.py:2330} INFO - Executing <Task(PythonOperator): print_statistics> on 2022-02-15 00:00:00+00:00
[2024-05-21T14:36:55.653+0000] {warnings.py:110} WARNING - /home/***/.local/lib/python3.12/site-packages/***/task/task_runner/standard_task_runner.py:61: DeprecationWarning: This process (pid=6464) is multi-threaded, use of fork() may lead to deadlocks in the child.
  pid = os.fork()

[2024-05-21T14:36:55.654+0000] {standard_task_runner.py:63} INFO - Started process 6474 to run task
[2024-05-21T14:36:55.654+0000] {standard_task_runner.py:90} INFO - Running: ['***', 'tasks', 'run', 'statistical_calculations_dag', 'print_statistics', 'scheduled__2022-02-15T00:00:00+00:00', '--job-id', '1914', '--raw', '--subdir', 'DAGS_FOLDER/second_dag.py', '--cfg-path', '/tmp/tmpkjefwlxi']
[2024-05-21T14:36:55.656+0000] {standard_task_runner.py:91} INFO - Job 1914: Subtask print_statistics
[2024-05-21T14:36:55.714+0000] {task_command.py:426} INFO - Running <TaskInstance: statistical_calculations_dag.print_statistics scheduled__2022-02-15T00:00:00+00:00 [running]> on host c420abfdc210
[2024-05-21T14:36:55.826+0000] {taskinstance.py:2648} INFO - Exporting env vars: AIRFLOW_CTX_DAG_OWNER='test' AIRFLOW_CTX_DAG_ID='statistical_calculations_dag' AIRFLOW_CTX_TASK_ID='print_statistics' AIRFLOW_CTX_EXECUTION_DATE='2022-02-15T00:00:00+00:00' AIRFLOW_CTX_TRY_NUMBER='1' AIRFLOW_CTX_DAG_RUN_ID='scheduled__2022-02-15T00:00:00+00:00'
[2024-05-21T14:36:55.827+0000] {taskinstance.py:430} INFO - ::endgroup::
[2024-05-21T14:36:55.864+0000] {logging_mixin.py:188} INFO - Les nombres générés ont une moyenne de 50.01 et une variance de 747.1413131313132.
[2024-05-21T14:36:55.865+0000] {python.py:237} INFO - Done. Returned value was: None
[2024-05-21T14:36:55.866+0000] {taskinstance.py:441} INFO - ::group::Post task execution logs
[2024-05-21T14:36:55.877+0000] {taskinstance.py:1206} INFO - Marking task as SUCCESS. dag_id=statistical_calculations_dag, task_id=print_statistics, run_id=scheduled__2022-02-15T00:00:00+00:00, execution_date=20220215T000000, start_date=20240521T143655, end_date=20240521T143655
[2024-05-21T14:36:55.989+0000] {local_task_job_runner.py:240} INFO - Task exited with return code 0
[2024-05-21T14:36:56.008+0000] {taskinstance.py:3498} INFO - 0 downstream tasks scheduled from follow-on schedule check
[2024-05-21T14:36:56.016+0000] {local_task_job_runner.py:222} INFO - ::endgroup::
