[2024-05-27T16:31:43.327+0000] {local_task_job_runner.py:120} INFO - ::group::Pre task execution logs
[2024-05-27T16:31:43.344+0000] {taskinstance.py:2076} INFO - Dependencies all met for dep_context=non-requeueable deps ti=<TaskInstance: get_data_from_pss.fetch_and_store_data manual__2024-05-27T16:26:40.924070+00:00 [queued]>
[2024-05-27T16:31:43.350+0000] {taskinstance.py:2076} INFO - Dependencies all met for dep_context=requeueable deps ti=<TaskInstance: get_data_from_pss.fetch_and_store_data manual__2024-05-27T16:26:40.924070+00:00 [queued]>
[2024-05-27T16:31:43.351+0000] {taskinstance.py:2306} INFO - Starting attempt 2 of 6
[2024-05-27T16:31:43.363+0000] {taskinstance.py:2330} INFO - Executing <Task(PythonOperator): fetch_and_store_data> on 2024-05-27 16:26:40.924070+00:00
[2024-05-27T16:31:43.371+0000] {warnings.py:110} WARNING - /home/***/.local/lib/python3.12/site-packages/***/task/task_runner/standard_task_runner.py:61: DeprecationWarning: This process (pid=257) is multi-threaded, use of fork() may lead to deadlocks in the child.
  pid = os.fork()

[2024-05-27T16:31:43.372+0000] {standard_task_runner.py:63} INFO - Started process 258 to run task
[2024-05-27T16:31:43.373+0000] {standard_task_runner.py:90} INFO - Running: ['***', 'tasks', 'run', 'get_data_from_pss', 'fetch_and_store_data', 'manual__2024-05-27T16:26:40.924070+00:00', '--job-id', '165', '--raw', '--subdir', 'DAGS_FOLDER/extract_datafrom_pss.py', '--cfg-path', '/tmp/tmp9bqfu5pz']
[2024-05-27T16:31:43.375+0000] {standard_task_runner.py:91} INFO - Job 165: Subtask fetch_and_store_data
[2024-05-27T16:31:43.415+0000] {task_command.py:426} INFO - Running <TaskInstance: get_data_from_pss.fetch_and_store_data manual__2024-05-27T16:26:40.924070+00:00 [running]> on host a2673611c42c
[2024-05-27T16:31:43.489+0000] {taskinstance.py:2648} INFO - Exporting env vars: AIRFLOW_CTX_DAG_OWNER='***' AIRFLOW_CTX_DAG_ID='get_data_from_pss' AIRFLOW_CTX_TASK_ID='fetch_and_store_data' AIRFLOW_CTX_EXECUTION_DATE='2024-05-27T16:26:40.924070+00:00' AIRFLOW_CTX_TRY_NUMBER='2' AIRFLOW_CTX_DAG_RUN_ID='manual__2024-05-27T16:26:40.924070+00:00'
[2024-05-27T16:31:43.490+0000] {taskinstance.py:430} INFO - ::endgroup::
[2024-05-27T16:31:43.520+0000] {taskinstance.py:441} INFO - ::group::Post task execution logs
[2024-05-27T16:31:43.520+0000] {taskinstance.py:2905} ERROR - Task failed with exception
Traceback (most recent call last):
  File "/home/airflow/.local/lib/python3.12/site-packages/airflow/models/taskinstance.py", line 465, in _execute_task
    result = _execute_callable(context=context, **execute_callable_kwargs)
             ^^^^^^^^^^^^^^^^^^^^^^^^^^^^^^^^^^^^^^^^^^^^^^^^^^^^^^^^^^^^^
  File "/home/airflow/.local/lib/python3.12/site-packages/airflow/models/taskinstance.py", line 432, in _execute_callable
    return execute_callable(context=context, **execute_callable_kwargs)
           ^^^^^^^^^^^^^^^^^^^^^^^^^^^^^^^^^^^^^^^^^^^^^^^^^^^^^^^^^^^^
  File "/home/airflow/.local/lib/python3.12/site-packages/airflow/models/baseoperator.py", line 400, in wrapper
    return func(self, *args, **kwargs)
           ^^^^^^^^^^^^^^^^^^^^^^^^^^^
  File "/home/airflow/.local/lib/python3.12/site-packages/airflow/operators/python.py", line 235, in execute
    return_value = self.execute_callable()
                   ^^^^^^^^^^^^^^^^^^^^^^^
  File "/home/airflow/.local/lib/python3.12/site-packages/airflow/operators/python.py", line 252, in execute_callable
    return self.python_callable(*self.op_args, **self.op_kwargs)
           ^^^^^^^^^^^^^^^^^^^^^^^^^^^^^^^^^^^^^^^^^^^^^^^^^^^^^
  File "/opt/airflow/dags/extract_datafrom_pss.py", line 20, in get_data_from_pss
    with open("C:\\Users\\simo_\\Desktop\\test.csv"):
         ^^^^^^^^^^^^^^^^^^^^^^^^^^^^^^^^^^^^^^^^^^^
FileNotFoundError: [Errno 2] No such file or directory: 'C:\\Users\\simo_\\Desktop\\test.csv'
[2024-05-27T16:31:43.531+0000] {taskinstance.py:1206} INFO - Marking task as UP_FOR_RETRY. dag_id=get_data_from_pss, task_id=fetch_and_store_data, run_id=manual__2024-05-27T16:26:40.924070+00:00, execution_date=20240527T162640, start_date=20240527T163143, end_date=20240527T163143
[2024-05-27T16:31:43.542+0000] {standard_task_runner.py:110} ERROR - Failed to execute job 165 for task fetch_and_store_data ([Errno 2] No such file or directory: 'C:\\Users\\simo_\\Desktop\\test.csv'; 258)
[2024-05-27T16:31:43.587+0000] {local_task_job_runner.py:240} INFO - Task exited with return code 1
[2024-05-27T16:31:43.598+0000] {taskinstance.py:3498} INFO - 0 downstream tasks scheduled from follow-on schedule check
[2024-05-27T16:31:43.602+0000] {local_task_job_runner.py:222} INFO - ::endgroup::
