[2024-05-21T10:49:17.321+0000] {local_task_job_runner.py:120} INFO - ::group::Pre task execution logs
[2024-05-21T10:49:17.362+0000] {taskinstance.py:2076} INFO - Dependencies all met for dep_context=non-requeueable deps ti=<TaskInstance: our_first_dag_v5.first_task manual__2024-05-21T10:49:14.322601+00:00 [queued]>
[2024-05-21T10:49:17.372+0000] {taskinstance.py:2076} INFO - Dependencies all met for dep_context=requeueable deps ti=<TaskInstance: our_first_dag_v5.first_task manual__2024-05-21T10:49:14.322601+00:00 [queued]>
[2024-05-21T10:49:17.373+0000] {taskinstance.py:2306} INFO - Starting attempt 1 of 6
[2024-05-21T10:49:17.388+0000] {taskinstance.py:2330} INFO - Executing <Task(BashOperator): first_task> on 2024-05-21 10:49:14.322601+00:00
[2024-05-21T10:49:17.432+0000] {warnings.py:110} WARNING - /home/***/.local/lib/python3.12/site-packages/***/task/task_runner/standard_task_runner.py:61: DeprecationWarning: This process (pid=434) is multi-threaded, use of fork() may lead to deadlocks in the child.
  pid = os.fork()

[2024-05-21T10:49:17.430+0000] {standard_task_runner.py:90} INFO - Running: ['***', 'tasks', 'run', 'our_first_dag_v5', 'first_task', 'manual__2024-05-21T10:49:14.322601+00:00', '--job-id', '4', '--raw', '--subdir', 'DAGS_FOLDER/first_dag.py', '--cfg-path', '/tmp/tmpxs1zj7l4']
[2024-05-21T10:49:17.435+0000] {standard_task_runner.py:63} INFO - Started process 435 to run task
[2024-05-21T10:49:17.435+0000] {standard_task_runner.py:91} INFO - Job 4: Subtask first_task
[2024-05-21T10:49:17.479+0000] {task_command.py:426} INFO - Running <TaskInstance: our_first_dag_v5.first_task manual__2024-05-21T10:49:14.322601+00:00 [running]> on host c420abfdc210
[2024-05-21T10:49:17.560+0000] {taskinstance.py:2648} INFO - Exporting env vars: AIRFLOW_CTX_DAG_OWNER='Meier' AIRFLOW_CTX_DAG_ID='our_first_dag_v5' AIRFLOW_CTX_TASK_ID='first_task' AIRFLOW_CTX_EXECUTION_DATE='2024-05-21T10:49:14.322601+00:00' AIRFLOW_CTX_TRY_NUMBER='1' AIRFLOW_CTX_DAG_RUN_ID='manual__2024-05-21T10:49:14.322601+00:00'
[2024-05-21T10:49:17.561+0000] {taskinstance.py:430} INFO - ::endgroup::
[2024-05-21T10:49:17.626+0000] {subprocess.py:63} INFO - Tmp dir root location: /tmp
[2024-05-21T10:49:17.629+0000] {subprocess.py:75} INFO - Running command: ['/usr/bin/bash', '-c', 'echo hello world, this is the first task!']
[2024-05-21T10:49:17.640+0000] {subprocess.py:86} INFO - Output:
[2024-05-21T10:49:17.650+0000] {subprocess.py:93} INFO - hello world, this is the first task!
[2024-05-21T10:49:17.651+0000] {subprocess.py:97} INFO - Command exited with return code 0
[2024-05-21T10:49:17.653+0000] {taskinstance.py:441} INFO - ::group::Post task execution logs
[2024-05-21T10:49:17.675+0000] {taskinstance.py:1206} INFO - Marking task as SUCCESS. dag_id=our_first_dag_v5, task_id=first_task, run_id=manual__2024-05-21T10:49:14.322601+00:00, execution_date=20240521T104914, start_date=20240521T104917, end_date=20240521T104917
[2024-05-21T10:49:17.695+0000] {local_task_job_runner.py:240} INFO - Task exited with return code 0
[2024-05-21T10:49:17.716+0000] {taskinstance.py:3498} INFO - 2 downstream tasks scheduled from follow-on schedule check
[2024-05-21T10:49:17.720+0000] {local_task_job_runner.py:222} INFO - ::endgroup::
