[2024-05-21T14:29:37.302+0000] {local_task_job_runner.py:120} INFO - ::group::Pre task execution logs
[2024-05-21T14:29:37.346+0000] {taskinstance.py:2076} INFO - Dependencies all met for dep_context=non-requeueable deps ti=<TaskInstance: our_dag_with_python_operator_v07.greet scheduled__2021-10-14T00:00:00+00:00 [queued]>
[2024-05-21T14:29:37.359+0000] {taskinstance.py:2076} INFO - Dependencies all met for dep_context=requeueable deps ti=<TaskInstance: our_dag_with_python_operator_v07.greet scheduled__2021-10-14T00:00:00+00:00 [queued]>
[2024-05-21T14:29:37.360+0000] {taskinstance.py:2306} INFO - Starting attempt 1 of 6
[2024-05-21T14:29:37.386+0000] {taskinstance.py:2330} INFO - Executing <Task(PythonOperator): greet> on 2021-10-14 00:00:00+00:00
[2024-05-21T14:29:37.396+0000] {warnings.py:110} WARNING - /home/***/.local/lib/python3.12/site-packages/***/task/task_runner/standard_task_runner.py:61: DeprecationWarning: This process (pid=2600) is multi-threaded, use of fork() may lead to deadlocks in the child.
  pid = os.fork()

[2024-05-21T14:29:37.398+0000] {standard_task_runner.py:90} INFO - Running: ['***', 'tasks', 'run', 'our_dag_with_python_operator_v07', 'greet', 'scheduled__2021-10-14T00:00:00+00:00', '--job-id', '44', '--raw', '--subdir', 'DAGS_FOLDER/second_dag.py', '--cfg-path', '/tmp/tmpl5f6xgjd']
[2024-05-21T14:29:37.400+0000] {standard_task_runner.py:63} INFO - Started process 2606 to run task
[2024-05-21T14:29:37.400+0000] {standard_task_runner.py:91} INFO - Job 44: Subtask greet
[2024-05-21T14:29:37.492+0000] {task_command.py:426} INFO - Running <TaskInstance: our_dag_with_python_operator_v07.greet scheduled__2021-10-14T00:00:00+00:00 [running]> on host c420abfdc210
[2024-05-21T14:29:37.631+0000] {taskinstance.py:2648} INFO - Exporting env vars: AIRFLOW_CTX_DAG_OWNER='test' AIRFLOW_CTX_DAG_ID='our_dag_with_python_operator_v07' AIRFLOW_CTX_TASK_ID='greet' AIRFLOW_CTX_EXECUTION_DATE='2021-10-14T00:00:00+00:00' AIRFLOW_CTX_TRY_NUMBER='1' AIRFLOW_CTX_DAG_RUN_ID='scheduled__2021-10-14T00:00:00+00:00'
[2024-05-21T14:29:37.632+0000] {taskinstance.py:430} INFO - ::endgroup::
[2024-05-21T14:29:37.649+0000] {logging_mixin.py:188} INFO - some dict:  {'a': 1, 'b': 2}
[2024-05-21T14:29:37.683+0000] {logging_mixin.py:188} INFO - Hello World! My name is Jerry Fridman, and I am 19 years old!
[2024-05-21T14:29:37.685+0000] {python.py:237} INFO - Done. Returned value was: None
[2024-05-21T14:29:37.685+0000] {taskinstance.py:441} INFO - ::group::Post task execution logs
[2024-05-21T14:29:37.699+0000] {taskinstance.py:1206} INFO - Marking task as SUCCESS. dag_id=our_dag_with_python_operator_v07, task_id=greet, run_id=scheduled__2021-10-14T00:00:00+00:00, execution_date=20211014T000000, start_date=20240521T142937, end_date=20240521T142937
[2024-05-21T14:29:37.739+0000] {local_task_job_runner.py:240} INFO - Task exited with return code 0
[2024-05-21T14:29:37.758+0000] {taskinstance.py:3498} INFO - 0 downstream tasks scheduled from follow-on schedule check
[2024-05-21T14:29:37.763+0000] {local_task_job_runner.py:222} INFO - ::endgroup::
